PRT1
278
771
4 0 3 (3072 158 64 ) (3072 158 208 ) (3072 494 208 ) (3072 494 64 ) 
4 1 51 (3082 0 64 ) (3240 0 64 ) (3240 0 66 ) (3082 0 66 ) 
4 1 53 (3072 0 66 ) (3072 0 64 ) (3082 0 64 ) (3082 0 66 ) 
4 1 50 (3189.571533 0 66 ) (3222 0 66 ) (3222 0 76 ) (3189.571533 0 76 ) 
4 1 48 (3072 0 76 ) (3072 0 66 ) (3189.571533 0 66 ) (3189.571533 0 76 ) 
4 1 46 (3072 0 80 ) (3072 0 76 ) (3074.102539 0 76 ) (3074.102539 0 80 ) 
4 1 44 (3074.102539 0 76 ) (3131.836182 0 76 ) (3131.836182 0 80 ) (3074.102539 0 80 ) 
4 1 42 (3131.836182 0 76 ) (3222 0 76 ) (3222 0 80 ) (3131.836182 0 80 ) 
4 1 35 (3211.437744 0 212 ) (3222 0 212 ) (3222 0 216 ) (3211.437744 0 216 ) 
4 1 34 (3134.343506 0 212 ) (3211.437744 0 212 ) (3211.437744 0 216 ) (3134.343506 0 216 ) 
4 1 33 (3099.662598 0 212 ) (3134.343506 0 212 ) (3134.343506 0 216 ) (3099.662598 0 216 ) 
4 1 32 (3072 0 216 ) (3072 0 212 ) (3099.662598 0 212 ) (3099.662598 0 216 ) 
4 1 39 (3072 0 212 ) (3072 0 80 ) (3222 0 80 ) (3222 0 212 ) 
4 1 30 (3222 0 66 ) (3240 0 66 ) (3240 0 104 ) (3222 0 104 ) 
4 1 29 (3240 0 104 ) (3240 0 216 ) (3222 0 216 ) (3222 0 104 ) 
4 1 26 (3240 0 64 ) (3242 0 64 ) (3242 0 216 ) (3240 0 216 ) 
4 1 25 (3098 0 224 ) (3072 0 224 ) (3072 0 216 ) (3098 0 216 ) 
4 1 21 (3146 0 224 ) (3098 0 224 ) (3098 0 216 ) (3146 0 216 ) 
4 1 20 (3242 0 224 ) (3146 0 224 ) (3146 0 216 ) (3242 0 216 ) 
4 1 4 (3072 0 64 ) (3072 0 224 ) (3072 150 224 ) (3072 150 64 ) 
4 2 66 (2830.600098 0 224 ) (2842 0 224 ) (2842 0 228 ) (2830 0 228 ) 
4 2 18 (2842 0 224 ) (2830.599854 0 224 ) (2830.600098 94 224 ) (2842 94 224 ) 
4 3 7 (3058 494 64 ) (3058 159 64 ) (3058 159 160 ) (3058 494 160 ) 
4 3 5 (3058 158 160 ) (3058 158 208 ) (3058 494 208 ) (3058 494 160 ) 
4 4 60 (3072 0 64 ) (3072 0 96 ) (3058 0 96 ) (3058 0 64 ) 
4 4 58 (3072 0 96 ) (3072 0 100 ) (3058 0 100 ) (3058 0 96 ) 
4 4 57 (3072 0 100 ) (3072 0 224 ) (3058 0 224 ) (3058 0 100 ) 
4 4 6 (3058 149 160 ) (3058 149 224 ) (3058 150 224 ) (3058 150 160 ) 
4 4 10 (3058 149 64 ) (3058 0 64 ) (3058 0 224 ) (3058 149 224 ) 
4 5 11 (3010 494 160 ) (3010 158 160 ) (3010 158 208 ) (3010 494 208 ) 
4 5 7 (3010 159 160 ) (3010 494 160 ) (3058 494 160 ) (3058 159 160 ) 
4 6 12 (3010 149 160 ) (3010 149 224 ) (3010 150 224 ) (3010 150 160 ) 
4 6 10 (3010 149 224 ) (3010 149 160 ) (3058 149 160 ) (3058 149 224 ) 
4 7 11 (3010 494 64 ) (3010 159 64 ) (3010 159 160 ) (3010 494 160 ) 
4 7 8 (3057 159 159 ) (3011 159 159 ) (3011 159 64 ) (3057 159 64 ) 
4 9 10 (3011 149 64 ) (3057 149 64 ) (3057 149 159 ) (3011 149 159 ) 
4 10 60 (3010 0 96 ) (3010 0 64 ) (3058 0 64 ) (3058 0 96 ) 
4 10 58 (3010 0 100 ) (3010 0 96 ) (3058 0 96 ) (3058 0 100 ) 
4 10 57 (3058 0 224 ) (3010 0 224 ) (3010 0 100 ) (3058 0 100 ) 
4 10 14 (3010 149 64 ) (3010 0 64 ) (3010 0 96 ) (3010 149 96 ) 
4 10 12 (3010 0 96 ) (3010 0 224 ) (3010 149 224 ) (3010 149 96 ) 
4 12 59 (2874 0 100 ) (2874 0 96 ) (2978 0 96 ) (2978 0 100 ) 
4 12 58 (2978 0 96 ) (3010 0 96 ) (3010 0 100 ) (2978 0 100 ) 
4 12 57 (3010 0 224 ) (2874 0 224 ) (2874 0 100 ) (3010 0 100 ) 
4 12 14 (2874 150 96 ) (3010 150 96 ) (3010 0 96 ) (2874 0 96 ) 
4 12 13 (2874 150 224 ) (2874 150 100 ) (2874 0 100 ) (2874 0 224 ) 
4 13 57 (2874 0 224 ) (2850 0 224 ) (2850 0 100 ) (2874 0 100 ) 
4 13 16 (2850 14 208 ) (2850 94 208 ) (2850 94 192 ) (2850 14 192 ) 
4 14 60 (2867 0 64 ) (3010 0 64 ) (3010 0 96 ) (2867 0 96 ) 
4 14 15 (2867 0 96 ) (2867 150 96 ) (2867 150 72 ) (2867 0 72 ) 
4 15 61 (2867 0 72 ) (2867 0 96 ) (2866 0 96 ) (2866 0 72 ) 
4 16 18 (2842 14 208 ) (2842 94 208 ) (2842 94 192 ) (2842 14 192 ) 
4 17 105 (2048 94 224 ) (2048 152 224 ) (2048 152 64 ) (2048 94 64 ) 
4 17 19 (2048 94 64 ) (2200 94 64 ) (2200 94 224 ) (2048 94 224 ) 
4 18 67 (2842 0 224 ) (2830.599854 0 224 ) (2835.399902 0 192 ) (2842 0 192 ) 
4 19 105 (2048 0 64 ) (2048 0 224 ) (2048 94 224 ) (2048 94 64 ) 
4 19 100 (2048 0 66 ) (2048 0 64 ) (2198 0 64 ) (2198 0 66 ) 
4 19 99 (2144.107178 0 66 ) (2180 0 66 ) (2180 0 76 ) (2144.107178 0 76 ) 
4 19 97 (2048 0 76 ) (2048 0 66 ) (2144.107178 0 66 ) (2144.107178 0 76 ) 
4 19 95 (2180 0 66 ) (2198 0 66 ) (2198 0 76 ) (2180 0 76 ) 
4 19 94 (2088.683594 0 76 ) (2090.991211 0 76 ) (2090.991211 0 80 ) (2088.683594 0 80 ) 
4 19 93 (2048 0 80 ) (2048 0 76 ) (2088.683594 0 76 ) (2088.683594 0 80 ) 
4 19 90 (2090.991211 0 76 ) (2180 0 76 ) (2180 0 80 ) (2090.991211 0 80 ) 
4 19 84 (2164.603027 0 212 ) (2180 0 212 ) (2180 0 216 ) (2164.603027 0 216 ) 
4 19 83 (2091.517578 0 212 ) (2164.603027 0 212 ) (2164.603027 0 216 ) (2091.517578 0 216 ) 
4 19 82 (2058.482178 0 212 ) (2091.517578 0 212 ) (2091.517578 0 216 ) (2058.482178 0 216 ) 
4 19 81 (2048 0 216 ) (2048 0 212 ) (2058.482178 0 212 ) (2058.482178 0 216 ) 
4 19 88 (2048 0 212 ) (2048 0 80 ) (2180 0 80 ) (2180 0 212 ) 
4 19 79 (2180 0 76 ) (2198 0 76 ) (2198 0 104 ) (2180 0 104 ) 
4 19 78 (2198 0 104 ) (2198 0 216 ) (2180 0 216 ) (2180 0 104 ) 
4 19 74 (2198 0 64 ) (2200 0 64 ) (2200 0 216 ) (2198 0 216 ) 
4 19 73 (2056 0 224 ) (2048 0 224 ) (2048 0 216 ) (2056 0 216 ) 
4 19 69 (2104 0 224 ) (2056 0 224 ) (2056 0 216 ) (2104 0 216 ) 
4 19 68 (2200 0 224 ) (2104 0 224 ) (2104 0 216 ) (2200 0 216 ) 
4 20 54 (3240 -168 216 ) (3240 -170 216 ) (3146 -170 216 ) (3146 -168 216 ) 
5 20 35 (3211.437744 0 216 ) (3222 0 216 ) (3222 -88.369667 216 ) (3146 -56.928825 216 ) (3146 -27.071247 216 ) 
3 20 34 (3146 0 216 ) (3211.437744 0 216 ) (3146 -27.071247 216 ) 
4 20 31 (3222 -88.369667 216 ) (3222 -168 216 ) (3146 -168 216 ) (3146 -56.928825 216 ) 
4 20 29 (3222 0 216 ) (3240 0 216 ) (3240 -168 216 ) (3222 -168 216 ) 
4 20 27 (3242 -10 216 ) (3242 -170 216 ) (3240 -170 216 ) (3240 -10 216 ) 
4 20 26 (3240 0 216 ) (3242 0 216 ) (3242 -10 216 ) (3240 -10 216 ) 
4 20 24 (3146 -74 216 ) (3146 -170 216 ) (3146 -170 224 ) (3146 -74 224 ) 
4 20 23 (3146 -10 216 ) (3146 -18 216 ) (3146 -14 224 ) (3146 -10 224 ) 
4 20 22 (3146 -66 216 ) (3146 -74 216 ) (3146 -74 224 ) (3146 -70 224 ) 
4 20 21 (3146 0 216 ) (3146 -10 216 ) (3146 -10 224 ) (3146 0 224 ) 
4 21 34 (3134.343506 0 216 ) (3146 0 216 ) (3146 -10 216 ) (3130.213867 -10 216 ) 
4 21 33 (3099.662598 0 216 ) (3134.343506 0 216 ) (3130.213867 -10 216 ) (3103.791992 -10 216 ) 
4 21 32 (3098 0 216 ) (3099.662598 0 216 ) (3103.791992 -10 216 ) (3098 -10 216 ) 
4 21 25 (3098 0 224 ) (3098 0 216 ) (3098 -10 216 ) (3098 -10 224 ) 
4 21 23 (3098 -10 224 ) (3098 -10 216 ) (3146 -10 216 ) (3146 -10 224 ) 
4 22 31 (3146 -66 216 ) (3146 -74 216 ) (3098 -74 216 ) (3098 -66 216 ) 
4 22 25 (3098 -66 216 ) (3098 -74 216 ) (3098 -74 224 ) (3098 -70 224 ) 
4 22 24 (3098 -74 224 ) (3098 -74 216 ) (3146 -74 216 ) (3146 -74 224 ) 
4 23 34 (3146 -10 216 ) (3146 -18 216 ) (3126.910400 -18 216 ) (3130.213867 -10 216 ) 
4 23 33 (3126.910400 -18 216 ) (3107.095459 -18 216 ) (3103.791992 -10 216 ) (3130.213867 -10 216 ) 
4 23 32 (3107.095459 -18 216 ) (3098 -18 216 ) (3098 -10 216 ) (3103.791992 -10 216 ) 
4 23 25 (3098 -10 216 ) (3098 -18 216 ) (3098 -14 224 ) (3098 -10 224 ) 
4 24 54 (3146 -168 216 ) (3146 -170 216 ) (3098 -170 216 ) (3098 -168 216 ) 
4 24 31 (3146 -74 216 ) (3146 -168 216 ) (3098 -168 216 ) (3098 -74 216 ) 
4 24 25 (3098 -74 216 ) (3098 -170 216 ) (3098 -170 224 ) (3098 -74 224 ) 
4 25 57 (3072 0 224 ) (3072 0 216 ) (3072 -170 216 ) (3072 -170 224 ) 
4 25 54 (3082 -168 216 ) (3098 -168 216 ) (3098 -170 216 ) (3082 -170 216 ) 
4 25 56 (3072 -170 216 ) (3072 -168 216 ) (3082 -168 216 ) (3082 -170 216 ) 
4 25 32 (3072 -26.315216 216 ) (3072 0 216 ) (3098 0 216 ) (3098 -37.071369 216 ) 
4 25 31 (3072 -168 216 ) (3072 -26.315216 216 ) (3098 -37.071369 216 ) (3098 -168 216 ) 
4 26 51 (3240 0 64 ) (3240 -10 64 ) (3240 -10 66 ) (3240 0 66 ) 
4 26 30 (3240 -10 66 ) (3240 -10 104 ) (3240 0 104 ) (3240 0 66 ) 
4 26 29 (3240 -10 104 ) (3240 -10 216 ) (3240 0 216 ) (3240 0 104 ) 
4 26 28 (3240 -10 192 ) (3240 -10 72 ) (3242 -10 72 ) (3242 -10 192 ) 
4 26 27 (3240 -10 216 ) (3240 -10 192 ) (3242 -10 192 ) (3242 -10 216 ) 
4 27 54 (3240 -170 192 ) (3240 -170 216 ) (3240 -168 216 ) (3240 -168 192 ) 
4 27 29 (3240 -168 216 ) (3240 -10 216 ) (3240 -10 192 ) (3240 -168 192 ) 
4 27 28 (3240 -161.110992 192 ) (3240 -10 192 ) (3242 -10 192 ) (3242 -161.110992 192 ) 
3 28 30 (3240 -10 104 ) (3240 -10 72 ) (3240 -50.296268 104 ) 
4 28 29 (3240 -161.110992 192 ) (3240 -10 192 ) (3240 -10 104 ) (3240 -50.296268 104 ) 
3 29 55 (3233.110107 -168 192 ) (3222 -168 192 ) (3222 -168 183.177094 ) 
4 29 54 (3240 -168 192 ) (3240 -168 216 ) (3222 -168 216 ) (3222 -168 192 ) 
4 29 35 (3222 -88.369667 216 ) (3222 0 216 ) (3222 0 212 ) (3222 -88.369667 212 ) 
4 29 31 (3222 -168 212 ) (3222 -168 216 ) (3222 -88.369667 216 ) (3222 -88.369667 212 ) 
4 29 39 (3222 -168 104 ) (3222 -168 212 ) (3222 0 212 ) (3222 0 104 ) 
4 29 30 (3222 -66 104 ) (3222 0 104 ) (3240 0 104 ) (3240 -66 104 ) 
4 30 51 (3222 -10 66 ) (3222 0 66 ) (3240 0 66 ) (3240 -10 66 ) 
4 30 50 (3222 0 66 ) (3222 -18.499014 66 ) (3222 -31 76 ) (3222 0 76 ) 
4 30 42 (3222 -31 76 ) (3222 -36 80 ) (3222 0 80 ) (3222 0 76 ) 
4 30 39 (3222 -36 80 ) (3222 -66 104 ) (3222 0 104 ) (3222 0 80 ) 
4 31 57 (3072 -26.315203 212 ) (3072 -168 212 ) (3072 -168 216 ) (3072 -26.315216 216 ) 
4 31 54 (3222 -168 216 ) (3082 -168 216 ) (3082 -168 212 ) (3222 -168 212 ) 
4 31 56 (3082 -168 216 ) (3072 -168 216 ) (3072 -168 212 ) (3082 -168 212 ) 
4 31 36 (3124.506348 -48.038322 212 ) (3121.998291 -47 212 ) (3121.998535 -47 216 ) (3124.506348 -48.038155 216 ) 
4 31 35 (3222 -88.371094 216 ) (3222 -88.371094 212 ) (3124.506348 -48.038322 212 ) (3124.506348 -48.038155 216 ) 
4 31 32 (3118.468262 -45.540371 212 ) (3072 -26.316673 212 ) (3072 -26.316406 216 ) (3118.468018 -45.540100 216 ) 
4 31 39 (3222 -88.369667 212 ) (3222 -168 212 ) (3072 -168 212 ) (3072 -26.315216 212 ) 
4 32 57 (3072 0 216 ) (3072 0 212 ) (3072 -26.315203 212 ) (3072 -26.315216 216 ) 
4 32 33 (3117.003662 -41.990936 212 ) (3099.663818 0 212 ) (3099.664062 0 216 ) (3117.003662 -41.990913 216 ) 
4 32 39 (3072 0 212 ) (3099.662598 0 212 ) (3118.467285 -45.538570 212 ) (3072 -26.315216 212 ) 
4 33 34 (3118.460449 -38.464409 212 ) (3134.343994 0 212 ) (3134.343994 0 216 ) (3118.460449 -38.464409 216 ) 
3 33 39 (3099.662598 0 212 ) (3134.343506 0 212 ) (3117.002930 -41.992672 212 ) 
4 34 37 (3122 -37 212 ) (3130.520020 -33.475365 212 ) (3130.520020 -33.475361 216 ) (3122 -37 216 ) 
4 34 35 (3130.520020 -33.475365 212 ) (3211.437988 0 212 ) (3211.437988 0 216 ) (3130.520020 -33.475361 216 ) 
3 34 39 (3134.343506 0 212 ) (3211.437744 0 212 ) (3118.459717 -38.464657 212 ) 
4 35 38 (3128.034668 -39.496517 212 ) (3127 -42 212 ) (3127 -42 216 ) (3128.034668 -39.496517 216 ) 
4 35 37 (3130.520508 -33.476562 216 ) (3130.520508 -33.476562 212 ) (3128.034668 -39.496517 212 ) (3128.034668 -39.496517 216 ) 
4 35 36 (3125.541016 -45.535091 212 ) (3124.507568 -48.037388 212 ) (3124.507568 -48.037388 216 ) (3125.541016 -45.535091 216 ) 
5 35 39 (3211.437744 0 212 ) (3222 0 212 ) (3222 -88.369667 212 ) (3124.507080 -48.037170 212 ) (3130.520020 -33.475368 212 ) 
3 36 39 (3124.507080 -48.037170 212 ) (3122 -47 212 ) (3125.540039 -45.535507 212 ) 
4 37 38 (3125.540527 -38.465553 212 ) (3128.032471 -39.496315 212 ) (3128.032471 -39.496315 216 ) (3125.540527 -38.465553 216 ) 
3 37 39 (3122 -37 212 ) (3130.520020 -33.475368 212 ) (3128.033936 -39.496243 212 ) 
3 38 39 (3125.540039 -38.464527 212 ) (3128.033936 -39.496243 212 ) (3127 -42 212 ) 
4 39 64 (3072 -154 80 ) (3072 -168 80 ) (3072 -168 96 ) (3072 -154 96 ) 
4 39 62 (3072 -153 80 ) (3072 -154 80 ) (3072 -154 96 ) (3072 -153 96 ) 
4 39 60 (3072 0 96 ) (3072 0 80 ) (3072 -153 80 ) (3072 -153 96 ) 
4 39 58 (3072 0 100 ) (3072 0 96 ) (3072 -168 96 ) (3072 -168 100 ) 
4 39 57 (3072 0 212 ) (3072 0 100 ) (3072 -168 100 ) (3072 -168 212 ) 
5 39 55 (3082 -168 80 ) (3092.073975 -168 80 ) (3222 -168 183.177094 ) (3222 -168 192 ) (3082 -168 192 ) 
4 39 54 (3222 -168 192 ) (3222 -168 212 ) (3082 -168 212 ) (3082 -168 192 ) 
4 39 56 (3072 -168 212 ) (3072 -168 80 ) (3082 -168 80 ) (3082 -168 212 ) 
5 39 46 (3102.229980 -52.732056 80 ) (3072 -0.372070 80 ) (3072 0 80 ) (3074.102539 0 80 ) (3103.969971 -51.732182 80 ) 
4 39 45 (3192.539551 -109.138191 80 ) (3150.969482 -133.138199 80 ) (3104.969971 -53.464157 80 ) (3146.540039 -29.464151 80 ) 
4 39 44 (3074.102539 0 80 ) (3131.836182 0 80 ) (3147.270508 -26.733078 80 ) (3103.969971 -51.732101 80 ) 
4 39 43 (3150.230225 -135.870987 80 ) (3094.325928 -168 80 ) (3072 -168 80 ) (3072 -0.372070 80 ) 
4 39 42 (3222 0 80 ) (3222 -94.419952 80 ) (3195.270020 -109.871010 80 ) (3131.836182 0 80 ) 
3 39 41 (3160.745850 -129.827438 80 ) (3094.708008 -168 80 ) (3094.325928 -168 80 ) 
3 39 40 (3222 -94.419952 80 ) (3222 -168 80 ) (3094.708008 -168 80 ) 
4 40 50 (3222 -94.419952 76 ) (3222 -96.747368 76 ) (3198 -110.603012 76 ) (3197 -108.871002 76 ) 
4 40 49 (3149.500000 -138.602997 76 ) (3098.580078 -168 76 ) (3094.708008 -168 76 ) (3148.515137 -136.897202 76 ) 
3 40 47 (3222 -96.747368 76 ) (3222 -168 76 ) (3098.580078 -168 76 ) 
4 40 42 (3222 -94.419922 76 ) (3195.270020 -109.871040 76 ) (3195.269287 -109.869781 80 ) (3222 -94.417969 80 ) 
4 40 41 (3160.745850 -129.827423 76 ) (3094.708008 -168 76 ) (3094.707031 -168 80 ) (3160.357666 -130.050507 80 ) 
3 41 49 (3160.745850 -129.827438 76 ) (3094.708008 -168 76 ) (3094.325928 -168 76 ) 
4 41 43 (3150.230225 -135.871399 76 ) (3094.326904 -168 76 ) (3094.328125 -168 80 ) (3150.230469 -135.871475 80 ) 
5 42 50 (3189.571533 0 76 ) (3222 0 76 ) (3222 -94.419952 76 ) (3197 -108.870972 76 ) (3148 -24 76 ) 
3 42 48 (3131.836182 0 76 ) (3189.571533 0 76 ) (3146.269531 -25 76 ) 
4 42 44 (3131.833984 0 76 ) (3147.269043 -26.733881 76 ) (3147.269775 -26.733505 80 ) (3131.835205 0 80 ) 
4 43 64 (3072 -154 76 ) (3072 -168 76 ) (3072 -168 80 ) (3072 -154 80 ) 
4 43 62 (3072 -153 76 ) (3072 -154 76 ) (3072 -154 80 ) (3072 -153 80 ) 
4 43 60 (3072 -0.372071 76 ) (3072 -153 76 ) (3072 -153 80 ) (3072 -0.372070 80 ) 
4 43 55 (3082 -168 76 ) (3087.037109 -168 76 ) (3092.073975 -168 80 ) (3082 -168 80 ) 
4 43 56 (3072 -168 80 ) (3072 -168 76 ) (3082 -168 76 ) (3082 -168 80 ) 
5 43 49 (3148.497559 -136.866714 76 ) (3094.325928 -168 76 ) (3072 -168 76 ) (3072 -67.876381 76 ) (3099.500000 -52 76 ) 
3 43 48 (3072 -67.876381 76 ) (3072 -0.372070 76 ) (3101.230469 -51 76 ) 
4 43 46 (3102.229492 -52.732285 76 ) (3072 -0.372894 76 ) (3072 -0.371094 80 ) (3102.229980 -52.732029 80 ) 
4 44 48 (3074.102539 0 76 ) (3131.836182 0 76 ) (3146.269531 -25 76 ) (3102.968506 -49.997616 76 ) 
4 44 46 (3074.099609 0 76 ) (3103.968262 -51.733059 76 ) (3103.969238 -51.732544 80 ) (3074.101562 0 80 ) 
4 46 60 (3072 0 80 ) (3072 0 76 ) (3072 -0.372071 76 ) (3072 -0.372070 80 ) 
5 46 48 (3072 0 76 ) (3074.102539 0 76 ) (3102.968506 -49.997593 76 ) (3101.230469 -51.001057 76 ) (3072 -0.372070 76 ) 
4 47 50 (3198 -110.602112 76 ) (3222 -96.746094 76 ) (3222 -96.746094 66 ) (3198 -110.602112 66 ) 
4 47 49 (3098.578125 -168 76 ) (3149.499512 -138.602112 76 ) (3149.499512 -138.602112 66 ) (3098.578125 -168 66 ) 
4 48 60 (3072 0 76 ) (3072 0 66 ) (3072 -67.876404 66 ) (3072 -67.876404 76 ) 
3 48 52 (3082 -26 66 ) (3082 -10 66 ) (3098 -10 66 ) 
4 48 51 (3082 0 66 ) (3189.571533 0 66 ) (3172.250000 -10 66 ) (3082 -10 66 ) 
4 48 53 (3072 -67.876404 66 ) (3072 0 66 ) (3082 0 66 ) (3082 -62.103207 66 ) 
4 48 50 (3148 -24 66 ) (3189.569824 0 66 ) (3189.569580 0 76 ) (3148 -24 76 ) 
4 48 49 (3072 -67.875473 66 ) (3099.499512 -52 66 ) (3099.499512 -52 76 ) (3072 -67.875221 76 ) 
4 49 64 (3072 -154 66 ) (3072 -168 66 ) (3072 -168 76 ) (3072 -154 76 ) 
4 49 62 (3072 -153 66 ) (3072 -154 66 ) (3072 -154 76 ) (3072 -153 76 ) 
4 49 60 (3072 -67.876404 66 ) (3072 -153 66 ) (3072 -153 76 ) (3072 -67.876404 76 ) 
3 49 55 (3087.037109 -168 76 ) (3082 -168 76 ) (3082 -168 72 ) 
4 49 56 (3072 -168 76 ) (3072 -168 66 ) (3082 -168 66 ) (3082 -168 76 ) 
4 49 53 (3082 -168 66 ) (3072 -168 66 ) (3072 -67.876404 66 ) (3082 -62.103222 66 ) 
4 50 51 (3172.250244 -10 66 ) (3189.571533 0 66 ) (3222 0 66 ) (3222 -10 66 ) 
4 51 52 (3082 -10 66 ) (3082 -10 64 ) (3098 -10 64 ) (3098 -10 66 ) 
4 51 53 (3082 0 64 ) (3082 -10 64 ) (3082 -10 66 ) (3082 0 66 ) 
4 52 53 (3082 -10 64 ) (3082 -26 64 ) (3082 -26 66 ) (3082 -10 66 ) 
4 53 64 (3072 -154 64 ) (3072 -168 64 ) (3072 -168 66 ) (3072 -154 66 ) 
4 53 62 (3072 -153 64 ) (3072 -154 64 ) (3072 -154 66 ) (3072 -153 66 ) 
4 53 60 (3072 0 66 ) (3072 0 64 ) (3072 -153 64 ) (3072 -153 66 ) 
4 53 56 (3072 -168 64 ) (3082 -168 64 ) (3082 -168 66 ) (3072 -168 66 ) 
4 54 55 (3233.110107 -170 192 ) (3082 -170 192 ) (3082 -168 192 ) (3233.110107 -168 192 ) 
4 54 56 (3082 -168 216 ) (3082 -168 192 ) (3082 -170 192 ) (3082 -170 216 ) 
4 55 56 (3082 -168 192 ) (3082 -168 72 ) (3082 -170 72 ) (3082 -170 192 ) 
4 56 64 (3072 -168 64 ) (3072 -170 64 ) (3072 -170 96 ) (3072 -168 96 ) 
4 56 58 (3072 -170 96 ) (3072 -170 100 ) (3072 -168 100 ) (3072 -168 96 ) 
4 56 57 (3072 -170 100 ) (3072 -170 216 ) (3072 -168 216 ) (3072 -168 100 ) 
4 57 65 (2850 -114 208 ) (2850 -34 208 ) (2850 -34 192 ) (2850 -114 192 ) 
4 57 59 (2874 -146 100 ) (2874 0 100 ) (2978 0 100 ) (2978 -146 100 ) 
4 57 58 (3072 -170 100 ) (2978 -170 100 ) (2978 0 100 ) (3072 0 100 ) 
4 58 64 (3072 -170 96 ) (2978 -170 96 ) (2978 -154 96 ) (3072 -154 96 ) 
4 58 62 (2978 -154 96 ) (2978 -153 96 ) (3072 -153 96 ) (3072 -154 96 ) 
4 58 60 (2978 -153 96 ) (2978 0 96 ) (3072 0 96 ) (3072 -153 96 ) 
4 58 59 (2978 0 96 ) (2978 -146 96 ) (2978 -146 100 ) (2978 0 100 ) 
4 59 60 (2874 -146 96 ) (2874 0 96 ) (2978 0 96 ) (2978 -146 96 ) 
4 60 63 (2977.209961 -153 72 ) (2977.209961 -153 96 ) (2867 -153 96 ) (2867 -153 72 ) 
4 60 62 (2977.209961 -153 64 ) (3072 -153 64 ) (3072 -153 96 ) (2977.209961 -153 96 ) 
4 60 61 (2867 -153 72 ) (2867 -153 96 ) (2867 0 96 ) (2867 0 72 ) 
4 61 63 (2866 -153 96 ) (2866 -153 72 ) (2867 -153 72 ) (2867 -153 96 ) 
4 62 64 (2978 -154 64 ) (3072 -154 64 ) (3072 -154 96 ) (2978 -154 96 ) 
4 62 63 (2977.209961 -153 96 ) (2977.209961 -153 72 ) (2977.209961 -154 72 ) (2977.209961 -154 96 ) 
4 65 67 (2842 -34 192 ) (2842 -114 192 ) (2842 -114 208 ) (2842 -34 208 ) 
4 66 67 (2842 -114 224 ) (2830.599854 -114 224 ) (2830.599854 0 224 ) (2842 0 224 ) 
4 68 102 (2200 -166 216 ) (2200 -168 216 ) (2104 -168 216 ) (2104 -166 216 ) 
5 68 84 (2164.603027 0 216 ) (2180 0 216 ) (2180 -86.369667 216 ) (2104 -54.928741 216 ) (2104 -25.071245 216 ) 
3 68 83 (2104 0 216 ) (2164.603027 0 216 ) (2104 -25.071245 216 ) 
4 68 80 (2180 -86.369667 216 ) (2180 -166 216 ) (2104 -166 216 ) (2104 -54.928741 216 ) 
4 68 78 (2180 0 216 ) (2198 0 216 ) (2198 -166 216 ) (2180 -166 216 ) 
4 68 75 (2200 -8 216 ) (2200 -166 216 ) (2198 -166 216 ) (2198 -8 216 ) 
4 68 74 (2198 0 216 ) (2200 0 216 ) (2200 -8 216 ) (2198 -8 216 ) 
4 68 72 (2104 -72 216 ) (2104 -168 216 ) (2104 -168 224 ) (2104 -72 224 ) 
4 68 71 (2104 -64 216 ) (2104 -72 216 ) (2104 -72 224 ) (2104 -68 224 ) 
4 68 70 (2104 -8 216 ) (2104 -16 216 ) (2104 -12 224 ) (2104 -8 224 ) 
4 68 69 (2104 0 216 ) (2104 -8 216 ) (2104 -8 224 ) (2104 0 224 ) 
4 69 83 (2091.517578 0 216 ) (2104 0 216 ) (2104 -8 216 ) (2088.214111 -8 216 ) 
4 69 82 (2058.482178 0 216 ) (2091.517578 0 216 ) (2088.214111 -8 216 ) (2061.785889 -8 216 ) 
4 69 81 (2056 0 216 ) (2058.482178 0 216 ) (2061.785889 -8 216 ) (2056 -8 216 ) 
4 69 73 (2056 0 224 ) (2056 0 216 ) (2056 -8 216 ) (2056 -8 224 ) 
4 69 70 (2056 -8 224 ) (2056 -8 216 ) (2104 -8 216 ) (2104 -8 224 ) 
4 70 83 (2104 -8 216 ) (2104 -16 216 ) (2084.910645 -16 216 ) (2088.214111 -8 216 ) 
4 70 82 (2084.910645 -16 216 ) (2065.089355 -16 216 ) (2061.785889 -8 216 ) (2088.214111 -8 216 ) 
4 70 81 (2065.089355 -16 216 ) (2056 -16 216 ) (2056 -8 216 ) (2061.785889 -8 216 ) 
4 70 73 (2056 -8 216 ) (2056 -16 216 ) (2056 -12 224 ) (2056 -8 224 ) 
4 71 80 (2104 -64 216 ) (2104 -72 216 ) (2056 -72 216 ) (2056 -64 216 ) 
4 71 73 (2056 -64 216 ) (2056 -72 216 ) (2056 -72 224 ) (2056 -68 224 ) 
4 71 72 (2056 -72 224 ) (2056 -72 216 ) (2104 -72 216 ) (2104 -72 224 ) 
4 72 102 (2104 -166 216 ) (2104 -168 216 ) (2056 -168 216 ) (2056 -166 216 ) 
4 72 80 (2104 -72 216 ) (2104 -166 216 ) (2056 -166 216 ) (2056 -72 216 ) 
4 72 73 (2056 -72 216 ) (2056 -168 216 ) (2056 -168 224 ) (2056 -72 224 ) 
4 73 179 (2048 -168 224 ) (2048 0 224 ) (2048 0 216 ) (2048 -168 216 ) 
4 73 102 (2048 -168 216 ) (2048 -166 216 ) (2056 -166 216 ) (2056 -168 216 ) 
4 73 81 (2048 -31.761780 216 ) (2048 0 216 ) (2056 0 216 ) (2056 -35.071381 216 ) 
4 73 80 (2048 -166 216 ) (2048 -31.761780 216 ) (2056 -35.071381 216 ) (2056 -166 216 ) 
4 74 100 (2198 0 64 ) (2198 -8 64 ) (2198 -8 66 ) (2198 0 66 ) 
4 74 95 (2198 -8 66 ) (2198 -8 76 ) (2198 0 76 ) (2198 0 66 ) 
4 74 79 (2198 -8 76 ) (2198 -8 104 ) (2198 0 104 ) (2198 0 76 ) 
4 74 78 (2198 -8 104 ) (2198 -8 216 ) (2198 0 216 ) (2198 0 104 ) 
4 74 77 (2198 -8 104 ) (2198 -8 72 ) (2200 -8 72 ) (2200 -8 104 ) 
4 74 76 (2198 -8 192 ) (2198 -8 104 ) (2200 -8 104 ) (2200 -8 192 ) 
4 74 75 (2198 -8 216 ) (2198 -8 192 ) (2200 -8 192 ) (2200 -8 216 ) 
4 75 102 (2200 -166 192 ) (2200 -166 216 ) (2198 -166 216 ) (2198 -166 192 ) 
4 75 78 (2198 -166 192 ) (2198 -166 216 ) (2198 -8 216 ) (2198 -8 192 ) 
4 75 76 (2198 -159.110992 192 ) (2198 -8 192 ) (2200 -8 192 ) (2200 -159.110992 192 ) 
4 76 78 (2198 -159.110992 192 ) (2198 -8 192 ) (2198 -8 104 ) (2198 -48.296268 104 ) 
4 76 77 (2198 -48.296265 104 ) (2198 -8 104 ) (2200 -8 104 ) (2200 -48.296268 104 ) 
3 77 95 (2198 -8 76 ) (2198 -8 72 ) (2198 -13.037033 76 ) 
4 77 79 (2198 -48.296265 104 ) (2198 -8 104 ) (2198 -8 76 ) (2198 -13.037033 76 ) 
3 78 103 (2191.110107 -166 192 ) (2180 -166 192 ) (2180 -166 183.177094 ) 
4 78 102 (2198 -166 192 ) (2198 -166 216 ) (2180 -166 216 ) (2180 -166 192 ) 
4 78 84 (2180 -86.369675 216 ) (2180 0 216 ) (2180 0 212 ) (2180 -86.369667 212 ) 
4 78 80 (2180 -166 212 ) (2180 -166 216 ) (2180 -86.369675 216 ) (2180 -86.369667 212 ) 
4 78 88 (2180 -166 104 ) (2180 -166 212 ) (2180 0 212 ) (2180 0 104 ) 
4 78 79 (2180 -64 104 ) (2180 0 104 ) (2198 0 104 ) (2198 -64 104 ) 
4 79 95 (2198 0 76 ) (2198 -29 76 ) (2180 -29 76 ) (2180 0 76 ) 
4 79 90 (2180 0 76 ) (2180 -29 76 ) (2180 -34 80 ) (2180 0 80 ) 
4 79 88 (2180 -34 80 ) (2180 -64 104 ) (2180 0 104 ) (2180 0 80 ) 
4 80 179 (2048 -166 216 ) (2048 -31.761780 216 ) (2048 -31.761787 212 ) (2048 -166 212 ) 
4 80 102 (2180 -166 216 ) (2048 -166 216 ) (2048 -166 212 ) (2180 -166 212 ) 
4 80 85 (2082.506592 -46.038410 212 ) (2079.998291 -45 212 ) (2080 -45 216 ) (2082.506836 -46.037426 216 ) 
4 80 84 (2180 -86.371094 216 ) (2180 -86.371094 212 ) (2082.506592 -46.038410 212 ) (2082.506836 -46.037426 216 ) 
4 80 81 (2076.460693 -43.537289 212 ) (2048 -31.763203 212 ) (2048 -31.761719 216 ) (2076.460205 -43.535870 216 ) 
4 80 88 (2180 -86.369667 212 ) (2180 -166 212 ) (2048 -166 212 ) (2048 -31.761780 212 ) 
4 81 179 (2048 -31.761780 216 ) (2048 0 216 ) (2048 0 212 ) (2048 -31.761787 212 ) 
4 81 82 (2075 -40 212 ) (2058.482178 0 212 ) (2058.484375 0 216 ) (2075 -40 216 ) 
4 81 88 (2048 0 212 ) (2058.482178 0 212 ) (2076.459961 -43.535603 212 ) (2048 -31.761780 212 ) 
4 82 83 (2076.458984 -36.464855 212 ) (2091.516846 0 212 ) (2091.516846 0 216 ) (2076.458984 -36.464855 216 ) 
3 82 88 (2058.482178 0 212 ) (2091.517578 0 212 ) (2075 -40 212 ) 
4 83 86 (2080.001221 -35 212 ) (2088.519775 -31.476337 212 ) (2088.519775 -31.476337 216 ) (2080.001221 -35 216 ) 
4 83 84 (2088.519775 -31.476337 212 ) (2164.605469 0 212 ) (2164.605469 0 216 ) (2088.519775 -31.476337 216 ) 
3 83 88 (2091.517578 0 212 ) (2164.603027 0 212 ) (2076.459961 -36.464481 212 ) 
4 84 87 (2086.033936 -37.496262 212 ) (2085 -40 212 ) (2085 -40 216 ) (2086.033936 -37.496262 216 ) 
4 84 86 (2088.520508 -31.474615 216 ) (2088.520508 -31.474615 212 ) (2086.033936 -37.496262 212 ) (2086.033936 -37.496262 216 ) 
4 84 85 (2083.540283 -43.535393 212 ) (2082.507324 -46.037262 212 ) (2082.507324 -46.037262 216 ) (2083.540283 -43.535393 216 ) 
5 84 88 (2164.603027 0 212 ) (2180 0 212 ) (2180 -86.369667 212 ) (2082.506836 -46.037189 212 ) (2088.520020 -31.475250 212 ) 
3 85 88 (2082.506836 -46.037189 212 ) (2080 -45 212 ) (2083.539795 -43.535610 212 ) 
4 86 87 (2083.539062 -36.462002 212 ) (2086.034668 -37.494366 212 ) (2086.034668 -37.494366 216 ) (2083.539062 -36.462002 216 ) 
3 86 88 (2080 -35 212 ) (2088.520020 -31.475250 212 ) (2086.033691 -37.496151 212 ) 
3 87 88 (2083.540039 -36.464523 212 ) (2086.033691 -37.496151 212 ) (2085 -40 212 ) 
4 88 182 (2048 0 96 ) (2048 0 80 ) (2048 -166 80 ) (2048 -166 96 ) 
4 88 180 (2048 0 100 ) (2048 0 96 ) (2048 -166 96 ) (2048 -166 100 ) 
4 88 179 (2048 0 212 ) (2048 0 100 ) (2048 -166 100 ) (2048 -166 212 ) 
5 88 103 (2048 -166 192 ) (2048 -166 80 ) (2050.073975 -166 80 ) (2180 -166 183.177094 ) (2180 -166 192 ) 
4 88 102 (2048 -166 212 ) (2048 -166 192 ) (2180 -166 192 ) (2180 -166 212 ) 
4 88 94 (2088.683594 0 80 ) (2090.991211 0 80 ) (2105.274414 -24.739288 80 ) (2103.544189 -25.739311 80 ) 
5 88 93 (2060.229980 -50.732193 80 ) (2048 -29.549210 80 ) (2048 0 80 ) (2088.683594 0 80 ) (2103.587402 -25.814024 80 ) 
4 88 92 (2062.969971 -51.464165 80 ) (2104.540039 -27.464149 80 ) (2150.539795 -107.138222 80 ) (2108.969727 -131.138260 80 ) 
4 88 91 (2108.249023 -133.904282 80 ) (2052.724121 -166 80 ) (2048 -166 80 ) (2048 -29.549210 80 ) 
4 88 90 (2180 0 80 ) (2180 -92.429237 80 ) (2153.274170 -107.877914 80 ) (2090.991211 0 80 ) 
3 88 89 (2180 -92.429237 80 ) (2180 -166 80 ) (2052.724121 -166 80 ) 
4 89 99 (2155.003906 -106.877991 76 ) (2180 -92.429237 76 ) (2180 -94.747345 76 ) (2156 -108.603043 76 ) 
4 89 98 (2056.580322 -166 76 ) (2052.724121 -166 76 ) (2106.519287 -134.904175 76 ) (2107.500000 -136.603012 76 ) 
3 89 96 (2180 -166 76 ) (2056.580322 -166 76 ) (2180 -94.747345 76 ) 
4 89 91 (2052.722656 -166 80 ) (2108.249023 -133.904083 80 ) (2108.249268 -133.904556 76 ) (2052.724854 -166 76 ) 
4 89 90 (2153.274170 -107.878098 80 ) (2180 -92.429688 80 ) (2180 -92.429688 76 ) (2153.274170 -107.878281 76 ) 
5 90 99 (2144.107178 0 76 ) (2180 0 76 ) (2180 -92.429237 76 ) (2155.003906 -106.877991 76 ) (2106 -22 76 ) 
3 90 97 (2090.991211 0 76 ) (2144.107178 0 76 ) (2104.269531 -23 76 ) 
4 90 94 (2090.992188 0 76 ) (2105.275146 -24.738852 76 ) (2105.275146 -24.738853 80 ) (2090.992188 0 80 ) 
4 91 182 (2048 -29.549202 76 ) (2048 -166 76 ) (2048 -166 80 ) (2048 -29.549210 80 ) 
3 91 103 (2048 -166 80 ) (2048 -166 78.352989 ) (2050.073975 -166 80 ) 
5 91 98 (2052.724121 -166 76 ) (2048 -166 76 ) (2048 -55.484528 76 ) (2057.500000 -50 76 ) (2106.519287 -134.904144 76 ) 
3 91 97 (2048 -55.484528 76 ) (2048 -29.549210 76 ) (2059.230469 -49 76 ) 
4 91 93 (2060.231445 -50.731377 76 ) (2048 -29.545677 76 ) (2048 -29.548973 80 ) (2060.230225 -50.732010 80 ) 
4 93 182 (2048 0 80 ) (2048 0 76 ) (2048 -29.549202 76 ) (2048 -29.549210 80 ) 
5 93 97 (2048 -29.549210 76 ) (2048 0 76 ) (2088.683594 0 76 ) (2102.539062 -23.998142 76 ) (2059.230469 -49 76 ) 
4 93 94 (2103.587402 -25.814045 76 ) (2088.683838 0 76 ) (2088.685547 0 80 ) (2103.588379 -25.813389 80 ) 
4 94 97 (2088.683594 0 76 ) (2090.991211 0 76 ) (2104.269775 -22.998995 76 ) (2102.539062 -23.998266 76 ) 
4 95 100 (2180 0 66 ) (2198 0 66 ) (2198 -8 66 ) (2180 -8 66 ) 
4 95 99 (2180 0 66 ) (2180 -16.499014 66 ) (2180 -29 76 ) (2180 0 76 ) 
4 96 99 (2180 -94.747070 76 ) (2180 -94.747070 66 ) (2156 -108.602867 66 ) (2156 -108.602753 76 ) 
4 96 98 (2107.499756 -136.602844 66 ) (2056.579834 -166 66 ) (2056.578125 -166 76 ) (2107.499756 -136.602371 76 ) 
4 97 182 (2048 0 76 ) (2048 0 66 ) (2048 -55.484577 66 ) (2048 -55.484573 76 ) 
3 97 101 (2048 -16 66 ) (2048 -8 66 ) (2056 -8 66 ) 
4 97 100 (2048 0 66 ) (2144.107178 0 66 ) (2130.250000 -8 66 ) (2048 -8 66 ) 
4 97 99 (2106 -22 66 ) (2144.105469 0 66 ) (2144.105469 0 76 ) (2106 -22 76 ) 
4 97 98 (2048 -55.483681 66 ) (2057.499756 -50 66 ) (2057.499756 -50 76 ) (2048 -55.483536 76 ) 
4 98 182 (2048 -55.484577 66 ) (2048 -166 66 ) (2048 -166 76 ) (2048 -55.484573 76 ) 
4 99 100 (2144.107178 0 66 ) (2180 0 66 ) (2180 -8 66 ) (2130.250000 -8 66 ) 
4 100 183 (2048 0 66 ) (2048 0 64 ) (2048 -8 64 ) (2048 -8 66 ) 
4 100 101 (2048 -8 64 ) (2056 -8 64 ) (2056 -8 66 ) (2048 -8 66 ) 
4 101 183 (2048 -8 64 ) (2048 -16 64 ) (2048 -16 66 ) (2048 -8 66 ) 
4 102 179 (2048 -168 216 ) (2048 -166 216 ) (2048 -166 192 ) (2048 -168 192 ) 
4 102 103 (2191.110107 -168 192 ) (2048 -168 192 ) (2048 -166 192 ) (2191.110107 -166 192 ) 
4 103 184 (2048 -166 96 ) (2048 -166 78.352882 ) (2048 -168 78.352882 ) (2048 -168 96 ) 
4 103 180 (2048 -166 100 ) (2048 -166 96 ) (2048 -168 96 ) (2048 -168 100 ) 
4 103 179 (2048 -166 192 ) (2048 -166 100 ) (2048 -168 100 ) (2048 -168 192 ) 
4 104 108 (2016 496 64 ) (2016 161 64 ) (2016 161 160 ) (2016 496 160 ) 
4 104 106 (2016 160 160 ) (2016 160 208 ) (2016 496 208 ) (2016 496 160 ) 
4 105 185 (2040 0 96 ) (2016 0 96 ) (2016 0 64 ) (2040 0 64 ) 
4 105 183 (2048 0 64 ) (2048 0 66 ) (2040 0 66 ) (2040 0 64 ) 
4 105 182 (2048 0 66 ) (2048 0 96 ) (2040 0 96 ) (2040 0 66 ) 
4 105 180 (2048 0 96 ) (2048 0 100 ) (2016 0 100 ) (2016 0 96 ) 
4 105 179 (2048 0 100 ) (2048 0 224 ) (2016 0 224 ) (2016 0 100 ) 
4 105 107 (2016 151 160 ) (2016 151 224 ) (2016 152 224 ) (2016 152 160 ) 
4 105 111 (2016 151 64 ) (2016 0 64 ) (2016 0 224 ) (2016 151 224 ) 
4 106 112 (1968 496 160 ) (1968 160 160 ) (1968 160 208 ) (1968 496 208 ) 
4 106 108 (1968 161 160 ) (1968 496 160 ) (2016 496 160 ) (2016 161 160 ) 
4 107 113 (1968 151 160 ) (1968 151 224 ) (1968 152 224 ) (1968 152 160 ) 
4 107 111 (1968 151 224 ) (1968 151 160 ) (2016 151 160 ) (2016 151 224 ) 
4 108 112 (1968 496 64 ) (1968 161 64 ) (1968 161 160 ) (1968 496 160 ) 
4 108 109 (2015 161 159 ) (1969 161 159 ) (1969 161 64 ) (2015 161 64 ) 
4 110 111 (1969 151 64 ) (2015 151 64 ) (2015 151 159 ) (1969 151 159 ) 
4 111 185 (1968 0 96 ) (1968 0 64 ) (2016 0 64 ) (2016 0 96 ) 
4 111 180 (1968 0 100 ) (1968 0 96 ) (2016 0 96 ) (2016 0 100 ) 
4 111 179 (2016 0 224 ) (1968 0 224 ) (1968 0 100 ) (2016 0 100 ) 
4 111 115 (1968 151 64 ) (1968 0 64 ) (1968 0 96 ) (1968 151 96 ) 
4 111 113 (1968 0 96 ) (1968 0 224 ) (1968 151 224 ) (1968 151 96 ) 
4 113 181 (1832 0 100 ) (1832 0 96 ) (1936 0 96 ) (1936 0 100 ) 
4 113 180 (1936 0 96 ) (1968 0 96 ) (1968 0 100 ) (1936 0 100 ) 
4 113 179 (1968 0 224 ) (1832 0 224 ) (1832 0 100 ) (1968 0 100 ) 
4 113 115 (1832 152 96 ) (1968 152 96 ) (1968 0 96 ) (1832 0 96 ) 
4 113 114 (1832 152 224 ) (1832 152 100 ) (1832 0 100 ) (1832 0 224 ) 
4 114 179 (1832 0 224 ) (1808 0 224 ) (1808 0 100 ) (1832 0 100 ) 
4 114 117 (1808 16 208 ) (1808 96 208 ) (1808 96 192 ) (1808 16 192 ) 
4 115 185 (1825 0 64 ) (1968 0 64 ) (1968 0 96 ) (1825 0 96 ) 
4 115 116 (1825 0 96 ) (1825 152 96 ) (1825 152 72 ) (1825 0 72 ) 
4 116 186 (1825 0 72 ) (1825 0 96 ) (1824 0 96 ) (1824 0 72 ) 
4 117 120 (1800 16 208 ) (1800 96 208 ) (1800 96 192 ) (1800 16 192 ) 
4 118 191 (1788.600098 0 224 ) (1800 0 224 ) (1800 0 228 ) (1788 0 228 ) 
4 118 120 (1788.600098 96 224 ) (1800 96 224 ) (1800 0 224 ) (1788.600098 0 224 ) 
4 119 137 (1024 96 224 ) (1024 152 224 ) (1024 152 64 ) (1024 96 64 ) 
4 119 121 (1024 96 64 ) (1168 96 64 ) (1168 96 224 ) (1024 96 224 ) 
4 120 192 (1800 0 192 ) (1800 0 224 ) (1788.600098 0 224 ) (1793.400146 0 192 ) 
4 121 226 (1024 0 66 ) (1024 0 64 ) (1166 0 64 ) (1166 0 66 ) 
4 121 225 (1112.107056 0 66 ) (1148 0 66 ) (1148 0 76 ) (1112.107056 0 76 ) 
4 121 223 (1024 0 76 ) (1024 0 66 ) (1112.107056 0 66 ) (1112.107056 0 76 ) 
4 121 221 (1148 0 66 ) (1166 0 66 ) (1166 0 76 ) (1148 0 76 ) 
4 121 220 (1056.683716 0 76 ) (1058.990967 0 76 ) (1058.990967 0 80 ) (1056.683716 0 80 ) 
4 121 218 (1024 0 80 ) (1024 0 76 ) (1056.683716 0 76 ) (1056.683716 0 80 ) 
4 121 214 (1058.990967 0 76 ) (1148 0 76 ) (1148 0 80 ) (1058.990967 0 80 ) 
4 121 208 (1132.603271 0 212 ) (1148 0 212 ) (1148 0 216 ) (1132.603271 0 216 ) 
4 121 207 (1059.517822 0 212 ) (1132.603271 0 212 ) (1132.603271 0 216 ) (1059.517822 0 216 ) 
4 121 206 (1026.482178 0 212 ) (1059.517822 0 212 ) (1059.517822 0 216 ) (1026.482178 0 216 ) 
4 121 205 (1024 0 216 ) (1024 0 212 ) (1026.482178 0 212 ) (1026.482178 0 216 ) 
4 121 212 (1024 0 212 ) (1024 0 80 ) (1148 0 80 ) (1148 0 212 ) 
4 121 203 (1148 0 76 ) (1166 0 76 ) (1166 0 104 ) (1148 0 104 ) 
4 121 202 (1166 0 104 ) (1166 0 216 ) (1148 0 216 ) (1148 0 104 ) 
4 121 198 (1166 0 64 ) (1168 0 64 ) (1168 0 216 ) (1166 0 216 ) 
4 121 194 (1024 0 224 ) (1024 0 216 ) (1072 0 216 ) (1072 0 224 ) 
4 121 193 (1072 0 216 ) (1168 0 216 ) (1168 0 224 ) (1072 0 224 ) 
4 121 137 (1024 0 64 ) (1024 0 224 ) (1024 96 224 ) (1024 96 64 ) 
4 122 153 (192 160 224 ) (0 160 224 ) (0 200 224 ) (192 200 224 ) 
4 123 154 (756.600037 96 224 ) (768 96 224 ) (768 80 224 ) (756.600037 80 224 ) 
4 123 124 (768 80 224 ) (768 80 228 ) (756 80 228 ) (756.600037 80 224 ) 
4 124 154 (768 32 224 ) (756.600037 32 224 ) (756.600037 80 224 ) (768 80 224 ) 
4 124 128 (756.600037 32 224 ) (768 32 224 ) (768 32 228 ) (756 32 228 ) 
4 125 126 (112 80 228 ) (80 80 228 ) (80 112 228 ) (112 112 228 ) 
4 126 127 (112 80 227 ) (80 80 227 ) (80 112 227 ) (112 112 227 ) 
4 127 161 (80 112 224 ) (112 112 224 ) (112 80 224 ) (80 80 224 ) 
4 128 229 (756.599976 0 224 ) (768 0 224 ) (768 0 228 ) (756 0 228 ) 
4 128 154 (768 0 224 ) (756.600037 0 224 ) (756.599976 32 224 ) (768 32 224 ) 
4 129 230 (176 0 232 ) (176 0 228 ) (208 0 228 ) (208 0 232 ) 
4 129 130 (176 0 228 ) (176 16 228 ) (208 16 228 ) (208 0 228 ) 
4 130 231 (176 0 228 ) (176 0 227 ) (208 0 227 ) (208 0 228 ) 
4 130 131 (176 0 227 ) (176 16 227 ) (208 16 227 ) (208 0 227 ) 
4 131 232 (176 0 227 ) (176 0 224 ) (208 0 224 ) (208 0 227 ) 
4 131 161 (208 0 224 ) (176 0 224 ) (176 16 224 ) (208 16 224 ) 
4 132 233 (64 0 236 ) (64 0 224 ) (128 0 224 ) (128 0 236 ) 
4 132 161 (128 0 224 ) (64 0 224 ) (64 32 224 ) (128 32 224 ) 
4 133 234 (0 0 232 ) (0 0 228 ) (16 0 228 ) (16 0 232 ) 
4 133 167 (0 0 228 ) (0 0 232 ) (0 16 232 ) (0 16 228 ) 
4 133 134 (0 0 228 ) (0 16 228 ) (16 16 228 ) (16 0 228 ) 
4 134 235 (0 0 228 ) (0 0 227 ) (16 0 227 ) (16 0 228 ) 
4 134 168 (0 0 227 ) (0 0 228 ) (0 16 228 ) (0 16 227 ) 
4 134 135 (0 16 227 ) (16 16 227 ) (16 0 227 ) (0 0 227 ) 
4 135 236 (0 0 227 ) (0 0 224 ) (16 0 224 ) (16 0 227 ) 
4 135 169 (0 0 224 ) (0 0 227 ) (0 16 227 ) (0 16 224 ) 
4 135 161 (16 0 224 ) (0 0 224 ) (0 16 224 ) (16 16 224 ) 
4 136 142 (984 186.022339 64 ) (984 181.403595 64 ) (984 181.403610 160 ) (984 186.022354 160 ) 
4 136 141 (984 496 64 ) (984 186.022339 64 ) (984 186.022354 160 ) (984 496 160 ) 
4 136 140 (984 181.403595 64 ) (984 161 64 ) (984 161 160 ) (984 181.403610 160 ) 
4 136 138 (984 160 160 ) (984 160 208 ) (984 496 208 ) (984 496 160 ) 
4 137 249 (1008 0 96 ) (984 0 96 ) (984 0 64 ) (1008 0 64 ) 
4 137 247 (1024 0 64 ) (1024 0 66 ) (1008 0 66 ) (1008 0 64 ) 
4 137 246 (1024 0 66 ) (1024 0 96 ) (1008 0 96 ) (1008 0 66 ) 
4 137 242 (1024 0 96 ) (1024 0 224 ) (984 0 224 ) (984 0 96 ) 
4 137 146 (984 151 64 ) (984 0 64 ) (984 0 160 ) (984 151 160 ) 
4 137 139 (984 0 160 ) (984 0 224 ) (984 152 224 ) (984 152 160 ) 
4 138 147 (936 496 160 ) (936 160 160 ) (936 160 208 ) (936 496 208 ) 
4 138 145 (936 161 160 ) (936 496 160 ) (937 496 160 ) (937 161 160 ) 
4 138 142 (984 186.022339 160 ) (984 181.403595 160 ) (978.568970 178.267990 160 ) (976.568970 181.732010 160 ) 
5 138 141 (937 496 160 ) (984 496 160 ) (984 186.022339 160 ) (940.660278 161 160 ) (937 161 160 ) 
3 138 140 (984 181.403595 160 ) (984 161 160 ) (948.660095 161 160 ) 
4 139 242 (984 0 224 ) (936 0 224 ) (936 0 160 ) (984 0 160 ) 
4 139 148 (936 0 160 ) (936 0 224 ) (936 152 224 ) (936 152 160 ) 
4 139 146 (936 0 160 ) (936 151 160 ) (984 151 160 ) (984 0 160 ) 
4 140 143 (948.660095 161 64 ) (983 161 64 ) (983 161 159 ) (948.660095 161 159 ) 
4 140 142 (978.569031 178.267975 160 ) (984 181.403580 160 ) (984 181.403580 64 ) (978.569031 178.267975 64 ) 
4 141 145 (937 496 64 ) (937 161 64 ) (937 161 160 ) (937 496 160 ) 
4 141 144 (937 161 159 ) (937 161 64 ) (940.660278 161 64 ) (940.660278 161 159 ) 
4 141 142 (976.569397 181.731262 64 ) (984 186.021362 64 ) (984 186.021362 160 ) (976.569397 181.731262 160 ) 
4 143 146 (937 151 159 ) (937 151 64 ) (983 151 64 ) (983 151 159 ) 
4 145 147 (936 496 64 ) (936 161 64 ) (936 161 160 ) (936 496 160 ) 
4 146 249 (936 0 96 ) (936 0 64 ) (984 0 64 ) (984 0 96 ) 
4 146 242 (936 0 160 ) (936 0 96 ) (984 0 96 ) (984 0 160 ) 
4 146 150 (936 151 64 ) (936 0 64 ) (936 0 96 ) (936 151 96 ) 
4 146 148 (936 0 96 ) (936 0 160 ) (936 151 160 ) (936 151 96 ) 
4 148 243 (904 0 224 ) (800 0 224 ) (800 0 96 ) (904 0 96 ) 
4 148 242 (936 0 224 ) (904 0 224 ) (904 0 96 ) (936 0 96 ) 
4 148 150 (800 152 96 ) (936 152 96 ) (936 0 96 ) (800 0 96 ) 
4 148 149 (800 152 224 ) (800 152 100 ) (800 0 100 ) (800 0 224 ) 
4 149 245 (800 0 224 ) (776 0 224 ) (776 0 100 ) (800 0 100 ) 
4 149 152 (776 16 208 ) (776 96 208 ) (776 96 192 ) (776 16 192 ) 
4 150 249 (793 0 64 ) (936 0 64 ) (936 0 96 ) (793 0 96 ) 
4 150 151 (793 0 96 ) (793 152 96 ) (793 152 72 ) (793 0 72 ) 
4 151 250 (793 0 72 ) (793 0 96 ) (792 0 96 ) (792 0 72 ) 
4 152 154 (768 16 208 ) (768 96 208 ) (768 96 192 ) (768 16 192 ) 
4 153 159 (192 160 176 ) (192 160 192 ) (104 160 192 ) (104 160 176 ) 
4 153 160 (88 160 192 ) (0 160 192 ) (0 160 176 ) (88 160 176 ) 
4 154 255 (768 0 192 ) (768 0 224 ) (756.600037 0 224 ) (761.400024 0 192 ) 
4 155 256 (248 0 160 ) (224 0 160 ) (224 0 88 ) (248 0 88 ) 
4 155 161 (224 0 88 ) (224 0 160 ) (224 32 160 ) (224 32 88 ) 
4 155 157 (224 0 88 ) (224 16 88 ) (248 16 88 ) (248 0 88 ) 
4 155 156 (224 16 88 ) (224 32 88 ) (248 32 88 ) (248 16 88 ) 
4 156 161 (224 16 88 ) (224 32 88 ) (224 32 80 ) (224 16 80 ) 
4 156 158 (224 16 80 ) (224 32 80 ) (248 32 80 ) (248 16 80 ) 
4 156 157 (224 16 80 ) (248 16 80 ) (248 16 88 ) (224 16 88 ) 
4 157 257 (250 0 88 ) (224 0 88 ) (224 0 80 ) (250 0 80 ) 
4 157 161 (224 0 80 ) (224 0 88 ) (224 16 88 ) (224 16 80 ) 
4 157 158 (224 0 80 ) (224 16 80 ) (248 16 80 ) (248 0 80 ) 
4 158 259 (248 0 80 ) (224 0 80 ) (224 0 64 ) (248 0 64 ) 
4 158 162 (224 0 64 ) (224 0 72 ) (224 32 72 ) (224 32 64 ) 
4 158 161 (224 0 72 ) (224 0 80 ) (224 32 80 ) (224 32 72 ) 
4 159 161 (104 128 176 ) (192 128 176 ) (192 128 192 ) (104 128 192 ) 
4 160 161 (0 128 192 ) (0 128 176 ) (88 128 176 ) (88 128 192 ) 
4 161 260 (224 0 72 ) (224 0 224 ) (0 0 224 ) (0 0 72 ) 
4 161 177 (0 0 72 ) (0 0 88 ) (0 8 88 ) (0 8 72 ) 
4 161 175 (0 8 88 ) (0 112 88 ) (0 112 84 ) (0 8 84 ) 
4 161 176 (0 112 84 ) (0 112 72 ) (0 8 72 ) (0 8 84 ) 
4 161 172 (0 112 88 ) (0 128 88 ) (0 128 72 ) (0 112 72 ) 
4 161 170 (0 0 88 ) (0 0 224 ) (0 128 224 ) (0 128 88 ) 
4 161 166 (222 0 72 ) (124 0 72 ) (124 126 72 ) (222 126 72 ) 
4 161 165 (0 28 72 ) (0 126 72 ) (124 126 72 ) (124 28 72 ) 
4 161 164 (68.007141 0 72 ) (0 0 72 ) (0 28 72 ) (68.007133 28 72 ) 
4 161 163 (124 0 72 ) (68.007141 0 72 ) (68.007133 28 72 ) (124 28 72 ) 
4 161 162 (224 32 72 ) (224 0 72 ) (222 0 72 ) (222 32 72 ) 
4 162 261 (224 0 64 ) (224 0 72 ) (222 0 72 ) (222 0 64 ) 
4 162 166 (222 32 64 ) (222 0 64 ) (222 0 72 ) (222 32 72 ) 
4 163 262 (124 0 72 ) (68.007141 0 72 ) (80.007126 0 60 ) (112 0 60 ) 
4 163 166 (116 20 64 ) (124 28 72 ) (124 0 72 ) (116 0 64 ) 
4 163 165 (124.003899 28 72 ) (116.003899 20 64 ) (76.007126 20 64 ) (68.007126 28 72 ) 
4 163 164 (68.007812 28.003906 72 ) (76.007812 20.003906 64 ) (76.007812 0 64 ) (68.007812 0 72 ) 
4 164 263 (68.007141 0 72 ) (0 0 72 ) (0 0 64 ) (76.007133 0 64 ) 
4 164 177 (0 0 64 ) (0 0 72 ) (0 8 72 ) (0 8 64 ) 
4 164 176 (0 8 72 ) (0 28 72 ) (0 20 64 ) (0 8 64 ) 
4 164 165 (0 20 64 ) (0 28 72 ) (68.007126 28 72 ) (76.007126 20 64 ) 
4 165 176 (0 28 72 ) (0 112 72 ) (0 112 64 ) (0 20 64 ) 
4 165 174 (0 112 72 ) (0 126 72 ) (0 126 64 ) (0 112 64 ) 
4 165 166 (116 126 64 ) (124 126 72 ) (124 28 72 ) (116 20 64 ) 
4 166 265 (222 0 72 ) (124 0 72 ) (116 0 64 ) (222 0 64 ) 
4 167 266 (0 0 228 ) (0 0 232 ) (-16 0 232 ) (-16 0 228 ) 
4 167 168 (-16 0 228 ) (-16 16 228 ) (0 16 228 ) (0 0 228 ) 
4 168 267 (0 0 227 ) (0 0 228 ) (-16 0 228 ) (-16 0 227 ) 
4 168 169 (0 0 227 ) (-16 0 227 ) (-16 16 227 ) (0 16 227 ) 
4 169 268 (0 0 224 ) (0 0 227 ) (-16 0 227 ) (-16 0 224 ) 
4 169 170 (0 16 224 ) (0 0 224 ) (-16 0 224 ) (-16 16 224 ) 
4 170 269 (0 0 88 ) (0 0 224 ) (-16 0 224 ) (-16 0 88 ) 
4 170 177 (0 8 88 ) (0 0 88 ) (-16 0 88 ) (-16 8 88 ) 
4 170 175 (0 112 88 ) (0 8 88 ) (-16 8 88 ) (-16 112 88 ) 
4 170 172 (-16 128 88 ) (0 128 88 ) (0 112 88 ) (-16 112 88 ) 
4 170 171 (-16 128 224 ) (-16 128 94 ) (-16 0 94 ) (-16 0 224 ) 
4 171 276 (-26 0 224 ) (-32 0 224 ) (-32 0 94 ) (-26 0 94 ) 
4 171 270 (-16 0 224 ) (-26 0 224 ) (-26 0 94 ) (-16 0 94 ) 
4 172 175 (0 112 84 ) (0 112 88 ) (-20.001001 112 88 ) (-22.250994 112 84 ) 
5 172 176 (-26 112 77.335075 ) (-26 112 72 ) (0 112 72 ) (0 112 84 ) (-22.250994 112 84 ) 
4 172 174 (0 112 72 ) (-26 112 72 ) (-26 126 72 ) (0 126 72 ) 
4 172 173 (-25.875000 128 72 ) (-25.875000 112 72 ) (-25.875000 112 77.557297 ) (-25.875000 128 77.557297 ) 
4 174 176 (-26 112 72 ) (-26 112 64 ) (0 112 64 ) (0 112 72 ) 
4 175 177 (-22.374598 8 84 ) (0 8 84 ) (0 8 88 ) (-20.124401 8 88 ) 
4 175 176 (0 8 84 ) (-22.374599 8 84 ) (-22.374598 112 84 ) (0 112 84 ) 
5 176 177 (-26 8 77.557297 ) (-26 8 64 ) (0 8 64 ) (0 8 84 ) (-22.375376 8 84 ) 
5 177 271 (0 0 64 ) (0 0 88 ) (-20.124998 0 88 ) (-26 0 77.557297 ) (-26 0 64 ) 
4 178 277 (-72 0 224 ) (-112 0 224 ) (-112 0 64 ) (-72 0 64 ) 
4 179 190 (1808 -112 208 ) (1808 -32 208 ) (1808 -32 192 ) (1808 -112 192 ) 
4 179 181 (1832 -144 100 ) (1832 0 100 ) (1936 0 100 ) (1936 -144 100 ) 
4 179 180 (2048 -168 100 ) (1936 -168 100 ) (1936 0 100 ) (2048 0 100 ) 
4 180 189 (2040 -168 96 ) (1936 -168 96 ) (1936 -152 96 ) (2040 -152 96 ) 
4 180 187 (1936 -152 96 ) (1936 -151 96 ) (2040 -151 96 ) (2040 -152 96 ) 
4 180 185 (1936 -151 96 ) (1936 0 96 ) (2040 0 96 ) (2040 -151 96 ) 
4 180 184 (2048 -168 96 ) (2040 -168 96 ) (2040 -166 96 ) (2048 -166 96 ) 
4 180 182 (2040 -166 96 ) (2040 0 96 ) (2048 0 96 ) (2048 -166 96 ) 
4 180 181 (1936 0 96 ) (1936 -144 96 ) (1936 -144 100 ) (1936 0 100 ) 
4 181 185 (1832 -144 96 ) (1832 0 96 ) (1936 0 96 ) (1936 -144 96 ) 
4 182 189 (2040 -166 66 ) (2040 -166 96 ) (2040 -152 96 ) (2040 -152 66 ) 
4 182 187 (2040 -152 96 ) (2040 -151 96 ) (2040 -151 66 ) (2040 -152 66 ) 
4 182 185 (2040 -151 96 ) (2040 0 96 ) (2040 0 66 ) (2040 -151 66 ) 
4 182 184 (2040 -166 96 ) (2040 -166 72 ) (2048 -166 78.352943 ) (2048 -166 96 ) 
4 182 183 (2040 -24 66 ) (2040 0 66 ) (2048 0 66 ) (2048 -16 66 ) 
4 183 185 (2040 0 64 ) (2040 -24 64 ) (2040 -24 66 ) (2040 0 66 ) 
4 184 189 (2040 -168 72 ) (2040 -168 96 ) (2040 -166 96 ) (2040 -166 72 ) 
4 185 188 (1935.209961 -151 72 ) (1935.209961 -151 96 ) (1825 -151 96 ) (1825 -151 72 ) 
4 185 187 (1935.209961 -151 64 ) (2040 -151 64 ) (2040 -151 96 ) (1935.209961 -151 96 ) 
4 185 186 (1825 -151 72 ) (1825 -151 96 ) (1825 0 96 ) (1825 0 72 ) 
4 186 188 (1824 -151 96 ) (1824 -151 72 ) (1825 -151 72 ) (1825 -151 96 ) 
4 187 189 (1936 -152 64 ) (2040 -152 64 ) (2040 -152 96 ) (1936 -152 96 ) 
4 187 188 (1935.209961 -151 96 ) (1935.209961 -151 72 ) (1935.209961 -152 72 ) (1935.209961 -152 96 ) 
4 190 192 (1800 -32 192 ) (1800 -112 192 ) (1800 -112 208 ) (1800 -32 208 ) 
4 191 192 (1800 -112 224 ) (1788.600098 -112 224 ) (1788.600098 0 224 ) (1800 0 224 ) 
4 193 227 (1168 -166 216 ) (1168 -168 216 ) (1072 -168 216 ) (1072 -166 216 ) 
5 193 208 (1132.603271 0 216 ) (1148 0 216 ) (1148 -86.369591 216 ) (1072 -54.928688 216 ) (1072 -25.071318 216 ) 
3 193 207 (1072 0 216 ) (1132.603271 0 216 ) (1072 -25.071318 216 ) 
4 193 204 (1148 -86.369591 216 ) (1148 -166 216 ) (1072 -166 216 ) (1072 -54.928688 216 ) 
4 193 202 (1148 0 216 ) (1166 0 216 ) (1166 -166 216 ) (1148 -166 216 ) 
4 193 199 (1168 -8 216 ) (1168 -166 216 ) (1166 -166 216 ) (1166 -8 216 ) 
4 193 198 (1166 0 216 ) (1168 0 216 ) (1168 -8 216 ) (1166 -8 216 ) 
4 193 197 (1072 -72 216 ) (1072 -168 216 ) (1072 -168 224 ) (1072 -72 224 ) 
4 193 196 (1072 -8 216 ) (1072 -16 216 ) (1072 -12 224 ) (1072 -8 224 ) 
4 193 195 (1072 -64 216 ) (1072 -72 216 ) (1072 -72 224 ) (1072 -68 224 ) 
4 193 194 (1072 0 216 ) (1072 -8 216 ) (1072 -8 224 ) (1072 0 224 ) 
4 194 242 (1024 0 224 ) (1024 0 216 ) (1024 -8 216 ) (1024 -8 224 ) 
4 194 207 (1059.517700 0 216 ) (1072 0 216 ) (1072 -8 216 ) (1056.214111 -8 216 ) 
4 194 206 (1026.482178 0 216 ) (1059.517700 0 216 ) (1056.214111 -8 216 ) (1029.785767 -8 216 ) 
4 194 205 (1024 -8 216 ) (1024 0 216 ) (1026.482178 0 216 ) (1029.785767 -8 216 ) 
4 194 196 (1024 -8 216 ) (1072 -8 216 ) (1072 -8 224 ) (1024 -8 224 ) 
4 195 242 (1024 -64 216 ) (1024 -72 216 ) (1024 -72 224 ) (1024 -68 224 ) 
4 195 204 (1024 -72 216 ) (1024 -64 216 ) (1072 -64 216 ) (1072 -72 216 ) 
4 195 197 (1024 -72 224 ) (1024 -72 216 ) (1072 -72 216 ) (1072 -72 224 ) 
4 196 242 (1024 -8 216 ) (1024 -16 216 ) (1024 -12 224 ) (1024 -8 224 ) 
4 196 207 (1056.214111 -8 216 ) (1072 -8 216 ) (1072 -16 216 ) (1052.910645 -16 216 ) 
4 196 206 (1029.785767 -8 216 ) (1056.214111 -8 216 ) (1052.910645 -16 216 ) (1033.089233 -16 216 ) 
4 196 205 (1024 -16 216 ) (1024 -8 216 ) (1029.785767 -8 216 ) (1033.089233 -16 216 ) 
4 197 242 (1024 -72 216 ) (1024 -168 216 ) (1024 -168 224 ) (1024 -72 224 ) 
4 197 227 (1024 -168 216 ) (1024 -166 216 ) (1072 -166 216 ) (1072 -168 216 ) 
4 197 204 (1024 -166 216 ) (1024 -72 216 ) (1072 -72 216 ) (1072 -166 216 ) 
4 198 226 (1166 0 64 ) (1166 -8 64 ) (1166 -8 66 ) (1166 0 66 ) 
4 198 221 (1166 -8 66 ) (1166 -8 76 ) (1166 0 76 ) (1166 0 66 ) 
4 198 203 (1166 -8 76 ) (1166 -8 104 ) (1166 0 104 ) (1166 0 76 ) 
4 198 202 (1166 -8 104 ) (1166 -8 216 ) (1166 0 216 ) (1166 0 104 ) 
4 198 201 (1166 -8 104 ) (1166 -8 72 ) (1168 -8 72 ) (1168 -8 104 ) 
4 198 200 (1166 -8 192 ) (1166 -8 104 ) (1168 -8 104 ) (1168 -8 192 ) 
4 198 199 (1166 -8 216 ) (1166 -8 192 ) (1168 -8 192 ) (1168 -8 216 ) 
4 199 227 (1168 -166 192 ) (1168 -166 216 ) (1166 -166 216 ) (1166 -166 192 ) 
4 199 202 (1166 -166 192 ) (1166 -166 216 ) (1166 -8 216 ) (1166 -8 192 ) 
4 199 200 (1166 -159.110992 192 ) (1166 -8 192 ) (1168 -8 192 ) (1168 -159.110992 192 ) 
4 200 202 (1166 -159.110992 192 ) (1166 -8 192 ) (1166 -8 104 ) (1166 -48.296268 104 ) 
4 200 201 (1166 -48.296265 104 ) (1166 -8 104 ) (1168 -8 104 ) (1168 -48.296268 104 ) 
3 201 221 (1166 -8 76 ) (1166 -8 72 ) (1166 -13.037033 76 ) 
4 201 203 (1166 -48.296265 104 ) (1166 -8 104 ) (1166 -8 76 ) (1166 -13.037033 76 ) 
3 202 228 (1159.109985 -166 192 ) (1148 -166 192 ) (1148 -166 183.177246 ) 
4 202 227 (1166 -166 192 ) (1166 -166 216 ) (1148 -166 216 ) (1148 -166 192 ) 
4 202 208 (1148 -86.369591 216 ) (1148 0 216 ) (1148 0 212 ) (1148 -86.369591 212 ) 
4 202 204 (1148 -166 212 ) (1148 -166 216 ) (1148 -86.369591 216 ) (1148 -86.369591 212 ) 
4 202 212 (1148 -166 104 ) (1148 -166 212 ) (1148 0 212 ) (1148 0 104 ) 
4 202 203 (1148 -64 104 ) (1148 0 104 ) (1166 0 104 ) (1166 -64 104 ) 
4 203 221 (1148 0 76 ) (1166 0 76 ) (1166 -29 76 ) (1148 -29 76 ) 
4 203 214 (1148 0 76 ) (1148 -29 76 ) (1148 -34 80 ) (1148 0 80 ) 
4 203 212 (1148 -34 80 ) (1148 -64 104 ) (1148 0 104 ) (1148 0 80 ) 
4 204 242 (1024 -35.071278 212 ) (1024 -166 212 ) (1024 -166 216 ) (1024 -35.071274 216 ) 
4 204 227 (1148 -166 216 ) (1024 -166 216 ) (1024 -166 212 ) (1148 -166 212 ) 
4 204 209 (1050.507202 -46.036728 212 ) (1048 -45 212 ) (1048 -45 216 ) (1050.506958 -46.037239 216 ) 
4 204 208 (1148 -86.369141 216 ) (1148 -86.369141 212 ) (1050.507202 -46.036728 212 ) (1050.506958 -46.037239 216 ) 
4 204 205 (1044.459717 -43.534904 212 ) (1024 -35.070820 212 ) (1024 -35.071556 216 ) (1044.459961 -43.535660 216 ) 
4 204 212 (1148 -86.369591 212 ) (1148 -166 212 ) (1024 -166 212 ) (1024 -35.071274 212 ) 
4 205 242 (1024 0 216 ) (1024 0 212 ) (1024 -35.071278 212 ) (1024 -35.071274 216 ) 
4 205 206 (1043 -40 212 ) (1026.482056 0 212 ) (1026.481079 0 216 ) (1043 -40 216 ) 
4 205 212 (1044.459961 -43.535465 212 ) (1024 -35.071274 212 ) (1024 0 212 ) (1026.482178 0 212 ) 
4 206 207 (1044.458008 -36.465302 212 ) (1059.516113 0 212 ) (1059.516113 0 216 ) (1044.458008 -36.465302 216 ) 
3 206 212 (1043 -40 212 ) (1026.482178 0 212 ) (1059.517822 0 212 ) 
4 207 210 (1048.001343 -35 212 ) (1056.519653 -31.476513 212 ) (1056.519653 -31.476522 216 ) (1048.001343 -35 216 ) 
4 207 208 (1056.519653 -31.476513 212 ) (1132.605713 0 212 ) (1132.605835 0 216 ) (1056.519653 -31.476522 216 ) 
3 207 212 (1044.459961 -36.464497 212 ) (1059.517822 0 212 ) (1132.603271 0 212 ) 
4 208 211 (1054.034058 -37.496246 212 ) (1053 -40 212 ) (1053 -40 216 ) (1054.034058 -37.496246 216 ) 
4 208 210 (1056.520508 -31.474615 216 ) (1056.520508 -31.474615 212 ) (1054.034058 -37.496246 212 ) (1054.034058 -37.496246 216 ) 
4 208 209 (1051.540283 -43.535370 212 ) (1050.507202 -46.037212 212 ) (1050.507202 -46.037212 216 ) (1051.540283 -43.535370 216 ) 
5 208 212 (1148 0 212 ) (1148 -86.369591 212 ) (1050.507080 -46.037121 212 ) (1056.520264 -31.475191 212 ) (1132.603271 0 212 ) 
3 209 212 (1050.507080 -46.037121 212 ) (1048 -45 212 ) (1051.540161 -43.535465 212 ) 
4 210 211 (1051.541382 -36.467667 212 ) (1054.032227 -37.498001 212 ) (1054.032227 -37.498001 216 ) (1051.541382 -36.467667 216 ) 
3 210 212 (1048 -35 212 ) (1056.520264 -31.475191 212 ) (1054.033936 -37.496231 212 ) 
3 211 212 (1051.540039 -36.464508 212 ) (1054.033936 -37.496231 212 ) (1053 -40 212 ) 
4 212 246 (1024 0 96 ) (1024 0 80 ) (1024 -166 80 ) (1024 -166 96 ) 
4 212 242 (1024 0 212 ) (1024 0 96 ) (1024 -166 96 ) (1024 -166 212 ) 
4 212 228 (1024 -166 192 ) (1024 -166 84.705986 ) (1148 -166 183.177246 ) (1148 -166 192 ) 
4 212 227 (1024 -166 212 ) (1024 -166 192 ) (1148 -166 192 ) (1148 -166 212 ) 
4 212 220 (1056.683716 0 80 ) (1058.990967 0 80 ) (1073.270020 -24.732141 80 ) (1071.540039 -25.732082 80 ) 
4 212 219 (1028.229980 -50.732063 80 ) (1024 -43.405556 80 ) (1024 -39.391747 80 ) (1029.969971 -49.732090 80 ) 
5 212 218 (1024 0 80 ) (1056.683716 0 80 ) (1071.540039 -25.732082 80 ) (1029.969971 -49.732098 80 ) (1024 -39.391747 80 ) 
4 212 217 (1121.270020 -107.870995 80 ) (1148 -154.169022 80 ) (1148 -158.165329 80 ) (1119.540039 -108.870934 80 ) 
5 212 216 (1148 -158.165329 80 ) (1148 -166 80 ) (1094.779541 -166 80 ) (1076.231934 -133.874390 80 ) (1119.540039 -108.870987 80 ) 
4 212 215 (1118.539673 -107.138245 80 ) (1076.969604 -131.138275 80 ) (1030.969971 -51.464149 80 ) (1072.540039 -27.464079 80 ) 
3 212 214 (1058.990967 0 80 ) (1148 0 80 ) (1148 -154.169022 80 ) 
3 212 213 (1094.779541 -166 80 ) (1024 -166 80 ) (1024 -43.405556 80 ) 
4 213 246 (1024 -43.405556 76 ) (1024 -166 76 ) (1024 -166 80 ) (1024 -43.405556 80 ) 
5 213 224 (1024.580200 -166 76 ) (1024 -166 76 ) (1024 -50.865974 76 ) (1025.500000 -50 76 ) (1075.500000 -136.603012 76 ) 
3 213 223 (1024 -50.865974 76 ) (1024 -43.405556 76 ) (1027.230469 -49 76 ) 
3 213 222 (1094.779541 -166 76 ) (1024.580200 -166 76 ) (1077.230469 -135.603973 76 ) 
4 213 219 (1024 -43.402344 80 ) (1028.231323 -50.731277 80 ) (1028.230469 -50.731792 76 ) (1024 -43.404297 76 ) 
4 213 216 (1076.233276 -133.873657 80 ) (1094.781250 -166 80 ) (1094.780273 -166 76 ) (1076.232422 -133.874084 76 ) 
5 214 225 (1112.107056 0 76 ) (1148 0 76 ) (1148 -94.747337 76 ) (1124 -108.603004 76 ) (1074 -22 76 ) 
3 214 223 (1058.990967 0 76 ) (1112.107056 0 76 ) (1072.269409 -23 76 ) 
3 214 222 (1148 -94.747337 76 ) (1148 -154.169022 76 ) (1122.269409 -109.602112 76 ) 
4 214 220 (1058.992188 0 76 ) (1073.270874 -24.731657 76 ) (1073.270508 -24.731876 80 ) (1058.991577 0 80 ) 
4 214 217 (1121.270630 -107.870636 76 ) (1148 -154.167969 76 ) (1148 -154.167969 80 ) (1121.270508 -107.870712 80 ) 
5 216 222 (1148 -158.165329 76 ) (1148 -166 76 ) (1094.779541 -166 76 ) (1077.230469 -135.603958 76 ) (1120.538940 -110.601135 76 ) 
4 216 217 (1119.540161 -108.870934 80 ) (1148 -158.165100 80 ) (1148 -158.165100 76 ) (1119.540161 -108.870941 76 ) 
4 217 222 (1122.269409 -109.602043 76 ) (1148 -154.169022 76 ) (1148 -158.165329 76 ) (1120.538940 -110.601135 76 ) 
4 218 246 (1024 0 80 ) (1024 0 76 ) (1024 -39.391747 76 ) (1024 -39.391747 80 ) 
5 218 223 (1024 0 76 ) (1056.683716 0 76 ) (1070.538940 -23.998123 76 ) (1028.968506 -47.997509 76 ) (1024 -39.391747 76 ) 
4 218 220 (1071.539795 -25.732258 76 ) (1056.683350 0 76 ) (1056.683594 0 80 ) (1071.539795 -25.732250 80 ) 
4 218 219 (1024 -39.394531 76 ) (1029.969360 -49.732483 76 ) (1029.969482 -49.732418 80 ) (1024 -39.392860 80 ) 
4 219 246 (1024 -39.391747 76 ) (1024 -43.405556 76 ) (1024 -43.405556 80 ) (1024 -39.391747 80 ) 
4 219 223 (1027.230469 -49 76 ) (1024 -43.405556 76 ) (1024 -39.391747 76 ) (1028.968506 -47.997501 76 ) 
4 220 223 (1056.683716 0 76 ) (1058.990967 0 76 ) (1072.269409 -23 76 ) (1070.538940 -23.998123 76 ) 
4 221 226 (1166 0 66 ) (1166 -8 66 ) (1148 -8 66 ) (1148 0 66 ) 
4 221 225 (1148 0 66 ) (1148 -16.499014 66 ) (1148 -29 76 ) (1148 0 76 ) 
4 222 225 (1148 -94.749023 76 ) (1148 -94.749023 66 ) (1124 -108.604248 66 ) (1124 -108.604492 76 ) 
4 222 224 (1075.500732 -136.604263 66 ) (1024.583130 -166 66 ) (1024.585938 -166 76 ) (1075.501221 -136.604980 76 ) 
4 223 246 (1024 0 76 ) (1024 0 66 ) (1024 -50.865952 66 ) (1024 -50.865952 76 ) 
4 223 226 (1024 -8 66 ) (1024 0 66 ) (1112.107056 0 66 ) (1098.249878 -8 66 ) 
4 223 225 (1074 -22 66 ) (1112.106934 0 66 ) (1112.107056 0 76 ) (1074 -22 76 ) 
4 223 224 (1024 -50.865692 66 ) (1025.499878 -50 66 ) (1025.500000 -50 76 ) (1024 -50.865944 76 ) 
4 224 246 (1024 -50.865952 66 ) (1024 -166 66 ) (1024 -166 76 ) (1024 -50.865952 76 ) 
4 225 226 (1098.249878 -8 66 ) (1112.107056 0 66 ) (1148 0 66 ) (1148 -8 66 ) 
4 226 247 (1024 0 66 ) (1024 0 64 ) (1024 -8 64 ) (1024 -8 66 ) 
4 227 242 (1024 -168 192 ) (1024 -168 216 ) (1024 -166 216 ) (1024 -166 192 ) 
4 227 228 (1159.109985 -168 192 ) (1024 -168 192 ) (1024 -166 192 ) (1159.109985 -166 192 ) 
4 228 248 (1024 -168 84.705978 ) (1024 -168 96 ) (1024 -166 96 ) (1024 -166 84.705978 ) 
4 228 242 (1024 -168 96 ) (1024 -168 192 ) (1024 -166 192 ) (1024 -166 96 ) 
4 229 255 (756.599976 0 224 ) (768 0 224 ) (768 -32 224 ) (756.600037 -32 224 ) 
4 229 237 (756.599976 -32 224 ) (768 -32 224 ) (768 -32 228 ) (756 -32 228 ) 
4 230 231 (208 -16 228 ) (176 -16 228 ) (176 0 228 ) (208 0 228 ) 
4 231 232 (208 -16 227 ) (176 -16 227 ) (176 0 227 ) (208 0 227 ) 
4 232 260 (176 0 224 ) (208 0 224 ) (208 -16 224 ) (176 -16 224 ) 
4 233 260 (64 0 224 ) (128 0 224 ) (128 -32 224 ) (64 -32 224 ) 
4 234 266 (0 0 232 ) (0 0 228 ) (0 -16 228 ) (0 -16 232 ) 
4 234 235 (16 -16 228 ) (0 -16 228 ) (0 0 228 ) (16 0 228 ) 
4 235 267 (0 0 228 ) (0 0 227 ) (0 -16 227 ) (0 -16 228 ) 
4 235 236 (16 -16 227 ) (0 -16 227 ) (0 0 227 ) (16 0 227 ) 
4 236 268 (0 0 227 ) (0 0 224 ) (0 -16 224 ) (0 -16 227 ) 
4 236 260 (0 0 224 ) (16 0 224 ) (16 -16 224 ) (0 -16 224 ) 
4 237 255 (756.600037 -32 224 ) (768 -32 224 ) (768 -80 224 ) (756.600037 -80 224 ) 
4 237 238 (768 -80 224 ) (768 -80 228 ) (756 -80 228 ) (756.600037 -80 224 ) 
4 238 255 (768 -112 224 ) (756.600037 -112 224 ) (756.600037 -80 224 ) (768 -80 224 ) 
4 239 240 (80 -112 228 ) (80 -80 228 ) (112 -80 228 ) (112 -112 228 ) 
4 240 241 (80 -112 227 ) (80 -80 227 ) (112 -80 227 ) (112 -112 227 ) 
4 241 260 (112 -112 224 ) (80 -112 224 ) (80 -80 224 ) (112 -80 224 ) 
4 242 253 (1008 -168 96 ) (904 -168 96 ) (904 -152 96 ) (1008 -152 96 ) 
4 242 251 (904 -152 96 ) (904 -151 96 ) (1008 -151 96 ) (1008 -152 96 ) 
4 242 249 (904 -151 96 ) (904 0 96 ) (1008 0 96 ) (1008 -151 96 ) 
4 242 248 (1024 -168 96 ) (1008 -168 96 ) (1008 -166 96 ) (1024 -166 96 ) 
4 242 246 (1008 -166 96 ) (1008 0 96 ) (1024 0 96 ) (1024 -166 96 ) 
4 242 244 (904 -168 100 ) (904 -168 224 ) (904 -144 224 ) (904 -144 100 ) 
4 242 243 (904 0 96 ) (904 -144 96 ) (904 -144 224 ) (904 0 224 ) 
4 243 249 (800 -144 96 ) (800 0 96 ) (904 0 96 ) (904 -144 96 ) 
4 243 245 (800 -144 100 ) (800 -144 224 ) (800 0 224 ) (800 0 100 ) 
4 243 244 (800 -144 224 ) (800 -144 100 ) (904 -144 100 ) (904 -144 224 ) 
4 244 245 (800 -168 100 ) (800 -168 224 ) (800 -144 224 ) (800 -144 100 ) 
4 245 254 (776 -112 208 ) (776 -32 208 ) (776 -32 192 ) (776 -112 192 ) 
4 246 253 (1008 -166 66 ) (1008 -166 96 ) (1008 -152 96 ) (1008 -152 66 ) 
4 246 251 (1008 -152 96 ) (1008 -151 96 ) (1008 -151 66 ) (1008 -152 66 ) 
4 246 249 (1008 -151 96 ) (1008 0 96 ) (1008 0 66 ) (1008 -151 66 ) 
4 246 248 (1008 -166 96 ) (1008 -166 72 ) (1024 -166 84.705994 ) (1024 -166 96 ) 
4 246 247 (1008 -24 66 ) (1008 0 66 ) (1024 0 66 ) (1024 -8 66 ) 
4 247 249 (1008 0 64 ) (1008 -24 64 ) (1008 -24 66 ) (1008 0 66 ) 
4 248 253 (1008 -168 72 ) (1008 -168 96 ) (1008 -166 96 ) (1008 -166 72 ) 
4 249 252 (903.205017 -151 72 ) (903.205017 -151 96 ) (793 -151 96 ) (793 -151 72 ) 
4 249 251 (903.205017 -151 64 ) (1008 -151 64 ) (1008 -151 96 ) (903.205017 -151 96 ) 
4 249 250 (793 -151 72 ) (793 -151 96 ) (793 0 96 ) (793 0 72 ) 
4 250 252 (792 -151 96 ) (792 -151 72 ) (793 -151 72 ) (793 -151 96 ) 
4 251 253 (904 -152 64 ) (1008 -152 64 ) (1008 -152 96 ) (904 -152 96 ) 
4 251 252 (903.205017 -151 96 ) (903.205017 -151 72 ) (903.205017 -152 72 ) (903.205017 -152 96 ) 
4 254 255 (768 -32 192 ) (768 -112 192 ) (768 -112 208 ) (768 -32 208 ) 
4 256 260 (224 -32 88 ) (224 -32 160 ) (224 0 160 ) (224 0 88 ) 
4 256 258 (248 -32 88 ) (224 -32 88 ) (224 -16 88 ) (248 -16 88 ) 
4 256 257 (224 -16 88 ) (224 0 88 ) (248 0 88 ) (248 -16 88 ) 
4 257 260 (224 -16 88 ) (224 0 88 ) (224 0 80 ) (224 -16 80 ) 
4 257 259 (224 -16 80 ) (224 0 80 ) (248 0 80 ) (248 -16 80 ) 
4 257 258 (224 -16 80 ) (248 -16 80 ) (248 -16 88 ) (224 -16 88 ) 
4 258 260 (224 -32 80 ) (224 -32 88 ) (224 -16 88 ) (224 -16 80 ) 
4 258 259 (248 -32 80 ) (224 -32 80 ) (224 -16 80 ) (248 -16 80 ) 
4 259 261 (224 -32 64 ) (224 -32 72 ) (224 0 72 ) (224 0 64 ) 
4 259 260 (224 -32 72 ) (224 -32 80 ) (224 0 80 ) (224 0 72 ) 
4 260 274 (0 -112 72 ) (0 -128 72 ) (0 -128 88 ) (0 -112 88 ) 
4 260 272 (0 -112 84 ) (0 -112 88 ) (0 -8 88 ) (0 -8 84 ) 
4 260 273 (0 -8 72 ) (0 -112 72 ) (0 -112 84 ) (0 -8 84 ) 
4 260 271 (0 0 88 ) (0 0 72 ) (0 -8 72 ) (0 -8 88 ) 
4 260 269 (0 0 224 ) (0 0 88 ) (0 -128 88 ) (0 -128 224 ) 
4 260 265 (124 0 72 ) (222 0 72 ) (222 -126 72 ) (124 -126 72 ) 
4 260 264 (124 -28 72 ) (124 -126 72 ) (0 -126 72 ) (0 -28 72 ) 
4 260 263 (0 0 72 ) (68.007133 0 72 ) (68.007141 -28 72 ) (0 -28 72 ) 
4 260 262 (68.007133 0 72 ) (124 0 72 ) (124 -28 72 ) (68.007141 -28 72 ) 
4 260 261 (222 0 72 ) (224 0 72 ) (224 -32 72 ) (222 -32 72 ) 
4 261 265 (222 -32 72 ) (222 0 72 ) (222 0 64 ) (222 -32 64 ) 
4 262 265 (124 0 72 ) (124 -28 72 ) (116 -20 64 ) (116 0 64 ) 
4 262 264 (116 -20 64 ) (124 -28 72 ) (68.007141 -28 72 ) (76.007133 -20 64 ) 
4 262 263 (76.007812 -20.003906 64 ) (68.007805 -28.003906 72 ) (68.007805 0 72 ) (76.007812 0 64 ) 
4 263 273 (0 -8 64 ) (0 -20 64 ) (0 -28 72 ) (0 -8 72 ) 
4 263 271 (0 0 72 ) (0 0 64 ) (0 -8 64 ) (0 -8 72 ) 
4 263 264 (76.007133 -20 64 ) (68.007141 -28 72 ) (0 -28 72 ) (0 -20 64 ) 
4 264 275 (0 -126 64 ) (0 -126 72 ) (0 -112 72 ) (0 -112 64 ) 
4 264 273 (0 -112 72 ) (0 -28 72 ) (0 -20 64 ) (0 -112 64 ) 
4 264 265 (124 -28 72 ) (124 -126 72 ) (116 -126 64 ) (116 -20 64 ) 
4 266 267 (0 -16 228 ) (-16 -16 228 ) (-16 0 228 ) (0 0 228 ) 
4 267 268 (0 -16 227 ) (-16 -16 227 ) (-16 0 227 ) (0 0 227 ) 
4 268 269 (-16 -16 224 ) (-16 0 224 ) (0 0 224 ) (0 -16 224 ) 
4 269 274 (0 -112 88 ) (0 -128 88 ) (-16 -128 88 ) (-16 -112 88 ) 
4 269 272 (0 -8 88 ) (0 -112 88 ) (-16 -112 88 ) (-16 -8 88 ) 
4 269 271 (-16 0 88 ) (0 0 88 ) (0 -8 88 ) (-16 -8 88 ) 
4 269 270 (-16 -128 94 ) (-16 -128 224 ) (-16 0 224 ) (-16 0 94 ) 
4 270 276 (-26 -128 224 ) (-26 0 224 ) (-26 0 94 ) (-26 -128 94 ) 
4 271 272 (0 -8 88 ) (-20.124998 -8 88 ) (-22.375374 -8 84 ) (0 -8 84 ) 
5 271 273 (-22.375374 -8 84 ) (-26 -8 77.557297 ) (-26 -8 64 ) (0 -8 64 ) (0 -8 84 ) 
4 272 274 (0 -112 88 ) (-20.124401 -112 88 ) (-22.374598 -112 84 ) (0 -112 84 ) 
4 272 273 (0 -112 84 ) (-22.374599 -112 84 ) (-22.374598 -8 84 ) (0 -8 84 ) 
4 273 275 (-26 -112 72 ) (-26 -112 64 ) (0 -112 64 ) (0 -112 72 ) 
5 273 274 (-26 -112 77.557297 ) (-26 -112 72 ) (0 -112 72 ) (0 -112 84 ) (-22.375376 -112 84 ) 
4 274 275 (-26 -126 72 ) (-26 -112 72 ) (0 -112 72 ) (0 -126 72 ) 
