PRT1
22
46
4 0 2 (1120 1024 672 ) (1024 1024 672 ) (1024 1024 -352 ) (1120 1024 -352 ) 
4 0 1 (1024 1024 -352 ) (1024 1024 672 ) (1024 1184 672 ) (1024 1184 -352 ) 
4 1 4 (0 1024 -352 ) (0 1024 672 ) (0 1184 672 ) (0 1184 -352 ) 
4 1 3 (1024 1024 -352 ) (1024 1024 672 ) (0 1024 672 ) (0 1024 -352 ) 
4 2 11 (1120 0 672 ) (1024 0 672 ) (1024 0 -352 ) (1120 0 -352 ) 
4 2 3 (1024 1024 672 ) (1024 1024 -352 ) (1024 0 -352 ) (1024 0 672 ) 
4 3 12 (1024 0 -352 ) (1024 0 672 ) (0 0 672 ) (0 0 -352 ) 
4 3 8 (0 0 -352 ) (0 0 0 ) (0 1024 0 ) (0 1024 -352 ) 
4 3 6 (0 0 64 ) (0 0 672 ) (0 256 672 ) (0 256 64 ) 
4 3 5 (0 256 672 ) (0 1024 672 ) (0 1024 0 ) (0 256 0 ) 
4 4 9 (-1024 1024 -352 ) (-1024 1024 672 ) (-1024 1184 672 ) (-1024 1184 -352 ) 
4 4 8 (0 1024 -352 ) (0 1024 0 ) (-1024 1024 0 ) (-1024 1024 -352 ) 
4 4 5 (0 1024 0 ) (0 1024 672 ) (-896 1024 672 ) (-896 1024 0 ) 
4 4 7 (-896 1024 672 ) (-1024 1024 672 ) (-1024 1024 0 ) (-896 1024 0 ) 
4 5 8 (-896 256 0 ) (-896 1024 0 ) (0 1024 0 ) (0 256 0 ) 
4 5 6 (-896 256 672 ) (-896 256 64 ) (0 256 64 ) (0 256 672 ) 
4 5 7 (-896 1024 0 ) (-896 256 0 ) (-896 256 672 ) (-896 1024 672 ) 
4 6 15 (0 0 64 ) (0 0 672 ) (-896 0 672 ) (-896 0 64 ) 
4 6 7 (-896 0 64 ) (-896 0 672 ) (-896 256 672 ) (-896 256 64 ) 
4 7 17 (-896 0 672 ) (-1024 0 672 ) (-1024 0 0 ) (-896 0 0 ) 
4 7 10 (-1024 0 0 ) (-1024 0 672 ) (-1024 1024 672 ) (-1024 1024 0 ) 
4 7 8 (-896 0 0 ) (-1024 0 0 ) (-1024 1024 0 ) (-896 1024 0 ) 
4 8 18 (0 0 -352 ) (0 0 0 ) (-1024 0 0 ) (-1024 0 -352 ) 
4 8 10 (-1024 0 -352 ) (-1024 0 0 ) (-1024 1024 0 ) (-1024 1024 -352 ) 
4 9 10 (-1024 1024 -352 ) (-1024 1024 672 ) (-2016 1024 672 ) (-2016 1024 -352 ) 
4 10 19 (-1024 0 -352 ) (-1024 0 672 ) (-2016 0 672 ) (-2016 0 -352 ) 
4 11 13 (1120 -1024 672 ) (1024 -1024 672 ) (1024 -1024 -352 ) (1120 -1024 -352 ) 
4 11 12 (1024 -1024 -352 ) (1024 -1024 672 ) (1024 0 672 ) (1024 0 -352 ) 
4 12 18 (0 0 0 ) (0 0 -352 ) (0 -1024 -352 ) (0 -1024 0 ) 
4 12 15 (0 0 672 ) (0 0 64 ) (0 -384 64 ) (0 -384 672 ) 
4 12 16 (0 -384 0 ) (0 -1024 0 ) (0 -1024 672 ) (0 -384 672 ) 
4 12 14 (1024 -1024 -352 ) (1024 -1024 672 ) (0 -1024 672 ) (0 -1024 -352 ) 
4 13 14 (1024 -1024 672 ) (1024 -1024 -352 ) (1024 -1376 -352 ) (1024 -1376 672 ) 
4 14 20 (0 -1376 672 ) (0 -1024 672 ) (0 -1024 -352 ) (0 -1376 -352 ) 
4 15 16 (-896 -384 672 ) (-896 -384 64 ) (0 -384 64 ) (0 -384 672 ) 
4 15 17 (-896 -384 64 ) (-896 -384 672 ) (-896 0 672 ) (-896 0 64 ) 
4 16 20 (0 -1024 0 ) (0 -1024 672 ) (-896 -1024 672 ) (-896 -1024 0 ) 
4 16 18 (0 -1024 0 ) (-896 -1024 0 ) (-896 -384 0 ) (0 -384 0 ) 
4 16 17 (-896 -384 0 ) (-896 -1024 0 ) (-896 -1024 672 ) (-896 -384 672 ) 
4 17 20 (-896 -1024 672 ) (-1024 -1024 672 ) (-1024 -1024 0 ) (-896 -1024 0 ) 
4 17 19 (-1024 0 672 ) (-1024 0 0 ) (-1024 -1024 0 ) (-1024 -1024 672 ) 
4 17 18 (-896 -1024 0 ) (-1024 -1024 0 ) (-1024 0 0 ) (-896 0 0 ) 
4 18 20 (0 -1024 -352 ) (0 -1024 0 ) (-1024 -1024 0 ) (-1024 -1024 -352 ) 
4 18 19 (-1024 0 0 ) (-1024 0 -352 ) (-1024 -1024 -352 ) (-1024 -1024 0 ) 
4 19 21 (-1024 -1024 -352 ) (-1024 -1024 672 ) (-2016 -1024 672 ) (-2016 -1024 -352 ) 
4 20 21 (-1024 -1024 672 ) (-1024 -1024 -352 ) (-1024 -1376 -352 ) (-1024 -1376 672 ) 
