PRT1
190
524
4 0 3 (3072 3072 -522 ) (3072 3072 1870 ) (3072 3158 1870 ) (3072 3158 -522 ) 
4 0 1 (3412 3072 1870 ) (3072 3072 1870 ) (3072 3072 -522 ) (3412 3072 -522 ) 
4 1 6 (3072 2048 -522 ) (3072 2048 1870 ) (3072 3072 1870 ) (3072 3072 -522 ) 
4 1 2 (3072 2048 1870 ) (3072 2048 -522 ) (3412 2048 -522 ) (3412 2048 1870 ) 
4 2 12 (3412 1024 1870 ) (3072 1024 1870 ) (3072 1024 -522 ) (3412 1024 -522 ) 
4 2 7 (3072 1024 -522 ) (3072 1024 1870 ) (3072 2048 1870 ) (3072 2048 -522 ) 
4 3 6 (3072 3072 -522 ) (3072 3072 1870 ) (2048 3072 1870 ) (2048 3072 -522 ) 
4 3 4 (2048 3072 -522 ) (2048 3072 1870 ) (2048 3158 1870 ) (2048 3158 -522 ) 
4 4 8 (2048 3072 -522 ) (2048 3072 1870 ) (1024 3072 1870 ) (1024 3072 -522 ) 
4 4 5 (1024 3072 -522 ) (1024 3072 1870 ) (1024 3158 1870 ) (1024 3158 -522 ) 
4 5 51 (0 3072 -522 ) (0 3072 1870 ) (0 3158 1870 ) (0 3158 -522 ) 
4 5 9 (1024 3072 -522 ) (1024 3072 1870 ) (0 3072 1870 ) (0 3072 -522 ) 
4 6 8 (2048 3072 1870 ) (2048 3072 -522 ) (2048 2048 -522 ) (2048 2048 1870 ) 
4 6 7 (3072 2048 -522 ) (3072 2048 1870 ) (2048 2048 1870 ) (2048 2048 -522 ) 
4 7 15 (3072 1024 -522 ) (3072 1024 1870 ) (2048 1024 1870 ) (2048 1024 -522 ) 
4 7 10 (2048 1024 -522 ) (2048 1024 1870 ) (2048 2048 1870 ) (2048 2048 -522 ) 
4 8 10 (2048 2048 -522 ) (2048 2048 1870 ) (1024 2048 1870 ) (1024 2048 -522 ) 
4 8 9 (1024 3072 1870 ) (1024 3072 -522 ) (1024 2048 -522 ) (1024 2048 1870 ) 
4 9 59 (0 2048 -522 ) (0 2048 0 ) (0 3072 0 ) (0 3072 -522 ) 
4 9 56 (0 2048 0 ) (0 2048 1870 ) (0 2176 1870 ) (0 2176 0 ) 
4 9 54 (0 3072 960 ) (0 3072 0 ) (0 2176 0 ) (0 2176 960 ) 
4 9 53 (0 2176 1870 ) (0 3072 1870 ) (0 3072 960 ) (0 2176 960 ) 
4 9 11 (1024 2048 -522 ) (1024 2048 1870 ) (0 2048 1870 ) (0 2048 -522 ) 
4 10 21 (2048 1024 -522 ) (2048 1024 0 ) (1024 1024 0 ) (1024 1024 -522 ) 
4 10 19 (1088 1024 960 ) (1024 1024 960 ) (1024 1024 0 ) (1088 1024 0 ) 
4 10 18 (2048 1024 0 ) (2048 1024 960 ) (1088 1024 960 ) (1088 1024 0 ) 
4 10 17 (2048 1024 960 ) (2048 1024 1870 ) (1024 1024 1870 ) (1024 1024 960 ) 
4 10 11 (1024 2048 1870 ) (1024 2048 -522 ) (1024 1024 -522 ) (1024 1024 1870 ) 
4 11 71 (0 1024 -522 ) (0 1024 0 ) (0 2048 0 ) (0 2048 -522 ) 
4 11 68 (0 1024 0 ) (0 1024 960 ) (0 2048 960 ) (0 2048 0 ) 
4 11 67 (0 1024 960 ) (0 1024 1870 ) (0 2048 1870 ) (0 2048 960 ) 
4 11 29 (1024 1024 -522 ) (1024 1024 0 ) (0 1024 0 ) (0 1024 -522 ) 
4 11 28 (1024 1024 0 ) (1024 1024 64 ) (0 1024 64 ) (0 1024 0 ) 
4 11 23 (1024 1024 64 ) (1024 1024 960 ) (0 1024 960 ) (0 1024 64 ) 
4 11 22 (1024 1024 960 ) (1024 1024 1870 ) (0 1024 1870 ) (0 1024 960 ) 
4 12 15 (3072 1024 1870 ) (3072 1024 -522 ) (3072 0 -522 ) (3072 0 1870 ) 
4 12 13 (3072 0 1870 ) (3072 0 -522 ) (3412 0 -522 ) (3412 0 1870 ) 
4 13 16 (3072 -1024 -522 ) (3072 -1024 1870 ) (3072 0 1870 ) (3072 0 -522 ) 
4 13 14 (3412 -1024 1870 ) (3072 -1024 1870 ) (3072 -1024 -522 ) (3412 -1024 -522 ) 
4 14 46 (3072 -1708 1870 ) (3072 -1024 1870 ) (3072 -1024 -522 ) (3072 -1708 -522 ) 
4 15 21 (2048 1024 0 ) (2048 1024 -522 ) (2048 0 -522 ) (2048 0 0 ) 
4 15 20 (2048 704 0 ) (2048 0 0 ) (2048 0 960 ) (2048 704 960 ) 
4 15 18 (2048 1024 960 ) (2048 1024 0 ) (2048 704 0 ) (2048 704 960 ) 
4 15 17 (2048 1024 1870 ) (2048 1024 960 ) (2048 0 960 ) (2048 0 1870 ) 
4 15 16 (3072 0 -522 ) (3072 0 1870 ) (2048 0 1870 ) (2048 0 -522 ) 
4 16 46 (3072 -1024 -522 ) (3072 -1024 1870 ) (2048 -1024 1870 ) (2048 -1024 -522 ) 
4 16 34 (2048 -1024 -522 ) (2048 -1024 0 ) (2048 0 0 ) (2048 0 -522 ) 
4 16 32 (2048 -1024 0 ) (2048 -1024 960 ) (2048 -768 960 ) (2048 -768 0 ) 
4 16 31 (2048 -768 960 ) (2048 0 960 ) (2048 0 0 ) (2048 -768 0 ) 
4 16 30 (2048 -1024 960 ) (2048 -1024 1870 ) (2048 0 1870 ) (2048 0 960 ) 
4 17 30 (2048 0 960 ) (2048 0 1870 ) (1024 0 1870 ) (1024 0 960 ) 
4 17 24 (1024 704 960 ) (1024 0 960 ) (1024 0 1870 ) (1024 704 1870 ) 
4 17 22 (1024 1024 1870 ) (1024 1024 960 ) (1024 704 960 ) (1024 704 1870 ) 
4 17 20 (1088 704 960 ) (2048 704 960 ) (2048 0 960 ) (1088 0 960 ) 
4 17 19 (1024 768 960 ) (1024 1024 960 ) (1088 1024 960 ) (1088 768 960 ) 
4 17 18 (1088 1024 960 ) (2048 1024 960 ) (2048 704 960 ) (1088 704 960 ) 
4 18 21 (1088 1024 0 ) (2048 1024 0 ) (2048 704 0 ) (1088 704 0 ) 
4 18 20 (1088 704 0 ) (2048 704 0 ) (2048 704 960 ) (1088 704 960 ) 
4 18 19 (1088 1024 0 ) (1088 768 0 ) (1088 768 960 ) (1088 1024 960 ) 
4 19 28 (1024 1024 64 ) (1024 1024 0 ) (1024 768 0 ) (1024 768 64 ) 
4 19 23 (1024 1024 960 ) (1024 1024 64 ) (1024 768 64 ) (1024 768 960 ) 
4 19 21 (1024 768 0 ) (1024 1024 0 ) (1088 1024 0 ) (1088 768 0 ) 
4 20 31 (2048 0 0 ) (2048 0 960 ) (1088 0 960 ) (1088 0 0 ) 
4 20 21 (2048 0 0 ) (1088 0 0 ) (1088 704 0 ) (2048 704 0 ) 
4 21 34 (2048 0 -522 ) (2048 0 0 ) (1024 0 0 ) (1024 0 -522 ) 
4 21 29 (1024 1024 0 ) (1024 1024 -522 ) (1024 0 -522 ) (1024 0 0 ) 
4 22 85 (0 1024 1870 ) (0 1024 960 ) (0 704 960 ) (0 704 1870 ) 
4 22 27 (0 704 1870 ) (0 704 960 ) (32 704 960 ) (32 704 1870 ) 
4 22 25 (32 704 960 ) (64 704 960 ) (64 704 1870 ) (32 704 1870 ) 
4 22 24 (64 704 960 ) (1024 704 960 ) (1024 704 1870 ) (64 704 1870 ) 
4 22 23 (0 768 960 ) (0 1024 960 ) (1024 1024 960 ) (1024 768 960 ) 
4 23 86 (0 1024 960 ) (0 1024 64 ) (0 768 64 ) (0 768 960 ) 
4 23 28 (1024 1024 64 ) (1024 768 64 ) (0 768 64 ) (0 1024 64 ) 
4 24 38 (1024 0 64 ) (1024 0 192 ) (64 0 192 ) (64 0 64 ) 
4 24 35 (1024 0 192 ) (1024 0 1870 ) (64 0 1870 ) (64 0 192 ) 
4 24 26 (64 352 64 ) (64 96 64 ) (64 96 288 ) (64 352 288 ) 
4 24 25 (64 704 1870 ) (64 704 320 ) (64 0 320 ) (64 0 1870 ) 
4 25 41 (32 0 1870 ) (32 0 320 ) (64 0 320 ) (64 0 1870 ) 
4 25 27 (32 704 1870 ) (32 704 320 ) (32 0 320 ) (32 0 1870 ) 
4 26 27 (32 352 64 ) (32 96 64 ) (32 96 288 ) (32 352 288 ) 
4 27 88 (0 0 64 ) (0 0 1870 ) (0 704 1870 ) (0 704 64 ) 
4 27 42 (0 0 1870 ) (0 0 64 ) (32 0 64 ) (32 0 1870 ) 
4 28 86 (0 768 64 ) (0 1024 64 ) (0 1024 0 ) (0 768 0 ) 
4 28 29 (0 768 0 ) (0 1024 0 ) (1024 1024 0 ) (1024 768 0 ) 
4 29 89 (0 0 -522 ) (0 0 0 ) (0 1024 0 ) (0 1024 -522 ) 
4 29 45 (1024 0 -522 ) (1024 0 0 ) (0 0 0 ) (0 0 -522 ) 
4 30 47 (2048 -1024 960 ) (2048 -1024 1870 ) (1024 -1024 1870 ) (1024 -1024 960 ) 
4 30 43 (1024 -768 960 ) (1024 -832 960 ) (1024 -832 1870 ) (1024 -768 1870 ) 
4 30 44 (1024 -832 960 ) (1024 -1024 960 ) (1024 -1024 1870 ) (1024 -832 1870 ) 
4 30 36 (1024 -168 960 ) (1024 -192 960 ) (1024 -192 1870 ) (1024 -168 1870 ) 
4 30 35 (1024 0 1870 ) (1024 0 960 ) (1024 -168 960 ) (1024 -168 1870 ) 
4 30 37 (1024 -192 960 ) (1024 -768 960 ) (1024 -768 1870 ) (1024 -192 1870 ) 
4 30 33 (1088 -1024 960 ) (1024 -1024 960 ) (1024 -832 960 ) (1088 -832 960 ) 
4 30 32 (2048 -1024 960 ) (1088 -1024 960 ) (1088 -768 960 ) (2048 -768 960 ) 
4 30 31 (1088 0 960 ) (2048 0 960 ) (2048 -768 960 ) (1088 -768 960 ) 
4 31 34 (1088 0 0 ) (2048 0 0 ) (2048 -768 0 ) (1088 -768 0 ) 
4 31 32 (1088 -768 0 ) (2048 -768 0 ) (2048 -768 960 ) (1088 -768 960 ) 
4 32 47 (2048 -1024 0 ) (2048 -1024 960 ) (1088 -1024 960 ) (1088 -1024 0 ) 
4 32 34 (2048 -768 0 ) (2048 -1024 0 ) (1088 -1024 0 ) (1088 -768 0 ) 
4 32 33 (1088 -832 0 ) (1088 -1024 0 ) (1088 -1024 960 ) (1088 -832 960 ) 
4 33 47 (1088 -1024 960 ) (1024 -1024 960 ) (1024 -1024 0 ) (1088 -1024 0 ) 
4 33 44 (1024 -1024 64 ) (1024 -1024 960 ) (1024 -832 960 ) (1024 -832 64 ) 
4 33 34 (1088 -1024 0 ) (1024 -1024 0 ) (1024 -832 0 ) (1088 -832 0 ) 
4 34 47 (2048 -1024 -522 ) (2048 -1024 0 ) (1024 -1024 0 ) (1024 -1024 -522 ) 
4 34 45 (1024 0 0 ) (1024 0 -522 ) (1024 -1024 -522 ) (1024 -1024 0 ) 
4 35 41 (64 -168 1870 ) (64 0 1870 ) (64 0 320 ) (64 -168 320 ) 
4 35 38 (64 -168 192 ) (64 0 192 ) (1024 0 192 ) (1024 -168 192 ) 
4 35 36 (1024 -168 232 ) (1024 -168 1870 ) (64 -168 1870 ) (64 -168 232 ) 
4 36 41 (64 -192 1870 ) (64 -168 1870 ) (64 -168 320 ) (64 -192 320 ) 
4 36 37 (1024 -192 232 ) (1024 -192 1870 ) (64 -192 1870 ) (64 -192 232 ) 
4 37 43 (1024 -768 960 ) (1024 -768 1870 ) (64 -768 1870 ) (64 -768 960 ) 
4 37 41 (64 -768 320 ) (64 -768 1870 ) (64 -192 1870 ) (64 -192 320 ) 
4 37 40 (1024 -768 192 ) (64 -768 192 ) (64 -192 192 ) (1024 -192 192 ) 
4 38 39 (1024 -168 192 ) (64 -168 192 ) (64 -168 104 ) (1024 -168 104 ) 
4 39 40 (1024 -192 192 ) (64 -192 192 ) (64 -192 104 ) (1024 -192 104 ) 
4 41 43 (64 -768 960 ) (64 -768 1870 ) (32 -768 1870 ) (32 -768 960 ) 
4 41 42 (32 -768 320 ) (32 -768 1870 ) (32 0 1870 ) (32 0 320 ) 
4 42 103 (0 0 512 ) (0 0 64 ) (0 -768 64 ) (0 -768 512 ) 
4 42 100 (0 -640 512 ) (0 -768 512 ) (0 -768 640 ) (0 -640 640 ) 
4 42 97 (0 0 640 ) (0 0 512 ) (0 -640 512 ) (0 -640 640 ) 
4 42 96 (0 0 1870 ) (0 0 640 ) (0 -768 640 ) (0 -768 1870 ) 
4 42 43 (0 -768 1870 ) (0 -768 960 ) (32 -768 960 ) (32 -768 1870 ) 
4 43 118 (0 -832 1870 ) (0 -768 1870 ) (0 -768 960 ) (0 -832 960 ) 
4 43 44 (1024 -832 960 ) (1024 -832 1870 ) (0 -832 1870 ) (0 -832 960 ) 
4 44 119 (0 -1024 64 ) (0 -1024 960 ) (0 -832 960 ) (0 -832 64 ) 
4 44 118 (0 -1024 960 ) (0 -1024 1870 ) (0 -832 1870 ) (0 -832 960 ) 
4 44 48 (1024 -1024 64 ) (1024 -1024 1870 ) (0 -1024 1870 ) (0 -1024 64 ) 
4 45 126 (0 -1024 -522 ) (0 -1024 0 ) (0 -768 0 ) (0 -768 -522 ) 
4 45 110 (0 -768 0 ) (0 0 0 ) (0 0 -522 ) (0 -768 -522 ) 
4 45 49 (1024 -1024 -522 ) (1024 -1024 0 ) (0 -1024 0 ) (0 -1024 -522 ) 
4 46 47 (2048 -1024 1870 ) (2048 -1024 -522 ) (2048 -1708 -522 ) (2048 -1708 1870 ) 
4 47 50 (1024 -1552 -522 ) (1024 -1708 -522 ) (1024 -1708 1870 ) (1024 -1552 1870 ) 
4 47 48 (1024 -1024 1870 ) (1024 -1024 64 ) (1024 -1552 64 ) (1024 -1552 1870 ) 
4 47 49 (1024 -1024 0 ) (1024 -1024 -522 ) (1024 -1552 -522 ) (1024 -1552 0 ) 
4 48 172 (0 -1552 1870 ) (0 -1504 1870 ) (0 -1504 64 ) (0 -1552 64 ) 
4 48 170 (0 -1504 1870 ) (0 -1472 1870 ) (0 -1472 64 ) (0 -1504 64 ) 
4 48 159 (0 -1472 1870 ) (0 -1024 1870 ) (0 -1024 64 ) (0 -1472 64 ) 
4 48 50 (1024 -1552 64 ) (1024 -1552 1870 ) (0 -1552 1870 ) (0 -1552 64 ) 
4 49 173 (0 -1024 0 ) (0 -1024 -522 ) (0 -1552 -522 ) (0 -1552 0 ) 
4 49 50 (0 -1552 -522 ) (1024 -1552 -522 ) (1024 -1552 0 ) (0 -1552 0 ) 
4 50 174 (0 -1552 64 ) (0 -1552 -522 ) (0 -1708 -522 ) (0 -1708 64 ) 
4 50 172 (0 -1708 1870 ) (0 -1552 1870 ) (0 -1552 64 ) (0 -1708 64 ) 
4 51 59 (0 3072 -522 ) (0 3072 0 ) (-1024 3072 0 ) (-1024 3072 -522 ) 
4 51 55 (-320 3072 960 ) (-1024 3072 960 ) (-1024 3072 0 ) (-320 3072 0 ) 
4 51 54 (0 3072 0 ) (0 3072 960 ) (-320 3072 960 ) (-320 3072 0 ) 
4 51 53 (0 3072 960 ) (0 3072 1870 ) (-1024 3072 1870 ) (-1024 3072 960 ) 
4 51 52 (-1024 3072 -522 ) (-1024 3072 1870 ) (-1024 3158 1870 ) (-1024 3158 -522 ) 
4 52 79 (-2048 3072 -522 ) (-2048 3072 1870 ) (-2048 3158 1870 ) (-2048 3158 -522 ) 
4 52 66 (-1024 3072 -522 ) (-1024 3072 0 ) (-2048 3072 0 ) (-2048 3072 -522 ) 
4 52 61 (-1024 3072 0 ) (-1024 3072 960 ) (-1664 3072 960 ) (-1664 3072 0 ) 
4 52 62 (-1664 3072 960 ) (-2048 3072 960 ) (-2048 3072 0 ) (-1664 3072 0 ) 
4 52 60 (-1024 3072 960 ) (-1024 3072 1870 ) (-2048 3072 1870 ) (-2048 3072 960 ) 
4 53 60 (-1024 3072 1870 ) (-1024 3072 960 ) (-1024 2176 960 ) (-1024 2176 1870 ) 
4 53 58 (-1024 2176 1870 ) (-1024 2176 960 ) (-384 2176 960 ) (-384 2176 1870 ) 
4 53 57 (-384 2176 960 ) (-320 2176 960 ) (-320 2176 1870 ) (-384 2176 1870 ) 
4 53 56 (-320 2176 960 ) (0 2176 960 ) (0 2176 1870 ) (-320 2176 1870 ) 
4 53 55 (-1024 2240 960 ) (-1024 3072 960 ) (-320 3072 960 ) (-320 2240 960 ) 
4 53 54 (0 2176 960 ) (-320 2176 960 ) (-320 3072 960 ) (0 3072 960 ) 
4 54 59 (-320 3072 0 ) (0 3072 0 ) (0 2176 0 ) (-320 2176 0 ) 
4 54 56 (-320 2176 0 ) (0 2176 0 ) (0 2176 960 ) (-320 2176 960 ) 
4 54 55 (-320 3072 0 ) (-320 2240 0 ) (-320 2240 960 ) (-320 3072 960 ) 
4 55 61 (-1024 3072 960 ) (-1024 3072 0 ) (-1024 2240 0 ) (-1024 2240 960 ) 
4 55 59 (-1024 2240 0 ) (-1024 3072 0 ) (-320 3072 0 ) (-320 2240 0 ) 
4 56 68 (0 2048 0 ) (0 2048 960 ) (-320 2048 960 ) (-320 2048 0 ) 
4 56 67 (0 2048 960 ) (0 2048 1870 ) (-320 2048 1870 ) (-320 2048 960 ) 
4 56 59 (0 2048 0 ) (-320 2048 0 ) (-320 2176 0 ) (0 2176 0 ) 
4 56 57 (-320 2048 1870 ) (-320 2176 1870 ) (-320 2176 960 ) (-320 2048 960 ) 
4 57 67 (-320 2048 1870 ) (-384 2048 1870 ) (-384 2048 960 ) (-320 2048 960 ) 
4 57 58 (-384 2176 1870 ) (-384 2176 960 ) (-384 2048 960 ) (-384 2048 1870 ) 
4 58 69 (-1024 2048 1870 ) (-1024 2048 512 ) (-384 2048 512 ) (-384 2048 1870 ) 
4 58 63 (-1024 2048 512 ) (-1024 2048 1870 ) (-1024 2176 1870 ) (-1024 2176 512 ) 
4 59 71 (0 2048 -522 ) (0 2048 0 ) (-1024 2048 0 ) (-1024 2048 -522 ) 
4 59 66 (-1024 2048 -522 ) (-1024 2048 0 ) (-1024 3072 0 ) (-1024 3072 -522 ) 
4 60 81 (-2048 3072 1870 ) (-2048 3072 960 ) (-2048 2176 960 ) (-2048 2176 1870 ) 
4 60 64 (-1600 2176 1870 ) (-1664 2176 1870 ) (-1664 2176 960 ) (-1600 2176 960 ) 
4 60 65 (-1664 2176 1870 ) (-2048 2176 1870 ) (-2048 2176 960 ) (-1664 2176 960 ) 
4 60 63 (-1024 2176 960 ) (-1024 2176 1870 ) (-1600 2176 1870 ) (-1600 2176 960 ) 
4 60 61 (-1664 2240 960 ) (-1664 3072 960 ) (-1024 3072 960 ) (-1024 2240 960 ) 
4 60 62 (-1664 2176 960 ) (-2048 2176 960 ) (-2048 3072 960 ) (-1664 3072 960 ) 
4 61 66 (-1664 3072 0 ) (-1024 3072 0 ) (-1024 2240 0 ) (-1664 2240 0 ) 
4 61 62 (-1664 3072 0 ) (-1664 2240 0 ) (-1664 2240 960 ) (-1664 3072 960 ) 
4 62 81 (-2048 3072 960 ) (-2048 3072 0 ) (-2048 2176 0 ) (-2048 2176 960 ) 
4 62 66 (-2048 3072 0 ) (-1664 3072 0 ) (-1664 2176 0 ) (-2048 2176 0 ) 
4 62 65 (-2048 2176 0 ) (-1664 2176 0 ) (-1664 2176 960 ) (-2048 2176 960 ) 
4 63 73 (-1024 2048 512 ) (-1024 2048 960 ) (-1600 2048 960 ) (-1600 2048 512 ) 
4 63 72 (-1024 2048 960 ) (-1024 2048 1870 ) (-1600 2048 1870 ) (-1600 2048 960 ) 
4 63 64 (-1600 2176 1870 ) (-1600 2176 960 ) (-1600 2048 960 ) (-1600 2048 1870 ) 
4 64 72 (-1600 2048 960 ) (-1600 2048 1870 ) (-1664 2048 1870 ) (-1664 2048 960 ) 
4 64 65 (-1664 2048 1870 ) (-1664 2176 1870 ) (-1664 2176 960 ) (-1664 2048 960 ) 
4 65 81 (-2048 2048 0 ) (-2048 2048 1870 ) (-2048 2176 1870 ) (-2048 2176 0 ) 
4 65 77 (-2048 2048 64 ) (-2048 2048 0 ) (-1664 2048 0 ) (-1664 2048 64 ) 
4 65 76 (-2048 2048 512 ) (-2048 2048 64 ) (-1664 2048 64 ) (-1664 2048 512 ) 
4 65 74 (-2048 2048 960 ) (-2048 2048 512 ) (-1664 2048 512 ) (-1664 2048 960 ) 
4 65 72 (-2048 2048 1870 ) (-2048 2048 960 ) (-1664 2048 960 ) (-1664 2048 1870 ) 
4 65 66 (-1664 2048 0 ) (-2048 2048 0 ) (-2048 2176 0 ) (-1664 2176 0 ) 
4 66 81 (-2048 2048 -522 ) (-2048 2048 0 ) (-2048 3072 0 ) (-2048 3072 -522 ) 
4 66 78 (-2048 2048 0 ) (-2048 2048 -522 ) (-1024 2048 -522 ) (-1024 2048 0 ) 
4 67 85 (0 1024 960 ) (0 1024 1870 ) (-384 1024 1870 ) (-384 1024 960 ) 
4 67 69 (-384 2048 1870 ) (-384 2048 960 ) (-384 1536 960 ) (-384 1536 1870 ) 
4 67 70 (-384 1536 960 ) (-384 1024 960 ) (-384 1024 1870 ) (-384 1536 1870 ) 
4 67 68 (-320 2048 960 ) (0 2048 960 ) (0 1024 960 ) (-320 1024 960 ) 
4 68 86 (0 1024 0 ) (0 1024 960 ) (-320 1024 960 ) (-320 1024 0 ) 
4 68 71 (-320 2048 0 ) (0 2048 0 ) (0 1024 0 ) (-320 1024 0 ) 
4 69 73 (-1024 2048 960 ) (-1024 2048 512 ) (-1024 1536 512 ) (-1024 1536 960 ) 
4 69 72 (-1024 2048 1870 ) (-1024 2048 960 ) (-1024 1536 960 ) (-1024 1536 1870 ) 
4 69 70 (-384 1536 512 ) (-384 1536 1870 ) (-1024 1536 1870 ) (-1024 1536 512 ) 
4 70 87 (-1024 1024 960 ) (-1024 1024 64 ) (-384 1024 64 ) (-384 1024 960 ) 
4 70 85 (-1024 1024 1870 ) (-1024 1024 960 ) (-384 1024 960 ) (-384 1024 1870 ) 
4 70 75 (-1024 1536 64 ) (-1024 1024 64 ) (-1024 1024 512 ) (-1024 1536 512 ) 
4 70 73 (-1024 1024 512 ) (-1024 1024 960 ) (-1024 1536 960 ) (-1024 1536 512 ) 
4 70 72 (-1024 1024 960 ) (-1024 1024 1870 ) (-1024 1536 1870 ) (-1024 1536 960 ) 
4 71 89 (0 1024 -522 ) (0 1024 0 ) (-1024 1024 0 ) (-1024 1024 -522 ) 
4 71 78 (-1024 2048 0 ) (-1024 2048 -522 ) (-1024 1024 -522 ) (-1024 1024 0 ) 
4 72 93 (-1600 1024 1870 ) (-2048 1024 1870 ) (-2048 1024 960 ) (-1600 1024 960 ) 
4 72 91 (-1216 1024 1870 ) (-1600 1024 1870 ) (-1600 1024 960 ) (-1216 1024 960 ) 
4 72 90 (-1024 1024 960 ) (-1024 1024 1870 ) (-1216 1024 1870 ) (-1216 1024 960 ) 
4 72 82 (-2048 1024 960 ) (-2048 1024 1870 ) (-2048 2048 1870 ) (-2048 2048 960 ) 
4 72 73 (-1600 2048 960 ) (-1024 2048 960 ) (-1024 1024 960 ) (-1600 1024 960 ) 
4 72 74 (-2048 1024 960 ) (-2048 2048 960 ) (-1664 2048 960 ) (-1664 1024 960 ) 
4 73 91 (-1216 1024 960 ) (-1600 1024 960 ) (-1600 1024 512 ) (-1216 1024 512 ) 
4 73 90 (-1024 1024 512 ) (-1024 1024 960 ) (-1216 1024 960 ) (-1216 1024 512 ) 
6 73 75 (-1024 1024 512 ) (-1216 1024 512 ) (-1216 1472 512 ) (-1188.570190 1508.569702 512 ) (-1152 1536 512 ) (-1024 1536 512 ) 
4 74 94 (-1664 1024 960 ) (-2048 1024 960 ) (-2048 1024 512 ) (-1664 1024 512 ) 
4 74 82 (-2048 1024 512 ) (-2048 1024 960 ) (-2048 2048 960 ) (-2048 2048 512 ) 
4 74 76 (-1664 1024 512 ) (-2048 1024 512 ) (-2048 2048 512 ) (-1664 2048 512 ) 
4 75 90 (-1024 1024 64 ) (-1024 1024 512 ) (-1216 1024 512 ) (-1216 1024 64 ) 
4 76 94 (-1664 1024 512 ) (-2048 1024 512 ) (-2048 1024 64 ) (-1664 1024 64 ) 
4 76 82 (-2048 1024 64 ) (-2048 1024 512 ) (-2048 2048 512 ) (-2048 2048 64 ) 
4 76 77 (-2048 1024 64 ) (-2048 2048 64 ) (-1664 2048 64 ) (-1664 1024 64 ) 
4 77 94 (-1664 1024 64 ) (-2048 1024 64 ) (-2048 1024 0 ) (-1664 1024 0 ) 
4 77 82 (-2048 1024 0 ) (-2048 1024 64 ) (-2048 2048 64 ) (-2048 2048 0 ) 
4 77 78 (-1664 1024 0 ) (-2048 1024 0 ) (-2048 2048 0 ) (-1664 2048 0 ) 
4 78 95 (-1024 1024 -522 ) (-1024 1024 0 ) (-2048 1024 0 ) (-2048 1024 -522 ) 
4 78 82 (-2048 1024 -522 ) (-2048 1024 0 ) (-2048 2048 0 ) (-2048 2048 -522 ) 
4 79 81 (-2048 3072 -522 ) (-2048 3072 1870 ) (-3072 3072 1870 ) (-3072 3072 -522 ) 
4 79 80 (-3072 3072 -522 ) (-3072 3072 1870 ) (-3072 3158 1870 ) (-3072 3158 -522 ) 
4 80 83 (-3072 3072 -522 ) (-3072 3072 1870 ) (-3610 3072 1870 ) (-3610 3072 -522 ) 
4 81 83 (-3072 3072 1870 ) (-3072 3072 -522 ) (-3072 2048 -522 ) (-3072 2048 1870 ) 
4 81 82 (-2048 2048 -522 ) (-2048 2048 1870 ) (-3072 2048 1870 ) (-3072 2048 -522 ) 
4 82 184 (-2048 1024 -522 ) (-2048 1024 1870 ) (-3072 1024 1870 ) (-3072 1024 -522 ) 
4 82 84 (-3072 1024 -522 ) (-3072 1024 1870 ) (-3072 2048 1870 ) (-3072 2048 -522 ) 
4 83 84 (-3072 2048 -522 ) (-3072 2048 1870 ) (-3610 2048 1870 ) (-3610 2048 -522 ) 
4 84 186 (-3072 1024 -522 ) (-3072 1024 1870 ) (-3610 1024 1870 ) (-3610 1024 -522 ) 
4 85 90 (-1024 1024 1870 ) (-1024 1024 960 ) (-1024 704 960 ) (-1024 704 1870 ) 
4 85 88 (-1024 704 1870 ) (-1024 704 960 ) (0 704 960 ) (0 704 1870 ) 
4 85 87 (-384 704 960 ) (-1024 704 960 ) (-1024 1024 960 ) (-384 1024 960 ) 
4 85 86 (-320 768 960 ) (-320 1024 960 ) (0 1024 960 ) (0 768 960 ) 
4 86 89 (-320 1024 0 ) (0 1024 0 ) (0 768 0 ) (-320 768 0 ) 
4 87 90 (-1024 1024 960 ) (-1024 1024 64 ) (-1024 704 64 ) (-1024 704 960 ) 
4 87 88 (-1024 704 960 ) (-1024 704 64 ) (-384 704 64 ) (-384 704 960 ) 
3 88 115 (-704 0 384 ) (-704 0 448 ) (-768 0 448 ) 
5 88 113 (-1024 0 448 ) (-1024 0 64 ) (-704 0 64 ) (-704 0 384 ) (-768 0 448 ) 
4 88 111 (-704 0 512 ) (-768 0 512 ) (-768 0 448 ) (-704 0 448 ) 
4 88 112 (-768 0 512 ) (-1024 0 512 ) (-1024 0 448 ) (-768 0 448 ) 
4 88 109 (-704 0 352 ) (-704 0 64 ) (-696 0 64 ) (-696 0 352 ) 
4 88 106 (-704 0 448 ) (-704 0 352 ) (-696 0 352 ) (-696 0 448 ) 
4 88 105 (-696 0 512 ) (-704 0 512 ) (-704 0 448 ) (-696 0 448 ) 
4 88 104 (-192 0 512 ) (-696 0 512 ) (-696 0 64 ) (-192 0 64 ) 
4 88 103 (0 0 64 ) (0 0 512 ) (-192 0 512 ) (-192 0 64 ) 
4 88 98 (-192 0 640 ) (-320 0 640 ) (-320 0 512 ) (-192 0 512 ) 
4 88 97 (0 0 512 ) (0 0 640 ) (-192 0 640 ) (-192 0 512 ) 
4 88 99 (-320 0 640 ) (-1024 0 640 ) (-1024 0 512 ) (-320 0 512 ) 
4 88 96 (0 0 640 ) (0 0 1870 ) (-1024 0 1870 ) (-1024 0 640 ) 
4 88 90 (-1024 0 64 ) (-1024 0 1870 ) (-1024 704 1870 ) (-1024 704 64 ) 
4 89 114 (-704 0 0 ) (-1024 0 0 ) (-1024 0 -522 ) (-704 0 -522 ) 
4 89 110 (0 0 -522 ) (0 0 0 ) (-704 0 0 ) (-704 0 -522 ) 
4 89 95 (-1024 0 -522 ) (-1024 0 0 ) (-1024 1024 0 ) (-1024 1024 -522 ) 
4 90 137 (-1176 0 88 ) (-1216 0 88 ) (-1216 0 64 ) (-1176 0 64 ) 
4 90 136 (-1024 0 64 ) (-1024 0 88 ) (-1176 0 88 ) (-1176 0 64 ) 
3 90 133 (-1152 0 448 ) (-1216 0 448 ) (-1216 0 384 ) 
4 90 131 (-1176 0 424 ) (-1216 0 384 ) (-1216 0 88 ) (-1176 0 88 ) 
5 90 130 (-1024 0 88 ) (-1024 0 448 ) (-1152 0 448 ) (-1176 0 424 ) (-1176 0 88 ) 
4 90 128 (-1152 0 1870 ) (-1216 0 1870 ) (-1216 0 448 ) (-1152 0 448 ) 
4 90 127 (-1024 0 448 ) (-1024 0 1870 ) (-1152 0 1870 ) (-1152 0 448 ) 
4 90 91 (-1216 704 512 ) (-1216 704 1870 ) (-1216 1024 1870 ) (-1216 1024 512 ) 
4 90 92 (-1216 704 64 ) (-1216 0 64 ) (-1216 0 1870 ) (-1216 704 1870 ) 
4 91 93 (-1600 704 1870 ) (-1600 1024 1870 ) (-1600 1024 960 ) (-1600 704 960 ) 
4 91 92 (-1216 704 512 ) (-1216 704 1870 ) (-1600 704 1870 ) (-1600 704 512 ) 
4 92 141 (-1600 0 512 ) (-1600 0 64 ) (-1216 0 64 ) (-1216 0 512 ) 
4 92 140 (-1216 0 1870 ) (-1600 0 1870 ) (-1600 0 512 ) (-1216 0 512 ) 
4 92 93 (-1600 0 960 ) (-1600 0 1870 ) (-1600 704 1870 ) (-1600 704 960 ) 
4 93 184 (-2048 1024 1870 ) (-2048 1024 960 ) (-2048 0 960 ) (-2048 0 1870 ) 
4 93 142 (-1664 0 960 ) (-1600 0 960 ) (-1600 0 1870 ) (-1664 0 1870 ) 
4 93 143 (-2048 0 1870 ) (-2048 0 960 ) (-1664 0 960 ) (-1664 0 1870 ) 
4 93 94 (-1664 0 960 ) (-2048 0 960 ) (-2048 1024 960 ) (-1664 1024 960 ) 
4 94 184 (-2048 1024 960 ) (-2048 1024 0 ) (-2048 0 0 ) (-2048 0 960 ) 
4 94 143 (-2048 0 960 ) (-2048 0 0 ) (-1664 0 0 ) (-1664 0 960 ) 
4 94 95 (-1664 0 0 ) (-2048 0 0 ) (-2048 1024 0 ) (-1664 1024 0 ) 
4 95 184 (-2048 1024 0 ) (-2048 1024 -522 ) (-2048 0 -522 ) (-2048 0 0 ) 
4 95 144 (-2048 0 0 ) (-2048 0 -522 ) (-1216 0 -522 ) (-1216 0 0 ) 
4 95 139 (-1216 0 -522 ) (-1024 0 -522 ) (-1024 0 0 ) (-1216 0 0 ) 
4 96 127 (-1024 0 1870 ) (-1024 0 640 ) (-1024 -768 640 ) (-1024 -768 1870 ) 
4 96 121 (-832 -768 1870 ) (-1024 -768 1870 ) (-1024 -768 960 ) (-832 -768 960 ) 
4 96 118 (0 -768 960 ) (0 -768 1870 ) (-832 -768 1870 ) (-832 -768 960 ) 
4 96 102 (-448 -768 640 ) (-1024 -768 640 ) (-1024 -640 640 ) (-448 -640 640 ) 
4 96 100 (0 -768 640 ) (-192 -768 640 ) (-192 -640 640 ) (0 -640 640 ) 
4 96 98 (-320 0 640 ) (-192 0 640 ) (-192 -512 640 ) (-320 -512 640 ) 
4 96 97 (-192 0 640 ) (0 0 640 ) (0 -640 640 ) (-192 -640 640 ) 
4 96 99 (-1024 -640 640 ) (-1024 0 640 ) (-320 0 640 ) (-320 -640 640 ) 
4 97 103 (-192 0 512 ) (0 0 512 ) (0 -640 512 ) (-192 -640 512 ) 
4 97 100 (-192 -640 512 ) (0 -640 512 ) (0 -640 640 ) (-192 -640 640 ) 
4 97 98 (-192 0 512 ) (-192 -512 512 ) (-192 -512 640 ) (-192 0 640 ) 
4 98 104 (-320 0 512 ) (-192 0 512 ) (-192 -512 512 ) (-320 -512 512 ) 
4 98 99 (-320 0 512 ) (-320 -512 512 ) (-320 -512 640 ) (-320 0 640 ) 
4 99 127 (-1024 0 640 ) (-1024 0 512 ) (-1024 -640 512 ) (-1024 -640 640 ) 
4 99 111 (-768 0 512 ) (-704 0 512 ) (-704 -512 512 ) (-768 -512 512 ) 
4 99 112 (-1024 -640 512 ) (-1024 0 512 ) (-768 0 512 ) (-768 -640 512 ) 
4 99 105 (-704 0 512 ) (-696 0 512 ) (-696 -512 512 ) (-704 -512 512 ) 
4 99 104 (-696 0 512 ) (-320 0 512 ) (-320 -512 512 ) (-696 -512 512 ) 
4 99 102 (-1024 -640 512 ) (-448 -640 512 ) (-448 -640 640 ) (-1024 -640 640 ) 
4 99 101 (-416 -640 512 ) (-352 -640 512 ) (-352 -640 624 ) (-416 -640 624 ) 
4 100 103 (0 -768 512 ) (-192 -768 512 ) (-192 -640 512 ) (0 -640 512 ) 
4 102 127 (-1024 -640 512 ) (-1024 -768 512 ) (-1024 -768 640 ) (-1024 -640 640 ) 
4 102 112 (-768 -768 512 ) (-1024 -768 512 ) (-1024 -640 512 ) (-768 -640 512 ) 
4 103 104 (-192 0 64 ) (-192 -512 64 ) (-192 -512 512 ) (-192 0 512 ) 
4 104 109 (-696 0 64 ) (-696 -512 64 ) (-696 -512 352 ) (-696 0 352 ) 
4 104 106 (-696 -512 352 ) (-696 -512 448 ) (-696 0 448 ) (-696 0 352 ) 
4 104 105 (-696 -512 448 ) (-696 -512 512 ) (-696 0 512 ) (-696 0 448 ) 
4 105 111 (-704 -512 512 ) (-704 0 512 ) (-704 0 448 ) (-704 -512 448 ) 
4 105 106 (-704 -512 448 ) (-704 0 448 ) (-696 0 448 ) (-696 -512 448 ) 
4 106 115 (-704 -512 448 ) (-704 0 448 ) (-704 0 384 ) (-704 -512 384 ) 
4 106 113 (-704 0 384 ) (-704 0 352 ) (-704 -512 352 ) (-704 -512 384 ) 
4 106 109 (-704 -512 352 ) (-704 0 352 ) (-696 0 352 ) (-696 -512 352 ) 
4 107 116 (-704 -624 448 ) (-704 -536 448 ) (-704 -536 384 ) (-704 -624 384 ) 
4 107 113 (-704 -536 384 ) (-704 -536 352 ) (-704 -624 352 ) (-704 -624 384 ) 
4 108 117 (-704 -744 448 ) (-704 -656 448 ) (-704 -656 384 ) (-704 -744 384 ) 
4 108 113 (-704 -656 384 ) (-704 -656 352 ) (-704 -744 352 ) (-704 -744 384 ) 
4 109 113 (-704 -512 352 ) (-704 0 352 ) (-704 0 64 ) (-704 -512 64 ) 
4 110 126 (0 -768 -522 ) (0 -768 0 ) (-704 -768 0 ) (-704 -768 -522 ) 
4 110 114 (-704 -768 -522 ) (-704 -768 0 ) (-704 0 0 ) (-704 0 -522 ) 
4 111 115 (-704 0 448 ) (-704 -512 448 ) (-768 -512 448 ) (-768 0 448 ) 
4 111 112 (-768 0 448 ) (-768 -512 448 ) (-768 -512 512 ) (-768 0 512 ) 
4 112 127 (-1024 0 512 ) (-1024 0 448 ) (-1024 -768 448 ) (-1024 -768 512 ) 
4 112 113 (-768 -768 448 ) (-1024 -768 448 ) (-1024 0 448 ) (-768 0 448 ) 
4 113 136 (-1024 0 88 ) (-1024 0 64 ) (-1024 -768 64 ) (-1024 -768 88 ) 
4 113 130 (-1024 0 448 ) (-1024 0 88 ) (-1024 -768 88 ) (-1024 -768 448 ) 
4 113 123 (-1024 -768 336 ) (-1024 -768 64 ) (-832 -768 64 ) (-832 -768 336 ) 
4 113 117 (-704 -744 384 ) (-704 -656 384 ) (-768 -656 448 ) (-768 -744 448 ) 
4 113 116 (-704 -624 384 ) (-704 -536 384 ) (-768 -536 448 ) (-768 -624 448 ) 
4 113 115 (-704 -512 384 ) (-704 0 384 ) (-768 0 448 ) (-768 -512 448 ) 
4 114 139 (-1024 0 0 ) (-1024 0 -522 ) (-1024 -768 -522 ) (-1024 -768 0 ) 
4 114 126 (-704 -768 -522 ) (-704 -768 0 ) (-1024 -768 0 ) (-1024 -768 -522 ) 
4 118 161 (-816 -1024 1870 ) (-832 -1024 1870 ) (-832 -1024 960 ) (-816 -1024 960 ) 
4 118 160 (-784 -1024 1870 ) (-816 -1024 1870 ) (-816 -1024 960 ) (-784 -1024 960 ) 
4 118 159 (0 -1024 960 ) (0 -1024 1870 ) (-784 -1024 1870 ) (-784 -1024 960 ) 
4 118 121 (-832 -768 1870 ) (-832 -768 960 ) (-832 -832 960 ) (-832 -832 1870 ) 
4 118 122 (-832 -832 960 ) (-832 -1024 960 ) (-832 -1024 1870 ) (-832 -832 1870 ) 
4 118 119 (0 -1024 960 ) (-784 -1024 960 ) (-784 -832 960 ) (0 -832 960 ) 
4 118 120 (-816 -1024 960 ) (-832 -1024 960 ) (-832 -832 960 ) (-816 -832 960 ) 
4 119 159 (0 -1024 64 ) (0 -1024 960 ) (-784 -1024 960 ) (-784 -1024 64 ) 
4 120 161 (-816 -1024 960 ) (-832 -1024 960 ) (-832 -1024 64 ) (-816 -1024 64 ) 
4 120 125 (-832 -832 64 ) (-832 -1024 64 ) (-832 -1024 336 ) (-832 -832 336 ) 
4 120 122 (-832 -1024 336 ) (-832 -1024 960 ) (-832 -832 960 ) (-832 -832 336 ) 
4 121 145 (-1024 -832 1870 ) (-1024 -768 1870 ) (-1024 -768 960 ) (-1024 -832 960 ) 
4 121 122 (-832 -832 960 ) (-832 -832 1870 ) (-1024 -832 1870 ) (-1024 -832 960 ) 
4 122 166 (-976 -1024 336 ) (-944 -1024 336 ) (-944 -1024 1870 ) (-976 -1024 1870 ) 
4 122 169 (-1024 -1024 1870 ) (-1024 -1024 336 ) (-976 -1024 336 ) (-976 -1024 1870 ) 
4 122 162 (-880 -1024 336 ) (-848 -1024 336 ) (-848 -1024 1870 ) (-880 -1024 1870 ) 
4 122 161 (-848 -1024 336 ) (-832 -1024 336 ) (-832 -1024 1870 ) (-848 -1024 1870 ) 
4 122 165 (-944 -1024 336 ) (-880 -1024 336 ) (-880 -1024 1870 ) (-944 -1024 1870 ) 
4 122 146 (-1024 -1024 336 ) (-1024 -1024 960 ) (-1024 -832 960 ) (-1024 -832 336 ) 
4 122 145 (-1024 -1024 960 ) (-1024 -1024 1870 ) (-1024 -832 1870 ) (-1024 -832 960 ) 
4 122 125 (-1024 -1024 336 ) (-1024 -832 336 ) (-832 -832 336 ) (-832 -1024 336 ) 
4 123 147 (-1024 -784 336 ) (-1024 -768 336 ) (-1024 -768 64 ) (-1024 -784 64 ) 
4 123 124 (-832 -784 104 ) (-832 -784 296 ) (-1024 -784 296 ) (-1024 -784 104 ) 
4 124 148 (-1024 -784 296 ) (-1024 -784 104 ) (-1024 -816 104 ) (-1024 -816 296 ) 
4 124 125 (-832 -816 104 ) (-832 -816 296 ) (-1024 -816 296 ) (-1024 -816 104 ) 
4 125 166 (-976 -1024 64 ) (-944 -1024 64 ) (-944 -1024 336 ) (-976 -1024 336 ) 
4 125 169 (-1024 -1024 336 ) (-1024 -1024 64 ) (-976 -1024 64 ) (-976 -1024 336 ) 
4 125 162 (-880 -1024 64 ) (-848 -1024 64 ) (-848 -1024 336 ) (-880 -1024 336 ) 
4 125 161 (-848 -1024 64 ) (-832 -1024 64 ) (-832 -1024 336 ) (-848 -1024 336 ) 
4 125 165 (-944 -1024 64 ) (-880 -1024 64 ) (-880 -1024 336 ) (-944 -1024 336 ) 
4 125 149 (-1024 -1024 64 ) (-1024 -1024 336 ) (-1024 -816 336 ) (-1024 -816 64 ) 
4 126 173 (0 -1024 -522 ) (0 -1024 0 ) (-1024 -1024 0 ) (-1024 -1024 -522 ) 
4 126 158 (-1024 -1024 -522 ) (-1024 -1024 0 ) (-1024 -768 0 ) (-1024 -768 -522 ) 
4 127 145 (-1024 -768 960 ) (-1024 -768 1870 ) (-1152 -768 1870 ) (-1152 -768 960 ) 
4 127 130 (-1024 -768 448 ) (-1152 -768 448 ) (-1152 0 448 ) (-1024 0 448 ) 
4 127 129 (-1152 -768 512 ) (-1152 -768 1870 ) (-1152 -512 1870 ) (-1152 -512 512 ) 
4 127 128 (-1152 0 448 ) (-1152 -512 448 ) (-1152 -512 1870 ) (-1152 0 1870 ) 
4 128 141 (-1216 0 512 ) (-1216 0 448 ) (-1216 -128 448 ) (-1216 -128 512 ) 
4 128 140 (-1216 0 1870 ) (-1216 0 512 ) (-1216 -512 512 ) (-1216 -512 1870 ) 
4 128 133 (-1216 -512 448 ) (-1216 0 448 ) (-1152 0 448 ) (-1152 -512 448 ) 
4 128 129 (-1152 -512 512 ) (-1152 -512 1870 ) (-1216 -512 1870 ) (-1216 -512 512 ) 
4 129 145 (-1152 -768 1870 ) (-1216 -768 1870 ) (-1216 -768 960 ) (-1152 -768 960 ) 
4 129 140 (-1216 -768 512 ) (-1216 -768 1870 ) (-1216 -512 1870 ) (-1216 -512 512 ) 
4 130 147 (-1024 -768 88 ) (-1024 -768 336 ) (-1088 -768 336 ) (-1088 -768 88 ) 
4 130 136 (-1024 -768 88 ) (-1176 -768 88 ) (-1176 0 88 ) (-1024 0 88 ) 
4 130 135 (-1152 -744 448 ) (-1152 -656 448 ) (-1176 -656 424 ) (-1176 -744 424 ) 
4 130 133 (-1152 -512 448 ) (-1152 0 448 ) (-1176 0 424 ) (-1176 -512 424 ) 
4 130 134 (-1152 -624 448 ) (-1152 -536 448 ) (-1176 -536 424 ) (-1176 -624 424 ) 
4 130 132 (-1176 -768 104 ) (-1176 -768 424 ) (-1176 -128 424 ) (-1176 -128 104 ) 
4 130 131 (-1176 0 88 ) (-1176 -128 88 ) (-1176 -128 424 ) (-1176 0 424 ) 
4 131 141 (-1216 0 384 ) (-1216 0 88 ) (-1216 -128 88 ) (-1216 -128 384 ) 
4 131 137 (-1216 -128 88 ) (-1216 0 88 ) (-1176 0 88 ) (-1176 -128 88 ) 
4 131 133 (-1216 0 384 ) (-1216 -128 384 ) (-1176 -128 424 ) (-1176 0 424 ) 
4 131 132 (-1176 -128 104 ) (-1176 -128 424 ) (-1216 -128 384 ) (-1216 -128 104 ) 
4 132 135 (-1216 -656 384 ) (-1216 -744 384 ) (-1176 -744 424 ) (-1176 -656 424 ) 
4 132 133 (-1216 -128 384 ) (-1216 -512 384 ) (-1176 -512 424 ) (-1176 -128 424 ) 
4 132 134 (-1216 -536 384 ) (-1216 -624 384 ) (-1176 -624 424 ) (-1176 -536 424 ) 
4 133 141 (-1216 0 448 ) (-1216 0 384 ) (-1216 -128 384 ) (-1216 -128 448 ) 
4 136 147 (-1024 -768 64 ) (-1024 -768 88 ) (-1088 -768 88 ) (-1088 -768 64 ) 
4 136 138 (-1176 -168 64 ) (-1176 -728 64 ) (-1176 -728 88 ) (-1176 -168 88 ) 
4 136 137 (-1176 0 64 ) (-1176 -128 64 ) (-1176 -128 88 ) (-1176 0 88 ) 
4 137 141 (-1216 0 88 ) (-1216 0 64 ) (-1216 -128 64 ) (-1216 -128 88 ) 
4 139 158 (-1024 -768 -522 ) (-1024 -768 0 ) (-1216 -768 0 ) (-1216 -768 -522 ) 
4 139 144 (-1216 0 0 ) (-1216 0 -522 ) (-1216 -768 -522 ) (-1216 -768 0 ) 
4 140 145 (-1216 -768 960 ) (-1216 -768 1870 ) (-1600 -768 1870 ) (-1600 -768 960 ) 
4 140 142 (-1600 0 1870 ) (-1600 0 960 ) (-1600 -768 960 ) (-1600 -768 1870 ) 
4 140 141 (-1600 -128 512 ) (-1600 0 512 ) (-1216 0 512 ) (-1216 -128 512 ) 
4 142 145 (-1600 -768 960 ) (-1600 -768 1870 ) (-1664 -768 1870 ) (-1664 -768 960 ) 
4 142 143 (-1664 -768 960 ) (-1664 -768 1870 ) (-1664 0 1870 ) (-1664 0 960 ) 
4 143 185 (-2048 -768 0 ) (-2048 -768 1870 ) (-2048 0 1870 ) (-2048 0 0 ) 
4 143 157 (-2048 -768 960 ) (-2048 -768 0 ) (-1664 -768 0 ) (-1664 -768 960 ) 
4 143 145 (-2048 -768 1870 ) (-2048 -768 960 ) (-1664 -768 960 ) (-1664 -768 1870 ) 
4 143 144 (-1664 -768 0 ) (-2048 -768 0 ) (-2048 0 0 ) (-1664 0 0 ) 
4 144 185 (-2048 -768 -522 ) (-2048 -768 0 ) (-2048 0 0 ) (-2048 0 -522 ) 
4 144 158 (-2048 -768 0 ) (-2048 -768 -522 ) (-1216 -768 -522 ) (-1216 -768 0 ) 
4 145 185 (-2048 -1024 960 ) (-2048 -1024 1870 ) (-2048 -768 1870 ) (-2048 -768 960 ) 
4 145 176 (-1104 -1024 1870 ) (-1136 -1024 1870 ) (-1136 -1024 960 ) (-1104 -1024 960 ) 
4 145 175 (-1024 -1024 960 ) (-1024 -1024 1870 ) (-1104 -1024 1870 ) (-1104 -1024 960 ) 
4 145 177 (-1136 -1024 1870 ) (-2048 -1024 1870 ) (-2048 -1024 960 ) (-1136 -1024 960 ) 
4 145 154 (-1088 -1024 960 ) (-1104 -1024 960 ) (-1104 -832 960 ) (-1088 -832 960 ) 
4 145 155 (-1136 -1024 960 ) (-1664 -1024 960 ) (-1664 -832 960 ) (-1136 -832 960 ) 
4 145 157 (-1664 -1024 960 ) (-2048 -1024 960 ) (-2048 -768 960 ) (-1664 -768 960 ) 
4 145 146 (-1024 -1024 960 ) (-1088 -1024 960 ) (-1088 -832 960 ) (-1024 -832 960 ) 
4 146 175 (-1024 -1024 336 ) (-1024 -1024 960 ) (-1088 -1024 960 ) (-1088 -1024 336 ) 
4 146 154 (-1088 -1024 336 ) (-1088 -1024 960 ) (-1088 -832 960 ) (-1088 -832 336 ) 
4 146 151 (-1072 -912 336 ) (-1072 -896 336 ) (-1040 -896 336 ) (-1040 -912 336 ) 
4 146 150 (-1072 -896 336 ) (-1072 -832 336 ) (-1040 -832 336 ) (-1040 -896 336 ) 
4 146 152 (-1040 -1024 336 ) (-1072 -1024 336 ) (-1072 -912 336 ) (-1040 -912 336 ) 
4 146 149 (-1024 -1024 336 ) (-1040 -1024 336 ) (-1040 -832 336 ) (-1024 -832 336 ) 
4 146 153 (-1072 -1024 336 ) (-1088 -1024 336 ) (-1088 -832 336 ) (-1072 -832 336 ) 
4 147 148 (-1024 -784 104 ) (-1024 -784 296 ) (-1088 -784 296 ) (-1088 -784 104 ) 
4 148 150 (-1040 -816 296 ) (-1072 -816 296 ) (-1072 -816 104 ) (-1040 -816 104 ) 
4 148 149 (-1024 -816 104 ) (-1024 -816 296 ) (-1040 -816 296 ) (-1040 -816 104 ) 
4 148 153 (-1072 -816 296 ) (-1088 -816 296 ) (-1088 -816 104 ) (-1072 -816 104 ) 
4 149 175 (-1024 -1024 64 ) (-1024 -1024 336 ) (-1040 -1024 336 ) (-1040 -1024 64 ) 
4 149 151 (-1040 -912 144 ) (-1040 -912 336 ) (-1040 -896 336 ) (-1040 -896 144 ) 
4 149 150 (-1040 -816 336 ) (-1040 -816 64 ) (-1040 -896 64 ) (-1040 -896 336 ) 
4 149 152 (-1040 -912 64 ) (-1040 -1024 64 ) (-1040 -1024 336 ) (-1040 -912 336 ) 
4 150 151 (-1072 -896 336 ) (-1072 -896 144 ) (-1040 -896 144 ) (-1040 -896 336 ) 
4 150 153 (-1072 -816 336 ) (-1072 -816 64 ) (-1072 -896 64 ) (-1072 -896 336 ) 
4 151 153 (-1072 -912 144 ) (-1072 -912 336 ) (-1072 -896 336 ) (-1072 -896 144 ) 
4 151 152 (-1072 -912 336 ) (-1072 -912 144 ) (-1040 -912 144 ) (-1040 -912 336 ) 
4 152 175 (-1040 -1024 336 ) (-1072 -1024 336 ) (-1072 -1024 64 ) (-1040 -1024 64 ) 
4 152 153 (-1072 -912 64 ) (-1072 -1024 64 ) (-1072 -1024 336 ) (-1072 -912 336 ) 
4 153 175 (-1072 -1024 336 ) (-1088 -1024 336 ) (-1088 -1024 64 ) (-1072 -1024 64 ) 
4 153 154 (-1088 -1024 64 ) (-1088 -1024 336 ) (-1088 -832 336 ) (-1088 -832 64 ) 
4 154 175 (-1088 -1024 960 ) (-1104 -1024 960 ) (-1104 -1024 64 ) (-1088 -1024 64 ) 
4 155 177 (-1136 -1024 960 ) (-1664 -1024 960 ) (-1664 -1024 64 ) (-1136 -1024 64 ) 
4 155 156 (-1664 -1024 64 ) (-1664 -832 64 ) (-1600 -832 64 ) (-1600 -1024 64 ) 
4 155 157 (-1664 -1024 64 ) (-1664 -1024 960 ) (-1664 -832 960 ) (-1664 -832 64 ) 
4 156 182 (-1664 -1024 64 ) (-1664 -1024 0 ) (-1600 -1024 0 ) (-1600 -1024 64 ) 
4 156 158 (-1600 -1024 0 ) (-1664 -1024 0 ) (-1664 -832 0 ) (-1600 -832 0 ) 
4 156 157 (-1664 -832 0 ) (-1664 -1024 0 ) (-1664 -1024 64 ) (-1664 -832 64 ) 
4 157 185 (-2048 -1024 0 ) (-2048 -1024 960 ) (-2048 -768 960 ) (-2048 -768 0 ) 
4 157 182 (-2048 -1024 64 ) (-2048 -1024 0 ) (-1664 -1024 0 ) (-1664 -1024 64 ) 
4 157 177 (-1664 -1024 960 ) (-2048 -1024 960 ) (-2048 -1024 64 ) (-1664 -1024 64 ) 
4 157 158 (-2048 -1024 0 ) (-2048 -768 0 ) (-1664 -768 0 ) (-1664 -1024 0 ) 
4 158 185 (-2048 -1024 -522 ) (-2048 -1024 0 ) (-2048 -768 0 ) (-2048 -768 -522 ) 
4 158 181 (-1024 -1024 -522 ) (-1024 -1024 0 ) (-1600 -1024 0 ) (-1600 -1024 -522 ) 
4 158 182 (-1600 -1024 0 ) (-2048 -1024 0 ) (-2048 -1024 -522 ) (-1600 -1024 -522 ) 
4 159 170 (-784 -1472 64 ) (0 -1472 64 ) (0 -1472 1870 ) (-784 -1472 1870 ) 
4 159 160 (-784 -1472 960 ) (-784 -1472 1870 ) (-784 -1024 1870 ) (-784 -1024 960 ) 
4 160 171 (-784 -1472 960 ) (-784 -1472 1870 ) (-816 -1472 1870 ) (-816 -1472 960 ) 
4 160 161 (-816 -1472 960 ) (-816 -1472 1870 ) (-816 -1024 1870 ) (-816 -1024 960 ) 
4 161 171 (-816 -1472 960 ) (-816 -1472 1870 ) (-848 -1472 1870 ) (-848 -1472 960 ) 
4 161 163 (-848 -1408 144 ) (-848 -1408 1870 ) (-848 -1392 1870 ) (-848 -1392 144 ) 
4 161 162 (-848 -1024 64 ) (-848 -1392 64 ) (-848 -1392 1870 ) (-848 -1024 1870 ) 
4 161 164 (-848 -1408 64 ) (-848 -1472 64 ) (-848 -1472 1870 ) (-848 -1408 1870 ) 
4 162 163 (-880 -1392 1870 ) (-880 -1392 144 ) (-848 -1392 144 ) (-848 -1392 1870 ) 
4 162 165 (-880 -1024 64 ) (-880 -1392 64 ) (-880 -1392 1870 ) (-880 -1024 1870 ) 
4 163 165 (-880 -1408 144 ) (-880 -1408 1870 ) (-880 -1392 1870 ) (-880 -1392 144 ) 
4 163 164 (-880 -1408 1870 ) (-880 -1408 144 ) (-848 -1408 144 ) (-848 -1408 1870 ) 
4 164 171 (-848 -1472 960 ) (-848 -1472 1870 ) (-880 -1472 1870 ) (-880 -1472 960 ) 
4 164 165 (-880 -1408 64 ) (-880 -1472 64 ) (-880 -1472 1870 ) (-880 -1408 1870 ) 
4 165 171 (-880 -1472 960 ) (-880 -1472 1870 ) (-944 -1472 1870 ) (-944 -1472 960 ) 
4 165 167 (-944 -1152 144 ) (-944 -1152 1870 ) (-944 -1136 1870 ) (-944 -1136 144 ) 
4 165 166 (-944 -1024 64 ) (-944 -1136 64 ) (-944 -1136 1870 ) (-944 -1024 1870 ) 
4 165 168 (-944 -1152 64 ) (-944 -1472 64 ) (-944 -1472 1870 ) (-944 -1152 1870 ) 
4 166 167 (-976 -1136 1870 ) (-976 -1136 144 ) (-944 -1136 144 ) (-944 -1136 1870 ) 
4 166 169 (-976 -1024 64 ) (-976 -1136 64 ) (-976 -1136 1870 ) (-976 -1024 1870 ) 
4 167 169 (-976 -1152 144 ) (-976 -1152 1870 ) (-976 -1136 1870 ) (-976 -1136 144 ) 
4 167 168 (-976 -1152 1870 ) (-976 -1152 144 ) (-944 -1152 144 ) (-944 -1152 1870 ) 
4 168 171 (-944 -1472 960 ) (-944 -1472 1870 ) (-976 -1472 1870 ) (-976 -1472 960 ) 
4 168 169 (-976 -1152 64 ) (-976 -1472 64 ) (-976 -1472 1870 ) (-976 -1152 1870 ) 
4 169 175 (-1024 -1472 1870 ) (-1024 -1024 1870 ) (-1024 -1024 64 ) (-1024 -1472 64 ) 
4 169 171 (-976 -1472 960 ) (-976 -1472 1870 ) (-1024 -1472 1870 ) (-1024 -1472 960 ) 
4 170 172 (-784 -1504 64 ) (0 -1504 64 ) (0 -1504 1870 ) (-784 -1504 1870 ) 
4 170 171 (-784 -1472 1870 ) (-784 -1472 960 ) (-784 -1504 960 ) (-784 -1504 1870 ) 
4 171 178 (-1024 -1504 1870 ) (-1024 -1472 1870 ) (-1024 -1472 960 ) (-1024 -1504 960 ) 
4 171 172 (-784 -1504 960 ) (-784 -1504 1870 ) (-1024 -1504 1870 ) (-1024 -1504 960 ) 
4 172 180 (-1024 -1708 1870 ) (-1024 -1504 1870 ) (-1024 -1504 64 ) (-1024 -1708 64 ) 
4 172 174 (-1024 -1708 64 ) (-1024 -1552 64 ) (0 -1552 64 ) (0 -1708 64 ) 
4 173 181 (-1024 -1024 0 ) (-1024 -1024 -522 ) (-1024 -1552 -522 ) (-1024 -1552 0 ) 
4 173 174 (-1024 -1552 -522 ) (0 -1552 -522 ) (0 -1552 0 ) (-1024 -1552 0 ) 
4 174 183 (-1024 -1708 64 ) (-1024 -1552 64 ) (-1024 -1552 -522 ) (-1024 -1708 -522 ) 
4 175 178 (-1024 -1472 960 ) (-1024 -1472 1870 ) (-1104 -1472 1870 ) (-1104 -1472 960 ) 
4 175 176 (-1104 -1472 960 ) (-1104 -1472 1870 ) (-1104 -1024 1870 ) (-1104 -1024 960 ) 
4 176 178 (-1104 -1472 960 ) (-1104 -1472 1870 ) (-1136 -1472 1870 ) (-1136 -1472 960 ) 
4 176 177 (-1136 -1472 960 ) (-1136 -1472 1870 ) (-1136 -1024 1870 ) (-1136 -1024 960 ) 
4 177 188 (-2048 -1472 1870 ) (-2048 -1024 1870 ) (-2048 -1024 64 ) (-2048 -1472 64 ) 
4 177 182 (-2048 -1024 64 ) (-1600 -1024 64 ) (-1600 -1472 64 ) (-2048 -1472 64 ) 
4 177 179 (-2048 -1472 64 ) (-1136 -1472 64 ) (-1136 -1472 1870 ) (-2048 -1472 1870 ) 
4 178 180 (-1024 -1504 960 ) (-1024 -1504 1870 ) (-1136 -1504 1870 ) (-1136 -1504 960 ) 
4 178 179 (-1136 -1472 1870 ) (-1136 -1472 960 ) (-1136 -1504 960 ) (-1136 -1504 1870 ) 
4 179 188 (-2048 -1504 1870 ) (-2048 -1472 1870 ) (-2048 -1472 64 ) (-2048 -1504 64 ) 
4 179 182 (-1600 -1504 64 ) (-2048 -1504 64 ) (-2048 -1472 64 ) (-1600 -1472 64 ) 
4 179 180 (-2048 -1504 64 ) (-1136 -1504 64 ) (-1136 -1504 1870 ) (-2048 -1504 1870 ) 
4 180 188 (-2048 -1708 1870 ) (-2048 -1504 1870 ) (-2048 -1504 64 ) (-2048 -1708 64 ) 
4 180 183 (-1024 -1552 64 ) (-1024 -1708 64 ) (-2048 -1708 64 ) (-2048 -1552 64 ) 
4 180 182 (-1600 -1552 64 ) (-2048 -1552 64 ) (-2048 -1504 64 ) (-1600 -1504 64 ) 
4 181 183 (-1600 -1552 -522 ) (-1024 -1552 -522 ) (-1024 -1552 0 ) (-1600 -1552 0 ) 
4 181 182 (-1600 -1024 -522 ) (-1600 -1552 -522 ) (-1600 -1552 0 ) (-1600 -1024 0 ) 
4 182 188 (-2048 -1552 64 ) (-2048 -1024 64 ) (-2048 -1024 -522 ) (-2048 -1552 -522 ) 
4 182 183 (-2048 -1552 -522 ) (-1600 -1552 -522 ) (-1600 -1552 64 ) (-2048 -1552 64 ) 
4 183 188 (-2048 -1708 64 ) (-2048 -1552 64 ) (-2048 -1552 -522 ) (-2048 -1708 -522 ) 
4 184 186 (-3072 1024 1870 ) (-3072 1024 -522 ) (-3072 0 -522 ) (-3072 0 1870 ) 
4 184 185 (-2048 0 -522 ) (-2048 0 1870 ) (-3072 0 1870 ) (-3072 0 -522 ) 
4 185 188 (-2048 -1024 -522 ) (-2048 -1024 1870 ) (-3072 -1024 1870 ) (-3072 -1024 -522 ) 
4 185 187 (-3072 -1024 -522 ) (-3072 -1024 1870 ) (-3072 0 1870 ) (-3072 0 -522 ) 
4 186 187 (-3072 0 -522 ) (-3072 0 1870 ) (-3610 0 1870 ) (-3610 0 -522 ) 
4 187 189 (-3072 -1024 -522 ) (-3072 -1024 1870 ) (-3610 -1024 1870 ) (-3610 -1024 -522 ) 
4 188 189 (-3072 -1024 1870 ) (-3072 -1024 -522 ) (-3072 -1708 -522 ) (-3072 -1708 1870 ) 
