PRT1
309
610
4 0 3 (7168 6144 -448 ) (7168 6144 2232 ) (7168 6424 2232 ) (7168 6424 -448 ) 
4 0 1 (7296 6144 2232 ) (7168 6144 2232 ) (7168 6144 -448 ) (7296 6144 -448 ) 
4 1 6 (7168 5120 -448 ) (7168 5120 2232 ) (7168 6144 2232 ) (7168 6144 -448 ) 
4 1 2 (7168 5120 2232 ) (7168 5120 -448 ) (7296 5120 -448 ) (7296 5120 2232 ) 
4 2 12 (7296 4096 2232 ) (7168 4096 2232 ) (7168 4096 -448 ) (7296 4096 -448 ) 
4 2 7 (7168 4096 -448 ) (7168 4096 2232 ) (7168 5120 2232 ) (7168 5120 -448 ) 
4 3 6 (7168 6144 -448 ) (7168 6144 2232 ) (6144 6144 2232 ) (6144 6144 -448 ) 
4 3 4 (6144 6144 -448 ) (6144 6144 2232 ) (6144 6424 2232 ) (6144 6424 -448 ) 
4 4 8 (6144 6144 -448 ) (6144 6144 2232 ) (5120 6144 2232 ) (5120 6144 -448 ) 
4 4 5 (5120 6144 -448 ) (5120 6144 2232 ) (5120 6424 2232 ) (5120 6424 -448 ) 
4 5 28 (4096 6144 -448 ) (4096 6144 2232 ) (4096 6424 2232 ) (4096 6424 -448 ) 
4 5 9 (5120 6144 -448 ) (5120 6144 2232 ) (4096 6144 2232 ) (4096 6144 -448 ) 
4 6 8 (6144 6144 2232 ) (6144 6144 -448 ) (6144 5120 -448 ) (6144 5120 2232 ) 
4 6 7 (7168 5120 -448 ) (7168 5120 2232 ) (6144 5120 2232 ) (6144 5120 -448 ) 
4 7 16 (7168 4096 -448 ) (7168 4096 2232 ) (6144 4096 2232 ) (6144 4096 -448 ) 
4 7 10 (6144 4096 -448 ) (6144 4096 2232 ) (6144 5120 2232 ) (6144 5120 -448 ) 
4 8 10 (6144 5120 -448 ) (6144 5120 2232 ) (5120 5120 2232 ) (5120 5120 -448 ) 
4 8 9 (5120 6144 2232 ) (5120 6144 -448 ) (5120 5120 -448 ) (5120 5120 2232 ) 
4 9 30 (4096 5120 -448 ) (4096 5120 2232 ) (4096 6144 2232 ) (4096 6144 -448 ) 
4 9 11 (5120 5120 -448 ) (5120 5120 2232 ) (4096 5120 2232 ) (4096 5120 -448 ) 
4 10 18 (6144 4096 -448 ) (6144 4096 2232 ) (5120 4096 2232 ) (5120 4096 -448 ) 
4 10 11 (5120 5120 2232 ) (5120 5120 -448 ) (5120 4096 -448 ) (5120 4096 2232 ) 
4 11 32 (4096 4096 -448 ) (4096 4096 2232 ) (4096 5120 2232 ) (4096 5120 -448 ) 
4 11 19 (5120 4096 -448 ) (5120 4096 2232 ) (4096 4096 2232 ) (4096 4096 -448 ) 
4 12 16 (7168 4096 2232 ) (7168 4096 -448 ) (7168 3072 -448 ) (7168 3072 2232 ) 
4 12 13 (7168 3072 2232 ) (7168 3072 -448 ) (7296 3072 -448 ) (7296 3072 2232 ) 
4 13 17 (7168 2048 -448 ) (7168 2048 2232 ) (7168 3072 2232 ) (7168 3072 -448 ) 
4 13 14 (7296 2048 2232 ) (7168 2048 2232 ) (7168 2048 -448 ) (7296 2048 -448 ) 
4 14 22 (7168 1024 -448 ) (7168 1024 2232 ) (7168 2048 2232 ) (7168 2048 -448 ) 
4 14 15 (7168 1024 2232 ) (7168 1024 -448 ) (7296 1024 -448 ) (7296 1024 2232 ) 
4 15 63 (7296 0 2232 ) (7168 0 2232 ) (7168 0 -448 ) (7296 0 -448 ) 
4 15 23 (7168 0 -448 ) (7168 0 2232 ) (7168 1024 2232 ) (7168 1024 -448 ) 
4 16 18 (6144 4096 2232 ) (6144 4096 -448 ) (6144 3072 -448 ) (6144 3072 2232 ) 
4 16 17 (7168 3072 -448 ) (7168 3072 2232 ) (6144 3072 2232 ) (6144 3072 -448 ) 
4 17 22 (7168 2048 -448 ) (7168 2048 2232 ) (6144 2048 2232 ) (6144 2048 -448 ) 
4 17 20 (6144 2048 -448 ) (6144 2048 2232 ) (6144 3072 2232 ) (6144 3072 -448 ) 
4 18 20 (6144 3072 -448 ) (6144 3072 2232 ) (5120 3072 2232 ) (5120 3072 -448 ) 
4 18 19 (5120 4096 2232 ) (5120 4096 -448 ) (5120 3072 -448 ) (5120 3072 2232 ) 
4 19 43 (4096 3072 -448 ) (4096 3072 2232 ) (4096 4096 2232 ) (4096 4096 -448 ) 
4 19 21 (5120 3072 -448 ) (5120 3072 2232 ) (4096 3072 2232 ) (4096 3072 -448 ) 
4 20 24 (6144 2048 -448 ) (6144 2048 2232 ) (5120 2048 2232 ) (5120 2048 -448 ) 
4 20 21 (5120 3072 2232 ) (5120 3072 -448 ) (5120 2048 -448 ) (5120 2048 2232 ) 
4 21 45 (4096 2048 -448 ) (4096 2048 2232 ) (4096 3072 2232 ) (4096 3072 -448 ) 
4 21 25 (5120 2048 -448 ) (5120 2048 2232 ) (4096 2048 2232 ) (4096 2048 -448 ) 
4 22 24 (6144 2048 2232 ) (6144 2048 -448 ) (6144 1024 -448 ) (6144 1024 2232 ) 
4 22 23 (7168 1024 -448 ) (7168 1024 2232 ) (6144 1024 2232 ) (6144 1024 -448 ) 
4 23 67 (7168 0 -448 ) (7168 0 2232 ) (6144 0 2232 ) (6144 0 -448 ) 
4 23 26 (6144 0 -448 ) (6144 0 2232 ) (6144 1024 2232 ) (6144 1024 -448 ) 
4 24 26 (6144 1024 -448 ) (6144 1024 2232 ) (5120 1024 2232 ) (5120 1024 -448 ) 
4 24 25 (5120 2048 2232 ) (5120 2048 -448 ) (5120 1024 -448 ) (5120 1024 2232 ) 
4 25 47 (4096 1024 -448 ) (4096 1024 2232 ) (4096 2048 2232 ) (4096 2048 -448 ) 
4 25 27 (5120 1024 -448 ) (5120 1024 2232 ) (4096 1024 2232 ) (4096 1024 -448 ) 
4 26 69 (6144 0 -448 ) (6144 0 2232 ) (5120 0 2232 ) (5120 0 -448 ) 
4 26 27 (5120 1024 2232 ) (5120 1024 -448 ) (5120 0 -448 ) (5120 0 2232 ) 
4 27 70 (5120 0 -448 ) (5120 0 2232 ) (4096 0 2232 ) (4096 0 -448 ) 
4 27 49 (4096 0 -448 ) (4096 0 2232 ) (4096 1024 2232 ) (4096 1024 -448 ) 
4 28 30 (4096 6144 -448 ) (4096 6144 2232 ) (3072 6144 2232 ) (3072 6144 -448 ) 
4 28 29 (3072 6144 -448 ) (3072 6144 2232 ) (3072 6424 2232 ) (3072 6424 -448 ) 
4 29 34 (2048 6144 -448 ) (2048 6144 2232 ) (2048 6424 2232 ) (2048 6424 -448 ) 
4 29 31 (3072 6144 -448 ) (3072 6144 2232 ) (2048 6144 2232 ) (2048 6144 -448 ) 
4 30 32 (4096 5120 -448 ) (4096 5120 2232 ) (3072 5120 2232 ) (3072 5120 -448 ) 
4 30 31 (3072 5120 -448 ) (3072 5120 2232 ) (3072 6144 2232 ) (3072 6144 -448 ) 
4 31 37 (2048 5120 -448 ) (2048 5120 2232 ) (2048 6144 2232 ) (2048 6144 -448 ) 
4 31 33 (2048 5120 2232 ) (2048 5120 -448 ) (3072 5120 -448 ) (3072 5120 2232 ) 
4 32 43 (4096 4096 -448 ) (4096 4096 2232 ) (3072 4096 2232 ) (3072 4096 -448 ) 
4 32 33 (3072 5120 2232 ) (3072 5120 -448 ) (3072 4096 -448 ) (3072 4096 2232 ) 
4 33 44 (3072 4096 -448 ) (3072 4096 2232 ) (2048 4096 2232 ) (2048 4096 -448 ) 
4 33 38 (2048 4096 -448 ) (2048 4096 2232 ) (2048 5120 2232 ) (2048 5120 -448 ) 
4 34 37 (2048 6144 -448 ) (2048 6144 2232 ) (1024 6144 2232 ) (1024 6144 -448 ) 
4 34 35 (1024 6144 -448 ) (1024 6144 2232 ) (1024 6424 2232 ) (1024 6424 -448 ) 
4 35 39 (1024 6144 -448 ) (1024 6144 2232 ) (0 6144 2232 ) (0 6144 -448 ) 
4 35 36 (0 6144 -448 ) (0 6144 2232 ) (0 6424 2232 ) (0 6424 -448 ) 
4 36 126 (-1024 6144 -448 ) (-1024 6144 2232 ) (-1024 6424 2232 ) (-1024 6424 -448 ) 
4 36 40 (0 6144 -448 ) (0 6144 2232 ) (-1024 6144 2232 ) (-1024 6144 -448 ) 
4 37 39 (1024 6144 2232 ) (1024 6144 -448 ) (1024 5120 -448 ) (1024 5120 2232 ) 
4 37 38 (2048 5120 -448 ) (2048 5120 2232 ) (1024 5120 2232 ) (1024 5120 -448 ) 
4 38 51 (2048 4096 -448 ) (2048 4096 2232 ) (1024 4096 2232 ) (1024 4096 -448 ) 
4 38 41 (1024 4096 -448 ) (1024 4096 2232 ) (1024 5120 2232 ) (1024 5120 -448 ) 
4 39 41 (1024 5120 -448 ) (1024 5120 2232 ) (0 5120 2232 ) (0 5120 -448 ) 
4 39 40 (0 6144 2232 ) (0 6144 -448 ) (0 5120 -448 ) (0 5120 2232 ) 
4 40 128 (-1024 5120 -448 ) (-1024 5120 2232 ) (-1024 6144 2232 ) (-1024 6144 -448 ) 
4 40 42 (0 5120 -448 ) (0 5120 2232 ) (-1024 5120 2232 ) (-1024 5120 -448 ) 
4 41 53 (1024 4096 -448 ) (1024 4096 2232 ) (0 4096 2232 ) (0 4096 -448 ) 
4 41 42 (0 5120 2232 ) (0 5120 -448 ) (0 4096 -448 ) (0 4096 2232 ) 
4 42 130 (-1024 4096 -448 ) (-1024 4096 2232 ) (-1024 5120 2232 ) (-1024 5120 -448 ) 
4 42 54 (0 4096 -448 ) (0 4096 2232 ) (-1024 4096 2232 ) (-1024 4096 -448 ) 
4 43 45 (4096 3072 -448 ) (4096 3072 2232 ) (3072 3072 2232 ) (3072 3072 -448 ) 
4 43 44 (3072 3072 -448 ) (3072 3072 2232 ) (3072 4096 2232 ) (3072 4096 -448 ) 
4 44 51 (2048 4096 2232 ) (2048 4096 -448 ) (2048 3072 -448 ) (2048 3072 2232 ) 
4 44 46 (2048 3072 2232 ) (2048 3072 -448 ) (3072 3072 -448 ) (3072 3072 2232 ) 
4 45 47 (4096 2048 -448 ) (4096 2048 2232 ) (3072 2048 2232 ) (3072 2048 -448 ) 
4 45 46 (3072 3072 2232 ) (3072 3072 -448 ) (3072 2048 -448 ) (3072 2048 2232 ) 
4 46 52 (2048 2048 -448 ) (2048 2048 2232 ) (2048 3072 2232 ) (2048 3072 -448 ) 
4 46 48 (3072 2048 -448 ) (3072 2048 2232 ) (2048 2048 2232 ) (2048 2048 -448 ) 
4 47 49 (4096 1024 -448 ) (4096 1024 2232 ) (3072 1024 2232 ) (3072 1024 -448 ) 
4 47 48 (3072 1024 -448 ) (3072 1024 2232 ) (3072 2048 2232 ) (3072 2048 -448 ) 
4 48 57 (2048 1024 -448 ) (2048 1024 2232 ) (2048 2048 2232 ) (2048 2048 -448 ) 
4 48 50 (2048 1024 2232 ) (2048 1024 -448 ) (3072 1024 -448 ) (3072 1024 2232 ) 
4 49 91 (4096 0 -448 ) (4096 0 2232 ) (3072 0 2232 ) (3072 0 -448 ) 
4 49 50 (3072 1024 2232 ) (3072 1024 -448 ) (3072 0 -448 ) (3072 0 2232 ) 
4 50 92 (3072 0 -448 ) (3072 0 2232 ) (2048 0 2232 ) (2048 0 -448 ) 
4 50 58 (2048 0 -448 ) (2048 0 2232 ) (2048 1024 2232 ) (2048 1024 -448 ) 
4 51 53 (1024 4096 2232 ) (1024 4096 -448 ) (1024 3072 -448 ) (1024 3072 2232 ) 
4 51 52 (2048 3072 -448 ) (2048 3072 2232 ) (1024 3072 2232 ) (1024 3072 -448 ) 
4 52 57 (2048 2048 -448 ) (2048 2048 2232 ) (1024 2048 2232 ) (1024 2048 -448 ) 
4 52 55 (1024 2048 -448 ) (1024 2048 2232 ) (1024 3072 2232 ) (1024 3072 -448 ) 
4 53 55 (1024 3072 -448 ) (1024 3072 2232 ) (0 3072 2232 ) (0 3072 -448 ) 
4 53 54 (0 4096 2232 ) (0 4096 -448 ) (0 3072 -448 ) (0 3072 2232 ) 
4 54 141 (-1024 3072 -448 ) (-1024 3072 2232 ) (-1024 4096 2232 ) (-1024 4096 -448 ) 
4 54 56 (0 3072 -448 ) (0 3072 2232 ) (-1024 3072 2232 ) (-1024 3072 -448 ) 
4 55 59 (1024 2048 -448 ) (1024 2048 2232 ) (0 2048 2232 ) (0 2048 -448 ) 
4 55 56 (0 3072 2232 ) (0 3072 -448 ) (0 2048 -448 ) (0 2048 2232 ) 
4 56 143 (-1024 2048 -448 ) (-1024 2048 2232 ) (-1024 3072 2232 ) (-1024 3072 -448 ) 
4 56 60 (0 2048 -448 ) (0 2048 2232 ) (-1024 2048 2232 ) (-1024 2048 -448 ) 
4 57 59 (1024 2048 2232 ) (1024 2048 -448 ) (1024 1024 -448 ) (1024 1024 2232 ) 
4 57 58 (2048 1024 -448 ) (2048 1024 2232 ) (1024 1024 2232 ) (1024 1024 -448 ) 
4 58 99 (2048 0 -448 ) (2048 0 2232 ) (1024 0 2232 ) (1024 0 -448 ) 
4 58 61 (1024 0 -448 ) (1024 0 2232 ) (1024 1024 2232 ) (1024 1024 -448 ) 
4 59 61 (1024 1024 -448 ) (1024 1024 2232 ) (0 1024 2232 ) (0 1024 -448 ) 
4 59 60 (0 2048 2232 ) (0 2048 -448 ) (0 1024 -448 ) (0 1024 2232 ) 
4 60 145 (-1024 1024 -448 ) (-1024 1024 2232 ) (-1024 2048 2232 ) (-1024 2048 -448 ) 
4 60 62 (0 1024 -448 ) (0 1024 2232 ) (-1024 1024 2232 ) (-1024 1024 -448 ) 
4 61 101 (1024 0 -448 ) (1024 0 2232 ) (0 0 2232 ) (0 0 -448 ) 
4 61 62 (0 1024 2232 ) (0 1024 -448 ) (0 0 -448 ) (0 0 2232 ) 
4 62 200 (-1024 0 -448 ) (-1024 0 64 ) (-1024 736 64 ) (-1024 736 -448 ) 
4 62 199 (-1024 736 96 ) (-1024 1024 96 ) (-1024 1024 -448 ) (-1024 736 -448 ) 
4 62 195 (-1024 0 512 ) (-1024 0 2232 ) (-1024 32 2232 ) (-1024 32 512 ) 
4 62 151 (-1024 32 2232 ) (-1024 704 2232 ) (-1024 704 512 ) (-1024 32 512 ) 
4 62 148 (-1024 704 2232 ) (-1024 736 2232 ) (-1024 736 512 ) (-1024 704 512 ) 
4 62 147 (-1024 736 2232 ) (-1024 1024 2232 ) (-1024 1024 96 ) (-1024 736 96 ) 
4 62 102 (0 0 -448 ) (0 0 2232 ) (-1024 0 2232 ) (-1024 0 -448 ) 
4 63 67 (7168 0 2232 ) (7168 0 -448 ) (7168 -1024 -448 ) (7168 -1024 2232 ) 
4 63 64 (7168 -1024 2232 ) (7168 -1024 -448 ) (7296 -1024 -448 ) (7296 -1024 2232 ) 
4 64 68 (7168 -2048 -448 ) (7168 -2048 2232 ) (7168 -1024 2232 ) (7168 -1024 -448 ) 
4 64 65 (7296 -2048 2232 ) (7168 -2048 2232 ) (7168 -2048 -448 ) (7296 -2048 -448 ) 
4 65 73 (7168 -3072 -448 ) (7168 -3072 2232 ) (7168 -2048 2232 ) (7168 -2048 -448 ) 
4 65 66 (7168 -3072 2232 ) (7168 -3072 -448 ) (7296 -3072 -448 ) (7296 -3072 2232 ) 
4 66 79 (7296 -4096 2232 ) (7168 -4096 2232 ) (7168 -4096 -448 ) (7296 -4096 -448 ) 
4 66 74 (7168 -4096 -448 ) (7168 -4096 2232 ) (7168 -3072 2232 ) (7168 -3072 -448 ) 
4 67 69 (6144 0 2232 ) (6144 0 -448 ) (6144 -1024 -448 ) (6144 -1024 2232 ) 
4 67 68 (7168 -1024 -448 ) (7168 -1024 2232 ) (6144 -1024 2232 ) (6144 -1024 -448 ) 
4 68 73 (7168 -2048 -448 ) (7168 -2048 2232 ) (6144 -2048 2232 ) (6144 -2048 -448 ) 
4 68 71 (6144 -2048 -448 ) (6144 -2048 2232 ) (6144 -1024 2232 ) (6144 -1024 -448 ) 
4 69 71 (6144 -1024 -448 ) (6144 -1024 2232 ) (5120 -1024 2232 ) (5120 -1024 -448 ) 
4 69 70 (5120 0 2232 ) (5120 0 -448 ) (5120 -1024 -448 ) (5120 -1024 2232 ) 
4 70 91 (4096 0 2232 ) (4096 0 -448 ) (4096 -1024 -448 ) (4096 -1024 2232 ) 
4 70 72 (5120 -1024 -448 ) (5120 -1024 2232 ) (4096 -1024 2232 ) (4096 -1024 -448 ) 
4 71 75 (6144 -2048 -448 ) (6144 -2048 2232 ) (5120 -2048 2232 ) (5120 -2048 -448 ) 
4 71 72 (5120 -1024 2232 ) (5120 -1024 -448 ) (5120 -2048 -448 ) (5120 -2048 2232 ) 
4 72 93 (4096 -2048 -448 ) (4096 -2048 2232 ) (4096 -1024 2232 ) (4096 -1024 -448 ) 
4 72 76 (5120 -2048 -448 ) (5120 -2048 2232 ) (4096 -2048 2232 ) (4096 -2048 -448 ) 
4 73 75 (6144 -2048 2232 ) (6144 -2048 -448 ) (6144 -3072 -448 ) (6144 -3072 2232 ) 
4 73 74 (7168 -3072 -448 ) (7168 -3072 2232 ) (6144 -3072 2232 ) (6144 -3072 -448 ) 
4 74 82 (7168 -4096 -448 ) (7168 -4096 2232 ) (6144 -4096 2232 ) (6144 -4096 -448 ) 
4 74 77 (6144 -4096 -448 ) (6144 -4096 2232 ) (6144 -3072 2232 ) (6144 -3072 -448 ) 
4 75 77 (6144 -3072 -448 ) (6144 -3072 2232 ) (5120 -3072 2232 ) (5120 -3072 -448 ) 
4 75 76 (5120 -2048 2232 ) (5120 -2048 -448 ) (5120 -3072 -448 ) (5120 -3072 2232 ) 
4 76 95 (4096 -3072 -448 ) (4096 -3072 2232 ) (4096 -2048 2232 ) (4096 -2048 -448 ) 
4 76 78 (5120 -3072 -448 ) (5120 -3072 2232 ) (4096 -3072 2232 ) (4096 -3072 -448 ) 
4 77 84 (6144 -4096 -448 ) (6144 -4096 2232 ) (5120 -4096 2232 ) (5120 -4096 -448 ) 
4 77 78 (5120 -3072 2232 ) (5120 -3072 -448 ) (5120 -4096 -448 ) (5120 -4096 2232 ) 
4 78 97 (4096 -4096 -448 ) (4096 -4096 2232 ) (4096 -3072 2232 ) (4096 -3072 -448 ) 
4 78 85 (5120 -4096 -448 ) (5120 -4096 2232 ) (4096 -4096 2232 ) (4096 -4096 -448 ) 
4 79 82 (7168 -4096 2232 ) (7168 -4096 -448 ) (7168 -5120 -448 ) (7168 -5120 2232 ) 
4 79 80 (7168 -5120 2232 ) (7168 -5120 -448 ) (7296 -5120 -448 ) (7296 -5120 2232 ) 
4 80 83 (7168 -6144 -448 ) (7168 -6144 2232 ) (7168 -5120 2232 ) (7168 -5120 -448 ) 
4 80 81 (7296 -6144 2232 ) (7168 -6144 2232 ) (7168 -6144 -448 ) (7296 -6144 -448 ) 
4 81 88 (7168 -6568 2232 ) (7168 -6144 2232 ) (7168 -6144 -448 ) (7168 -6568 -448 ) 
4 82 84 (6144 -4096 2232 ) (6144 -4096 -448 ) (6144 -5120 -448 ) (6144 -5120 2232 ) 
4 82 83 (7168 -5120 -448 ) (7168 -5120 2232 ) (6144 -5120 2232 ) (6144 -5120 -448 ) 
4 83 88 (7168 -6144 -448 ) (7168 -6144 2232 ) (6144 -6144 2232 ) (6144 -6144 -448 ) 
4 83 86 (6144 -6144 -448 ) (6144 -6144 2232 ) (6144 -5120 2232 ) (6144 -5120 -448 ) 
4 84 86 (6144 -5120 -448 ) (6144 -5120 2232 ) (5120 -5120 2232 ) (5120 -5120 -448 ) 
4 84 85 (5120 -4096 2232 ) (5120 -4096 -448 ) (5120 -5120 -448 ) (5120 -5120 2232 ) 
4 85 111 (4096 -5120 -448 ) (4096 -5120 2232 ) (4096 -4096 2232 ) (4096 -4096 -448 ) 
4 85 87 (5120 -5120 -448 ) (5120 -5120 2232 ) (4096 -5120 2232 ) (4096 -5120 -448 ) 
4 86 89 (6144 -6144 -448 ) (6144 -6144 2232 ) (5120 -6144 2232 ) (5120 -6144 -448 ) 
4 86 87 (5120 -5120 2232 ) (5120 -5120 -448 ) (5120 -6144 -448 ) (5120 -6144 2232 ) 
4 87 113 (4096 -6144 -448 ) (4096 -6144 2232 ) (4096 -5120 2232 ) (4096 -5120 -448 ) 
4 87 90 (5120 -6144 -448 ) (5120 -6144 2232 ) (4096 -6144 2232 ) (4096 -6144 -448 ) 
4 88 89 (6144 -6144 2232 ) (6144 -6144 -448 ) (6144 -6568 -448 ) (6144 -6568 2232 ) 
4 89 90 (5120 -6144 2232 ) (5120 -6144 -448 ) (5120 -6568 -448 ) (5120 -6568 2232 ) 
4 90 115 (4096 -6568 2232 ) (4096 -6144 2232 ) (4096 -6144 -448 ) (4096 -6568 -448 ) 
4 91 93 (4096 -1024 -448 ) (4096 -1024 2232 ) (3072 -1024 2232 ) (3072 -1024 -448 ) 
4 91 92 (3072 -1024 -448 ) (3072 -1024 2232 ) (3072 0 2232 ) (3072 0 -448 ) 
4 92 99 (2048 0 2232 ) (2048 0 -448 ) (2048 -1024 -448 ) (2048 -1024 2232 ) 
4 92 94 (2048 -1024 2232 ) (2048 -1024 -448 ) (3072 -1024 -448 ) (3072 -1024 2232 ) 
4 93 95 (4096 -2048 -448 ) (4096 -2048 2232 ) (3072 -2048 2232 ) (3072 -2048 -448 ) 
4 93 94 (3072 -1024 2232 ) (3072 -1024 -448 ) (3072 -2048 -448 ) (3072 -2048 2232 ) 
4 94 100 (2048 -2048 -448 ) (2048 -2048 2232 ) (2048 -1024 2232 ) (2048 -1024 -448 ) 
4 94 96 (3072 -2048 -448 ) (3072 -2048 2232 ) (2048 -2048 2232 ) (2048 -2048 -448 ) 
4 95 97 (4096 -3072 -448 ) (4096 -3072 2232 ) (3072 -3072 2232 ) (3072 -3072 -448 ) 
4 95 96 (3072 -3072 -448 ) (3072 -3072 2232 ) (3072 -2048 2232 ) (3072 -2048 -448 ) 
4 96 105 (2048 -3072 -448 ) (2048 -3072 2232 ) (2048 -2048 2232 ) (2048 -2048 -448 ) 
4 96 98 (2048 -3072 2232 ) (2048 -3072 -448 ) (3072 -3072 -448 ) (3072 -3072 2232 ) 
4 97 111 (4096 -4096 -448 ) (4096 -4096 2232 ) (3072 -4096 2232 ) (3072 -4096 -448 ) 
4 97 98 (3072 -3072 2232 ) (3072 -3072 -448 ) (3072 -4096 -448 ) (3072 -4096 2232 ) 
4 98 112 (3072 -4096 -448 ) (3072 -4096 2232 ) (2048 -4096 2232 ) (2048 -4096 -448 ) 
4 98 106 (2048 -4096 -448 ) (2048 -4096 2232 ) (2048 -3072 2232 ) (2048 -3072 -448 ) 
4 99 101 (1024 0 2232 ) (1024 0 -448 ) (1024 -1024 -448 ) (1024 -1024 2232 ) 
4 99 100 (2048 -1024 -448 ) (2048 -1024 2232 ) (1024 -1024 2232 ) (1024 -1024 -448 ) 
4 100 105 (2048 -2048 -448 ) (2048 -2048 2232 ) (1024 -2048 2232 ) (1024 -2048 -448 ) 
4 100 103 (1024 -2048 -448 ) (1024 -2048 2232 ) (1024 -1024 2232 ) (1024 -1024 -448 ) 
4 101 103 (1024 -1024 -448 ) (1024 -1024 2232 ) (0 -1024 2232 ) (0 -1024 -448 ) 
4 101 102 (0 0 2232 ) (0 0 -448 ) (0 -1024 -448 ) (0 -1024 2232 ) 
4 102 246 (-1024 -1024 -448 ) (-1024 -1024 64 ) (-1024 0 64 ) (-1024 0 -448 ) 
4 102 243 (-1024 -1024 64 ) (-1024 -1024 96 ) (-1024 0 96 ) (-1024 0 64 ) 
4 102 242 (-1024 -1024 96 ) (-1024 -1024 2232 ) (-1024 0 2232 ) (-1024 0 96 ) 
4 102 104 (0 -1024 -448 ) (0 -1024 2232 ) (-1024 -1024 2232 ) (-1024 -1024 -448 ) 
4 103 107 (1024 -2048 -448 ) (1024 -2048 2232 ) (0 -2048 2232 ) (0 -2048 -448 ) 
4 103 104 (0 -1024 2232 ) (0 -1024 -448 ) (0 -2048 -448 ) (0 -2048 2232 ) 
4 104 248 (-1024 -2048 -448 ) (-1024 -2048 2232 ) (-1024 -1024 2232 ) (-1024 -1024 -448 ) 
4 104 108 (0 -2048 -448 ) (0 -2048 2232 ) (-1024 -2048 2232 ) (-1024 -2048 -448 ) 
4 105 107 (1024 -2048 2232 ) (1024 -2048 -448 ) (1024 -3072 -448 ) (1024 -3072 2232 ) 
4 105 106 (2048 -3072 -448 ) (2048 -3072 2232 ) (1024 -3072 2232 ) (1024 -3072 -448 ) 
4 106 117 (2048 -4096 -448 ) (2048 -4096 2232 ) (1024 -4096 2232 ) (1024 -4096 -448 ) 
4 106 109 (1024 -4096 -448 ) (1024 -4096 2232 ) (1024 -3072 2232 ) (1024 -3072 -448 ) 
4 107 109 (1024 -3072 -448 ) (1024 -3072 2232 ) (0 -3072 2232 ) (0 -3072 -448 ) 
4 107 108 (0 -2048 2232 ) (0 -2048 -448 ) (0 -3072 -448 ) (0 -3072 2232 ) 
4 108 250 (-1024 -3072 -448 ) (-1024 -3072 2232 ) (-1024 -2048 2232 ) (-1024 -2048 -448 ) 
4 108 110 (0 -3072 -448 ) (0 -3072 2232 ) (-1024 -3072 2232 ) (-1024 -3072 -448 ) 
4 109 119 (1024 -4096 -448 ) (1024 -4096 2232 ) (0 -4096 2232 ) (0 -4096 -448 ) 
4 109 110 (0 -3072 2232 ) (0 -3072 -448 ) (0 -4096 -448 ) (0 -4096 2232 ) 
4 110 252 (-1024 -4096 -448 ) (-1024 -4096 2232 ) (-1024 -3072 2232 ) (-1024 -3072 -448 ) 
4 110 120 (0 -4096 -448 ) (0 -4096 2232 ) (-1024 -4096 2232 ) (-1024 -4096 -448 ) 
4 111 113 (4096 -5120 -448 ) (4096 -5120 2232 ) (3072 -5120 2232 ) (3072 -5120 -448 ) 
4 111 112 (3072 -5120 -448 ) (3072 -5120 2232 ) (3072 -4096 2232 ) (3072 -4096 -448 ) 
4 112 117 (2048 -4096 2232 ) (2048 -4096 -448 ) (2048 -5120 -448 ) (2048 -5120 2232 ) 
4 112 114 (2048 -5120 2232 ) (2048 -5120 -448 ) (3072 -5120 -448 ) (3072 -5120 2232 ) 
4 113 115 (4096 -6144 -448 ) (4096 -6144 2232 ) (3072 -6144 2232 ) (3072 -6144 -448 ) 
4 113 114 (3072 -5120 2232 ) (3072 -5120 -448 ) (3072 -6144 -448 ) (3072 -6144 2232 ) 
4 114 118 (2048 -6144 -448 ) (2048 -6144 2232 ) (2048 -5120 2232 ) (2048 -5120 -448 ) 
4 114 116 (3072 -6144 -448 ) (3072 -6144 2232 ) (2048 -6144 2232 ) (2048 -6144 -448 ) 
4 115 116 (3072 -6568 2232 ) (3072 -6144 2232 ) (3072 -6144 -448 ) (3072 -6568 -448 ) 
4 116 123 (2048 -6568 2232 ) (2048 -6144 2232 ) (2048 -6144 -448 ) (2048 -6568 -448 ) 
4 117 119 (1024 -4096 2232 ) (1024 -4096 -448 ) (1024 -5120 -448 ) (1024 -5120 2232 ) 
4 117 118 (2048 -5120 -448 ) (2048 -5120 2232 ) (1024 -5120 2232 ) (1024 -5120 -448 ) 
4 118 123 (2048 -6144 -448 ) (2048 -6144 2232 ) (1024 -6144 2232 ) (1024 -6144 -448 ) 
4 118 121 (1024 -6144 -448 ) (1024 -6144 2232 ) (1024 -5120 2232 ) (1024 -5120 -448 ) 
4 119 121 (1024 -5120 -448 ) (1024 -5120 2232 ) (0 -5120 2232 ) (0 -5120 -448 ) 
4 119 120 (0 -4096 2232 ) (0 -4096 -448 ) (0 -5120 -448 ) (0 -5120 2232 ) 
4 120 266 (-1024 -5120 -448 ) (-1024 -5120 2232 ) (-1024 -4096 2232 ) (-1024 -4096 -448 ) 
4 120 122 (0 -5120 -448 ) (0 -5120 2232 ) (-1024 -5120 2232 ) (-1024 -5120 -448 ) 
4 121 124 (1024 -6144 -448 ) (1024 -6144 2232 ) (0 -6144 2232 ) (0 -6144 -448 ) 
4 121 122 (0 -5120 2232 ) (0 -5120 -448 ) (0 -6144 -448 ) (0 -6144 2232 ) 
4 122 268 (-1024 -6144 -448 ) (-1024 -6144 2232 ) (-1024 -5120 2232 ) (-1024 -5120 -448 ) 
4 122 125 (0 -6144 -448 ) (0 -6144 2232 ) (-1024 -6144 2232 ) (-1024 -6144 -448 ) 
4 123 124 (1024 -6144 2232 ) (1024 -6144 -448 ) (1024 -6568 -448 ) (1024 -6568 2232 ) 
4 124 125 (0 -6144 2232 ) (0 -6144 -448 ) (0 -6568 -448 ) (0 -6568 2232 ) 
4 125 270 (-1024 -6568 2232 ) (-1024 -6144 2232 ) (-1024 -6144 -448 ) (-1024 -6568 -448 ) 
4 126 128 (-1024 6144 -448 ) (-1024 6144 2232 ) (-2048 6144 2232 ) (-2048 6144 -448 ) 
4 126 127 (-2048 6144 -448 ) (-2048 6144 2232 ) (-2048 6424 2232 ) (-2048 6424 -448 ) 
4 127 132 (-3072 6144 -448 ) (-3072 6144 2232 ) (-3072 6424 2232 ) (-3072 6424 -448 ) 
4 127 129 (-2048 6144 -448 ) (-2048 6144 2232 ) (-3072 6144 2232 ) (-3072 6144 -448 ) 
4 128 130 (-1024 5120 -448 ) (-1024 5120 2232 ) (-2048 5120 2232 ) (-2048 5120 -448 ) 
4 128 129 (-2048 5120 -448 ) (-2048 5120 2232 ) (-2048 6144 2232 ) (-2048 6144 -448 ) 
4 129 135 (-3072 5120 -448 ) (-3072 5120 2232 ) (-3072 6144 2232 ) (-3072 6144 -448 ) 
4 129 131 (-3072 5120 2232 ) (-3072 5120 -448 ) (-2048 5120 -448 ) (-2048 5120 2232 ) 
4 130 141 (-1024 4096 -448 ) (-1024 4096 2232 ) (-2048 4096 2232 ) (-2048 4096 -448 ) 
4 130 131 (-2048 5120 2232 ) (-2048 5120 -448 ) (-2048 4096 -448 ) (-2048 4096 2232 ) 
4 131 142 (-2048 4096 -448 ) (-2048 4096 2232 ) (-3072 4096 2232 ) (-3072 4096 -448 ) 
4 131 136 (-3072 4096 -448 ) (-3072 4096 2232 ) (-3072 5120 2232 ) (-3072 5120 -448 ) 
4 132 135 (-3072 6144 -448 ) (-3072 6144 2232 ) (-4096 6144 2232 ) (-4096 6144 -448 ) 
4 132 133 (-4096 6144 -448 ) (-4096 6144 2232 ) (-4096 6424 2232 ) (-4096 6424 -448 ) 
4 133 137 (-4096 6144 -448 ) (-4096 6144 2232 ) (-5120 6144 2232 ) (-5120 6144 -448 ) 
4 133 134 (-5120 6144 -448 ) (-5120 6144 2232 ) (-5120 6424 2232 ) (-5120 6424 -448 ) 
4 134 214 (-6144 6144 -448 ) (-6144 6144 2232 ) (-6144 6424 2232 ) (-6144 6424 -448 ) 
4 134 138 (-5120 6144 -448 ) (-5120 6144 2232 ) (-6144 6144 2232 ) (-6144 6144 -448 ) 
4 135 137 (-4096 6144 2232 ) (-4096 6144 -448 ) (-4096 5120 -448 ) (-4096 5120 2232 ) 
4 135 136 (-3072 5120 -448 ) (-3072 5120 2232 ) (-4096 5120 2232 ) (-4096 5120 -448 ) 
4 136 202 (-3072 4096 -448 ) (-3072 4096 2232 ) (-4096 4096 2232 ) (-4096 4096 -448 ) 
4 136 139 (-4096 4096 -448 ) (-4096 4096 2232 ) (-4096 5120 2232 ) (-4096 5120 -448 ) 
4 137 139 (-4096 5120 -448 ) (-4096 5120 2232 ) (-5120 5120 2232 ) (-5120 5120 -448 ) 
4 137 138 (-5120 6144 2232 ) (-5120 6144 -448 ) (-5120 5120 -448 ) (-5120 5120 2232 ) 
4 138 216 (-6144 5120 -448 ) (-6144 5120 2232 ) (-6144 6144 2232 ) (-6144 6144 -448 ) 
4 138 140 (-5120 5120 -448 ) (-5120 5120 2232 ) (-6144 5120 2232 ) (-6144 5120 -448 ) 
4 139 204 (-4096 4096 -448 ) (-4096 4096 2232 ) (-5120 4096 2232 ) (-5120 4096 -448 ) 
4 139 140 (-5120 5120 2232 ) (-5120 5120 -448 ) (-5120 4096 -448 ) (-5120 4096 2232 ) 
4 140 218 (-6144 4096 -448 ) (-6144 4096 2232 ) (-6144 5120 2232 ) (-6144 5120 -448 ) 
4 140 205 (-5120 4096 -448 ) (-5120 4096 2232 ) (-6144 4096 2232 ) (-6144 4096 -448 ) 
4 141 143 (-1024 3072 -448 ) (-1024 3072 2232 ) (-2048 3072 2232 ) (-2048 3072 -448 ) 
4 141 142 (-2048 3072 -448 ) (-2048 3072 2232 ) (-2048 4096 2232 ) (-2048 4096 -448 ) 
4 142 202 (-3072 4096 2232 ) (-3072 4096 -448 ) (-3072 3072 -448 ) (-3072 3072 2232 ) 
4 142 144 (-3072 3072 2232 ) (-3072 3072 -448 ) (-2048 3072 -448 ) (-2048 3072 2232 ) 
4 143 145 (-1024 2048 -448 ) (-1024 2048 2232 ) (-2048 2048 2232 ) (-2048 2048 -448 ) 
4 143 144 (-2048 3072 2232 ) (-2048 3072 -448 ) (-2048 2048 -448 ) (-2048 2048 2232 ) 
4 144 203 (-3072 2048 -448 ) (-3072 2048 2232 ) (-3072 3072 2232 ) (-3072 3072 -448 ) 
4 144 146 (-2048 2048 -448 ) (-2048 2048 2232 ) (-3072 2048 2232 ) (-3072 2048 -448 ) 
4 145 199 (-1024 1024 -448 ) (-1024 1024 96 ) (-2048 1024 96 ) (-2048 1024 -448 ) 
4 145 190 (-2048 1024 384 ) (-2048 1024 96 ) (-2016 1024 96 ) (-2016 1024 384 ) 
4 145 189 (-2048 1024 416 ) (-2048 1024 384 ) (-2016 1024 384 ) (-2016 1024 416 ) 
4 145 188 (-2016 1024 2232 ) (-2048 1024 2232 ) (-2048 1024 416 ) (-2016 1024 416 ) 
4 145 147 (-1024 1024 96 ) (-1024 1024 2232 ) (-2016 1024 2232 ) (-2016 1024 96 ) 
4 145 146 (-2048 1024 -448 ) (-2048 1024 2232 ) (-2048 2048 2232 ) (-2048 2048 -448 ) 
4 146 208 (-3072 1024 -448 ) (-3072 1024 2232 ) (-3072 2048 2232 ) (-3072 2048 -448 ) 
4 146 201 (-3072 1024 2232 ) (-3072 1024 -448 ) (-2048 1024 -448 ) (-2048 1024 2232 ) 
4 147 199 (-2016 1024 96 ) (-1024 1024 96 ) (-1024 736 96 ) (-2016 736 96 ) 
4 147 190 (-2016 1024 96 ) (-2016 736 96 ) (-2016 736 384 ) (-2016 1024 384 ) 
4 147 189 (-2016 736 384 ) (-2016 736 416 ) (-2016 1024 416 ) (-2016 1024 384 ) 
4 147 188 (-2016 736 416 ) (-2016 736 2232 ) (-2016 1024 2232 ) (-2016 1024 416 ) 
4 147 150 (-2016 736 2232 ) (-2016 736 416 ) (-1728 736 416 ) (-1728 736 2232 ) 
3 147 149 (-1728 736 832 ) (-1728 736 512 ) (-1392 736 672 ) 
5 147 148 (-1024 736 512 ) (-1024 736 2232 ) (-1728 736 2232 ) (-1728 736 832 ) (-1056 736 512 ) 
4 148 157 (-1696 704 2232 ) (-1728 704 2232 ) (-1728 704 832 ) (-1696 704 816.761902 ) 
3 148 155 (-1358.312378 704 655.958252 ) (-1088 704 527.238098 ) (-1088 704 784.001770 ) 
5 148 153 (-1088 704 2232 ) (-1696 704 2232 ) (-1696 704 816.761902 ) (-1358.312378 704 655.958252 ) (-1088 704 784.001770 ) 
4 148 152 (-1056 704 2232 ) (-1088 704 2232 ) (-1088 704 527.238098 ) (-1056 704 512 ) 
4 148 151 (-1024 704 512 ) (-1024 704 2232 ) (-1056 704 2232 ) (-1056 704 512 ) 
4 148 150 (-1728 736 2232 ) (-1728 736 832 ) (-1728 704 832 ) (-1728 704 2232 ) 
4 148 149 (-1728 704 832.001709 ) (-1728 736 832.001709 ) (-1391.998291 736 672 ) (-1391.998291 704 672 ) 
4 149 157 (-1728 704 832 ) (-1728 704 512 ) (-1696 704 527.238098 ) (-1696 704 816.761902 ) 
3 149 154 (-1696 704 527.238098 ) (-1392 704 672 ) (-1696 704 816.761902 ) 
4 149 150 (-1728 736 832 ) (-1728 736 512 ) (-1728 704 512 ) (-1728 704 832 ) 
4 150 188 (-2016 704 416 ) (-2016 704 2232 ) (-2016 736 2232 ) (-2016 736 416 ) 
4 150 158 (-2016 704 2232 ) (-2016 704 416 ) (-1728 704 416 ) (-1728 704 2232 ) 
4 151 195 (-1024 32 512 ) (-1024 32 2232 ) (-1056 32 2232 ) (-1056 32 512 ) 
4 151 152 (-1056 704 2232 ) (-1056 704 512 ) (-1056 32 512 ) (-1056 32 2232 ) 
4 152 195 (-1056 32 512 ) (-1056 32 2232 ) (-1088 32 2232 ) (-1088 32 527.237061 ) 
4 152 155 (-1088 704 784.001831 ) (-1088 704 527.237061 ) (-1088 32 527.237000 ) (-1088 32 784.001831 ) 
4 152 153 (-1088 704 2232 ) (-1088 704 784.001831 ) (-1088 32 784.001831 ) (-1088 32 2232 ) 
5 153 195 (-1696 32 2232 ) (-1696 32 816.739990 ) (-1358.323364 32 655.953186 ) (-1088 32 784.001831 ) (-1088 32 2232 ) 
4 153 157 (-1696 704 2232 ) (-1696 704 816.739990 ) (-1696 32 816.739990 ) (-1696 32 2232 ) 
4 153 155 (-1358.322021 704 655.952515 ) (-1088 704 784 ) (-1088 32 784 ) (-1358.322144 32 655.952515 ) 
4 153 154 (-1696 32 816.739563 ) (-1696 704 816.739563 ) (-1392.012573 704 671.994141 ) (-1392.012573 32 671.994141 ) 
3 154 196 (-1696 32 816.739990 ) (-1696 32 527.238159 ) (-1392.012085 32 671.994263 ) 
4 154 157 (-1696 704 816.739990 ) (-1696 704 527.238159 ) (-1696 32 527.238159 ) (-1696 32 816.739990 ) 
3 155 195 (-1088 32 527.238098 ) (-1088 32 784.001831 ) (-1358.312500 32 655.958313 ) 
4 156 162 (-1472 640 400 ) (-1472 576 400 ) (-1600 576 400 ) (-1600 640 400 ) 
4 157 196 (-1728 32 832 ) (-1728 32 512 ) (-1696 32 527.239990 ) (-1696 32 816.761963 ) 
4 157 195 (-1728 32 2232 ) (-1728 32 832 ) (-1696 32 816.761963 ) (-1696 32 2232 ) 
4 157 158 (-1728 704 2232 ) (-1728 704 512 ) (-1728 32 512 ) (-1728 32 2232 ) 
4 158 197 (-2016 32 512 ) (-2016 32 416 ) (-1728 32 416 ) (-1728 32 512 ) 
4 158 196 (-2016 32 969.142944 ) (-2016 32 512 ) (-1728 32 512 ) (-1728 32 832 ) 
4 158 195 (-2016 32 2232 ) (-2016 32 969.142944 ) (-1728 32 832 ) (-1728 32 2232 ) 
4 158 188 (-2016 32 416 ) (-2016 32 2232 ) (-2016 704 2232 ) (-2016 704 416 ) 
4 159 161 (-1216 512 96 ) (-1120 512 96 ) (-1120 512 256 ) (-1216 512 256 ) 
4 160 163 (-1472 704 368 ) (-1472 704 96 ) (-1472 512 96 ) (-1472 512 368 ) 
4 161 174 (-1216 480 96 ) (-1120 480 96 ) (-1120 480 256 ) (-1216 480 256 ) 
4 162 163 (-1600 576 368 ) (-1600 640 368 ) (-1472 640 368 ) (-1472 576 368 ) 
4 163 165 (-1600 704 368 ) (-1600 704 96 ) (-1600 512 96 ) (-1600 512 368 ) 
4 163 164 (-1600 512 256 ) (-1600 512 96 ) (-1536 512 96 ) (-1536 512 256 ) 
4 164 174 (-1600 480 96 ) (-1536 480 96 ) (-1536 480 256 ) (-1600 480 256 ) 
4 164 166 (-1600 480 96 ) (-1600 480 256 ) (-1600 512 256 ) (-1600 512 96 ) 
4 165 166 (-1600 512 96 ) (-1600 512 256 ) (-1632 512 256 ) (-1632 512 96 ) 
4 166 174 (-1632 480 96 ) (-1600 480 96 ) (-1600 480 256 ) (-1632 480 256 ) 
4 167 183 (-1728 320 368 ) (-1728 480 368 ) (-1728 480 304 ) (-1728 320 304 ) 
4 167 172 (-1632 480 304 ) (-1448 480 304 ) (-1448 320 304 ) (-1632 320 304 ) 
4 167 173 (-1728 320 304 ) (-1728 480 304 ) (-1656 480 304 ) (-1656 320 304 ) 
4 167 170 (-1244 480 304 ) (-1132 480 304 ) (-1132 320 304 ) (-1244 320 304 ) 
4 167 171 (-1424 480 304 ) (-1268 480 304 ) (-1268 320 304 ) (-1424 320 304 ) 
4 167 169 (-1108 480 304 ) (-1056 480 304 ) (-1056 320 304 ) (-1108 320 304 ) 
4 168 183 (-1728 32 304 ) (-1728 32 368 ) (-1728 288 368 ) (-1728 288 304 ) 
4 168 178 (-1632 288 304 ) (-1448 288 304 ) (-1448 32 304 ) (-1632 32 304 ) 
4 168 179 (-1728 32 304 ) (-1728 288 304 ) (-1656 288 304 ) (-1656 32 304 ) 
4 168 177 (-1424 288 304 ) (-1268 288 304 ) (-1268 32 304 ) (-1424 32 304 ) 
4 168 175 (-1108 288 304 ) (-1056 288 304 ) (-1056 32 304 ) (-1108 32 304 ) 
4 168 176 (-1244 288 304 ) (-1132 288 304 ) (-1132 32 304 ) (-1244 32 304 ) 
4 169 174 (-1056 320 288 ) (-1108 320 288 ) (-1108 480 288 ) (-1056 480 288 ) 
4 170 174 (-1132 320 288 ) (-1244 320 288 ) (-1244 480 288 ) (-1132 480 288 ) 
4 171 174 (-1268 320 288 ) (-1424 320 288 ) (-1424 480 288 ) (-1268 480 288 ) 
4 172 174 (-1448 320 288 ) (-1632 320 288 ) (-1632 480 288 ) (-1448 480 288 ) 
4 173 186 (-1728 320 304 ) (-1728 480 304 ) (-1728 480 288 ) (-1728 320 288 ) 
4 173 174 (-1656 320 288 ) (-1728 320 288 ) (-1728 480 288 ) (-1656 480 288 ) 
4 174 187 (-1728 480 288 ) (-1728 480 96 ) (-1728 320 96 ) (-1728 320 288 ) 
4 175 180 (-1108 288 288 ) (-1056 288 288 ) (-1056 32 288 ) (-1108 32 288 ) 
4 176 180 (-1244 288 288 ) (-1132 288 288 ) (-1132 32 288 ) (-1244 32 288 ) 
4 177 180 (-1424 288 288 ) (-1268 288 288 ) (-1268 32 288 ) (-1424 32 288 ) 
4 178 180 (-1632 288 288 ) (-1448 288 288 ) (-1448 32 288 ) (-1632 32 288 ) 
4 179 186 (-1728 32 288 ) (-1728 32 304 ) (-1728 288 304 ) (-1728 288 288 ) 
4 179 180 (-1728 32 288 ) (-1728 288 288 ) (-1656 288 288 ) (-1656 32 288 ) 
4 180 187 (-1728 32 96 ) (-1728 32 288 ) (-1728 288 288 ) (-1728 288 96 ) 
4 181 182 (-1732 704 368 ) (-1732 640 368 ) (-1732 640 384 ) (-1732 704 384 ) 
4 181 183 (-1732 704 368 ) (-1728 704 368 ) (-1728 640 368 ) (-1732 640 368 ) 
4 182 183 (-2016 32 368 ) (-2016 704 368 ) (-1732 704 368 ) (-1732 32 368 ) 
4 183 185 (-2016 524 304 ) (-2016 600 304 ) (-1728 600 304 ) (-1728 524 304 ) 
4 183 186 (-2016 32 304 ) (-2016 500 304 ) (-1728 500 304 ) (-1728 32 304 ) 
4 183 184 (-2016 624 304 ) (-2016 704 304 ) (-1728 704 304 ) (-1728 624 304 ) 
4 184 187 (-2016 624 288 ) (-2016 704 288 ) (-1728 704 288 ) (-1728 624 288 ) 
4 185 187 (-2016 524 288 ) (-2016 600 288 ) (-1728 600 288 ) (-1728 524 288 ) 
4 186 187 (-2016 32 288 ) (-2016 500 288 ) (-1728 500 288 ) (-1728 32 288 ) 
4 187 198 (-1856 32 96 ) (-1728 32 96 ) (-1728 32 256 ) (-1856 32 256 ) 
4 187 194 (-2016 128 144 ) (-2016 128 272 ) (-2016 192 272 ) (-2016 192 144 ) 
4 187 193 (-2016 288 144 ) (-2016 288 272 ) (-2016 352 272 ) (-2016 352 144 ) 
4 187 192 (-2016 384 144 ) (-2016 384 272 ) (-2016 448 272 ) (-2016 448 144 ) 
4 187 191 (-2016 544 144 ) (-2016 544 272 ) (-2016 608 272 ) (-2016 608 144 ) 
4 188 201 (-2048 1024 2232 ) (-2048 1024 416 ) (-2048 32 416 ) (-2048 32 2232 ) 
4 188 197 (-2048 32 512 ) (-2048 32 416 ) (-2016 32 416 ) (-2016 32 512 ) 
4 188 196 (-2048 32 984.380981 ) (-2048 32 512 ) (-2016 32 512 ) (-2016 32 969.142883 ) 
4 188 195 (-2048 32 2232 ) (-2048 32 984.380981 ) (-2016 32 969.142883 ) (-2016 32 2232 ) 
4 188 189 (-2048 1024 416 ) (-2016 1024 416 ) (-2016 736 416 ) (-2048 736 416 ) 
4 189 201 (-2048 1024 416 ) (-2048 1024 384 ) (-2048 736 384 ) (-2048 736 416 ) 
4 189 190 (-2016 1024 384 ) (-2016 736 384 ) (-2048 736 384 ) (-2048 1024 384 ) 
4 190 201 (-2048 1024 384 ) (-2048 1024 96 ) (-2048 736 96 ) (-2048 736 384 ) 
4 190 199 (-2048 1024 96 ) (-2016 1024 96 ) (-2016 736 96 ) (-2048 736 96 ) 
4 191 201 (-2048 544 144 ) (-2048 544 272 ) (-2048 608 272 ) (-2048 608 144 ) 
4 192 201 (-2048 384 144 ) (-2048 384 272 ) (-2048 448 272 ) (-2048 448 144 ) 
4 193 201 (-2048 288 144 ) (-2048 288 272 ) (-2048 352 272 ) (-2048 352 144 ) 
4 194 201 (-2048 128 144 ) (-2048 128 272 ) (-2048 192 272 ) (-2048 192 144 ) 
5 195 242 (-1024 0 512 ) (-1024 0 2232 ) (-2048 0 2232 ) (-2048 0 984.380981 ) (-1056 0 512 ) 
4 195 201 (-2048 0 984.380981 ) (-2048 0 2232 ) (-2048 32 2232 ) (-2048 32 984.380981 ) 
4 195 196 (-2048 0 984.382690 ) (-2048 32 984.382690 ) (-1391.998291 32 672 ) (-1391.998291 0 672 ) 
4 196 242 (-2048 0 984.380981 ) (-2048 0 512 ) (-1728 0 512 ) (-1392 0 672 ) 
4 196 201 (-2048 0 512 ) (-2048 0 984.380981 ) (-2048 32 984.380981 ) (-2048 32 512 ) 
4 196 197 (-1728 0 512 ) (-2048 0 512 ) (-2048 32 512 ) (-1728 32 512 ) 
4 197 242 (-1728 0 512 ) (-2048 0 512 ) (-2048 0 416 ) (-1728 0 416 ) 
4 197 201 (-2048 0 416 ) (-2048 0 512 ) (-2048 32 512 ) (-2048 32 416 ) 
4 198 242 (-1856 0 256 ) (-1856 0 96 ) (-1728 0 96 ) (-1728 0 256 ) 
4 199 201 (-2048 1024 96 ) (-2048 1024 -448 ) (-2048 736 -448 ) (-2048 736 96 ) 
4 199 200 (-2048 736 -448 ) (-1024 736 -448 ) (-1024 736 64 ) (-2048 736 64 ) 
4 200 246 (-1024 0 -448 ) (-1024 0 64 ) (-2048 0 64 ) (-2048 0 -448 ) 
4 200 201 (-2048 736 -448 ) (-2048 0 -448 ) (-2048 0 64 ) (-2048 736 64 ) 
4 201 247 (-2048 0 -448 ) (-2048 0 2232 ) (-3072 0 2232 ) (-3072 0 -448 ) 
4 201 209 (-3072 0 -448 ) (-3072 0 2232 ) (-3072 1024 2232 ) (-3072 1024 -448 ) 
4 202 204 (-4096 4096 2232 ) (-4096 4096 -448 ) (-4096 3072 -448 ) (-4096 3072 2232 ) 
4 202 203 (-3072 3072 -448 ) (-3072 3072 2232 ) (-4096 3072 2232 ) (-4096 3072 -448 ) 
4 203 208 (-3072 2048 -448 ) (-3072 2048 2232 ) (-4096 2048 2232 ) (-4096 2048 -448 ) 
4 203 206 (-4096 2048 -448 ) (-4096 2048 2232 ) (-4096 3072 2232 ) (-4096 3072 -448 ) 
4 204 206 (-4096 3072 -448 ) (-4096 3072 2232 ) (-5120 3072 2232 ) (-5120 3072 -448 ) 
4 204 205 (-5120 4096 2232 ) (-5120 4096 -448 ) (-5120 3072 -448 ) (-5120 3072 2232 ) 
4 205 226 (-6144 3072 -448 ) (-6144 3072 2232 ) (-6144 4096 2232 ) (-6144 4096 -448 ) 
4 205 207 (-5120 3072 -448 ) (-5120 3072 2232 ) (-6144 3072 2232 ) (-6144 3072 -448 ) 
4 206 210 (-4096 2048 -448 ) (-4096 2048 2232 ) (-5120 2048 2232 ) (-5120 2048 -448 ) 
4 206 207 (-5120 3072 2232 ) (-5120 3072 -448 ) (-5120 2048 -448 ) (-5120 2048 2232 ) 
4 207 228 (-6144 2048 -448 ) (-6144 2048 2232 ) (-6144 3072 2232 ) (-6144 3072 -448 ) 
4 207 211 (-5120 2048 -448 ) (-5120 2048 2232 ) (-6144 2048 2232 ) (-6144 2048 -448 ) 
4 208 210 (-4096 2048 2232 ) (-4096 2048 -448 ) (-4096 1024 -448 ) (-4096 1024 2232 ) 
4 208 209 (-3072 1024 -448 ) (-3072 1024 2232 ) (-4096 1024 2232 ) (-4096 1024 -448 ) 
4 209 254 (-3072 0 -448 ) (-3072 0 2232 ) (-4096 0 2232 ) (-4096 0 -448 ) 
4 209 212 (-4096 0 -448 ) (-4096 0 2232 ) (-4096 1024 2232 ) (-4096 1024 -448 ) 
4 210 212 (-4096 1024 -448 ) (-4096 1024 2232 ) (-5120 1024 2232 ) (-5120 1024 -448 ) 
4 210 211 (-5120 2048 2232 ) (-5120 2048 -448 ) (-5120 1024 -448 ) (-5120 1024 2232 ) 
4 211 230 (-6144 1024 -448 ) (-6144 1024 2232 ) (-6144 2048 2232 ) (-6144 2048 -448 ) 
4 211 213 (-5120 1024 -448 ) (-5120 1024 2232 ) (-6144 1024 2232 ) (-6144 1024 -448 ) 
4 212 256 (-4096 0 -448 ) (-4096 0 2232 ) (-5120 0 2232 ) (-5120 0 -448 ) 
4 212 213 (-5120 1024 2232 ) (-5120 1024 -448 ) (-5120 0 -448 ) (-5120 0 2232 ) 
4 213 257 (-5120 0 -448 ) (-5120 0 2232 ) (-6144 0 2232 ) (-6144 0 -448 ) 
4 213 232 (-6144 0 -448 ) (-6144 0 2232 ) (-6144 1024 2232 ) (-6144 1024 -448 ) 
4 214 216 (-6144 6144 -448 ) (-6144 6144 2232 ) (-7168 6144 2232 ) (-7168 6144 -448 ) 
4 214 215 (-7168 6144 -448 ) (-7168 6144 2232 ) (-7168 6424 2232 ) (-7168 6424 -448 ) 
4 215 220 (-8192 6144 -448 ) (-8192 6144 2232 ) (-8192 6424 2232 ) (-8192 6424 -448 ) 
4 215 217 (-7168 6144 -448 ) (-7168 6144 2232 ) (-8192 6144 2232 ) (-8192 6144 -448 ) 
4 216 218 (-6144 5120 -448 ) (-6144 5120 2232 ) (-7168 5120 2232 ) (-7168 5120 -448 ) 
4 216 217 (-7168 5120 -448 ) (-7168 5120 2232 ) (-7168 6144 2232 ) (-7168 6144 -448 ) 
4 217 222 (-8192 5120 -448 ) (-8192 5120 2232 ) (-8192 6144 2232 ) (-8192 6144 -448 ) 
4 217 219 (-8192 5120 2232 ) (-8192 5120 -448 ) (-7168 5120 -448 ) (-7168 5120 2232 ) 
4 218 226 (-6144 4096 -448 ) (-6144 4096 2232 ) (-7168 4096 2232 ) (-7168 4096 -448 ) 
4 218 219 (-7168 5120 2232 ) (-7168 5120 -448 ) (-7168 4096 -448 ) (-7168 4096 2232 ) 
4 219 227 (-7168 4096 -448 ) (-7168 4096 2232 ) (-8192 4096 2232 ) (-8192 4096 -448 ) 
4 219 223 (-8192 4096 -448 ) (-8192 4096 2232 ) (-8192 5120 2232 ) (-8192 5120 -448 ) 
4 220 222 (-8192 6144 -448 ) (-8192 6144 2232 ) (-9216 6144 2232 ) (-9216 6144 -448 ) 
4 220 221 (-9216 6144 -448 ) (-9216 6144 2232 ) (-9216 6424 2232 ) (-9216 6424 -448 ) 
4 221 224 (-9216 6144 -448 ) (-9216 6144 2232 ) (-9296 6144 2232 ) (-9296 6144 -448 ) 
4 222 224 (-9216 6144 2232 ) (-9216 6144 -448 ) (-9216 5120 -448 ) (-9216 5120 2232 ) 
4 222 223 (-8192 5120 -448 ) (-8192 5120 2232 ) (-9216 5120 2232 ) (-9216 5120 -448 ) 
4 223 234 (-8192 4096 -448 ) (-8192 4096 2232 ) (-9216 4096 2232 ) (-9216 4096 -448 ) 
4 223 225 (-9216 4096 -448 ) (-9216 4096 2232 ) (-9216 5120 2232 ) (-9216 5120 -448 ) 
4 224 225 (-9216 5120 -448 ) (-9216 5120 2232 ) (-9296 5120 2232 ) (-9296 5120 -448 ) 
4 225 236 (-9216 4096 -448 ) (-9216 4096 2232 ) (-9296 4096 2232 ) (-9296 4096 -448 ) 
4 226 228 (-6144 3072 -448 ) (-6144 3072 2232 ) (-7168 3072 2232 ) (-7168 3072 -448 ) 
4 226 227 (-7168 3072 -448 ) (-7168 3072 2232 ) (-7168 4096 2232 ) (-7168 4096 -448 ) 
4 227 234 (-8192 4096 2232 ) (-8192 4096 -448 ) (-8192 3072 -448 ) (-8192 3072 2232 ) 
4 227 229 (-8192 3072 2232 ) (-8192 3072 -448 ) (-7168 3072 -448 ) (-7168 3072 2232 ) 
4 228 230 (-6144 2048 -448 ) (-6144 2048 2232 ) (-7168 2048 2232 ) (-7168 2048 -448 ) 
4 228 229 (-7168 3072 2232 ) (-7168 3072 -448 ) (-7168 2048 -448 ) (-7168 2048 2232 ) 
4 229 235 (-8192 2048 -448 ) (-8192 2048 2232 ) (-8192 3072 2232 ) (-8192 3072 -448 ) 
4 229 231 (-7168 2048 -448 ) (-7168 2048 2232 ) (-8192 2048 2232 ) (-8192 2048 -448 ) 
4 230 232 (-6144 1024 -448 ) (-6144 1024 2232 ) (-7168 1024 2232 ) (-7168 1024 -448 ) 
4 230 231 (-7168 1024 -448 ) (-7168 1024 2232 ) (-7168 2048 2232 ) (-7168 2048 -448 ) 
4 231 238 (-8192 1024 -448 ) (-8192 1024 2232 ) (-8192 2048 2232 ) (-8192 2048 -448 ) 
4 231 233 (-8192 1024 2232 ) (-8192 1024 -448 ) (-7168 1024 -448 ) (-7168 1024 2232 ) 
4 232 281 (-6144 0 -448 ) (-6144 0 2232 ) (-7168 0 2232 ) (-7168 0 -448 ) 
4 232 233 (-7168 1024 2232 ) (-7168 1024 -448 ) (-7168 0 -448 ) (-7168 0 2232 ) 
4 233 282 (-7168 0 -448 ) (-7168 0 2232 ) (-8192 0 2232 ) (-8192 0 -448 ) 
4 233 239 (-8192 0 -448 ) (-8192 0 2232 ) (-8192 1024 2232 ) (-8192 1024 -448 ) 
4 234 236 (-9216 4096 2232 ) (-9216 4096 -448 ) (-9216 3072 -448 ) (-9216 3072 2232 ) 
4 234 235 (-8192 3072 -448 ) (-8192 3072 2232 ) (-9216 3072 2232 ) (-9216 3072 -448 ) 
4 235 238 (-8192 2048 -448 ) (-8192 2048 2232 ) (-9216 2048 2232 ) (-9216 2048 -448 ) 
4 235 237 (-9216 2048 -448 ) (-9216 2048 2232 ) (-9216 3072 2232 ) (-9216 3072 -448 ) 
4 236 237 (-9216 3072 -448 ) (-9216 3072 2232 ) (-9296 3072 2232 ) (-9296 3072 -448 ) 
4 237 240 (-9216 2048 -448 ) (-9216 2048 2232 ) (-9296 2048 2232 ) (-9296 2048 -448 ) 
4 238 240 (-9216 2048 2232 ) (-9216 2048 -448 ) (-9216 1024 -448 ) (-9216 1024 2232 ) 
4 238 239 (-8192 1024 -448 ) (-8192 1024 2232 ) (-9216 1024 2232 ) (-9216 1024 -448 ) 
4 239 289 (-8192 0 -448 ) (-8192 0 2232 ) (-9216 0 2232 ) (-9216 0 -448 ) 
4 239 241 (-9216 0 -448 ) (-9216 0 2232 ) (-9216 1024 2232 ) (-9216 1024 -448 ) 
4 240 241 (-9216 1024 -448 ) (-9216 1024 2232 ) (-9296 1024 2232 ) (-9296 1024 -448 ) 
4 241 291 (-9216 0 -448 ) (-9216 0 2232 ) (-9296 0 2232 ) (-9296 0 -448 ) 
4 242 248 (-1024 -1024 96 ) (-1024 -1024 2232 ) (-2048 -1024 2232 ) (-2048 -1024 96 ) 
4 242 247 (-2048 -1024 96 ) (-2048 -1024 2232 ) (-2048 0 2232 ) (-2048 0 96 ) 
4 242 244 (-1728 -12 96 ) (-1728 -1024 96 ) (-1856 -1024 96 ) (-1856 -12 96 ) 
4 242 243 (-1728 0 96 ) (-1024 0 96 ) (-1024 -1024 96 ) (-1728 -1024 96 ) 
4 242 245 (-2048 -1024 96 ) (-2048 0 96 ) (-1856 0 96 ) (-1856 -1024 96 ) 
4 243 248 (-1024 -1024 64 ) (-1024 -1024 96 ) (-1728 -1024 96 ) (-1728 -1024 64 ) 
4 243 246 (-1024 -1024 64 ) (-1728 -1024 64 ) (-1728 0 64 ) (-1024 0 64 ) 
4 243 244 (-1728 -64 64 ) (-1728 -1024 64 ) (-1728 -1024 96 ) (-1728 -12 96 ) 
4 244 248 (-1728 -1024 96 ) (-1856 -1024 96 ) (-1856 -1024 64 ) (-1728 -1024 64 ) 
4 244 246 (-1728 -1024 64 ) (-1856 -1024 64 ) (-1856 -64 64 ) (-1728 -64 64 ) 
4 244 245 (-1856 -64 64 ) (-1856 -1024 64 ) (-1856 -1024 96 ) (-1856 -12 96 ) 
4 245 248 (-1856 -1024 96 ) (-2048 -1024 96 ) (-2048 -1024 64 ) (-1856 -1024 64 ) 
4 245 247 (-2048 -1024 64 ) (-2048 -1024 96 ) (-2048 0 96 ) (-2048 0 64 ) 
4 245 246 (-1856 -1024 64 ) (-2048 -1024 64 ) (-2048 0 64 ) (-1856 0 64 ) 
4 246 248 (-1024 -1024 -448 ) (-1024 -1024 64 ) (-2048 -1024 64 ) (-2048 -1024 -448 ) 
4 246 247 (-2048 -1024 -448 ) (-2048 -1024 64 ) (-2048 0 64 ) (-2048 0 -448 ) 
4 247 254 (-3072 0 2232 ) (-3072 0 -448 ) (-3072 -1024 -448 ) (-3072 -1024 2232 ) 
4 247 249 (-3072 -1024 2232 ) (-3072 -1024 -448 ) (-2048 -1024 -448 ) (-2048 -1024 2232 ) 
4 248 250 (-1024 -2048 -448 ) (-1024 -2048 2232 ) (-2048 -2048 2232 ) (-2048 -2048 -448 ) 
4 248 249 (-2048 -1024 2232 ) (-2048 -1024 -448 ) (-2048 -2048 -448 ) (-2048 -2048 2232 ) 
4 249 255 (-3072 -2048 -448 ) (-3072 -2048 2232 ) (-3072 -1024 2232 ) (-3072 -1024 -448 ) 
4 249 251 (-2048 -2048 -448 ) (-2048 -2048 2232 ) (-3072 -2048 2232 ) (-3072 -2048 -448 ) 
4 250 252 (-1024 -3072 -448 ) (-1024 -3072 2232 ) (-2048 -3072 2232 ) (-2048 -3072 -448 ) 
4 250 251 (-2048 -3072 -448 ) (-2048 -3072 2232 ) (-2048 -2048 2232 ) (-2048 -2048 -448 ) 
4 251 260 (-3072 -3072 -448 ) (-3072 -3072 2232 ) (-3072 -2048 2232 ) (-3072 -2048 -448 ) 
4 251 253 (-3072 -3072 2232 ) (-3072 -3072 -448 ) (-2048 -3072 -448 ) (-2048 -3072 2232 ) 
4 252 266 (-1024 -4096 -448 ) (-1024 -4096 2232 ) (-2048 -4096 2232 ) (-2048 -4096 -448 ) 
4 252 253 (-2048 -3072 2232 ) (-2048 -3072 -448 ) (-2048 -4096 -448 ) (-2048 -4096 2232 ) 
4 253 267 (-2048 -4096 -448 ) (-2048 -4096 2232 ) (-3072 -4096 2232 ) (-3072 -4096 -448 ) 
4 253 261 (-3072 -4096 -448 ) (-3072 -4096 2232 ) (-3072 -3072 2232 ) (-3072 -3072 -448 ) 
4 254 256 (-4096 0 2232 ) (-4096 0 -448 ) (-4096 -1024 -448 ) (-4096 -1024 2232 ) 
4 254 255 (-3072 -1024 -448 ) (-3072 -1024 2232 ) (-4096 -1024 2232 ) (-4096 -1024 -448 ) 
4 255 260 (-3072 -2048 -448 ) (-3072 -2048 2232 ) (-4096 -2048 2232 ) (-4096 -2048 -448 ) 
4 255 258 (-4096 -2048 -448 ) (-4096 -2048 2232 ) (-4096 -1024 2232 ) (-4096 -1024 -448 ) 
4 256 258 (-4096 -1024 -448 ) (-4096 -1024 2232 ) (-5120 -1024 2232 ) (-5120 -1024 -448 ) 
4 256 257 (-5120 0 2232 ) (-5120 0 -448 ) (-5120 -1024 -448 ) (-5120 -1024 2232 ) 
4 257 281 (-6144 0 2232 ) (-6144 0 -448 ) (-6144 -1024 -448 ) (-6144 -1024 2232 ) 
4 257 259 (-5120 -1024 -448 ) (-5120 -1024 2232 ) (-6144 -1024 2232 ) (-6144 -1024 -448 ) 
4 258 262 (-4096 -2048 -448 ) (-4096 -2048 2232 ) (-5120 -2048 2232 ) (-5120 -2048 -448 ) 
4 258 259 (-5120 -1024 2232 ) (-5120 -1024 -448 ) (-5120 -2048 -448 ) (-5120 -2048 2232 ) 
4 259 283 (-6144 -2048 -448 ) (-6144 -2048 2232 ) (-6144 -1024 2232 ) (-6144 -1024 -448 ) 
4 259 263 (-5120 -2048 -448 ) (-5120 -2048 2232 ) (-6144 -2048 2232 ) (-6144 -2048 -448 ) 
4 260 262 (-4096 -2048 2232 ) (-4096 -2048 -448 ) (-4096 -3072 -448 ) (-4096 -3072 2232 ) 
4 260 261 (-3072 -3072 -448 ) (-3072 -3072 2232 ) (-4096 -3072 2232 ) (-4096 -3072 -448 ) 
4 261 272 (-3072 -4096 -448 ) (-3072 -4096 2232 ) (-4096 -4096 2232 ) (-4096 -4096 -448 ) 
4 261 264 (-4096 -4096 -448 ) (-4096 -4096 2232 ) (-4096 -3072 2232 ) (-4096 -3072 -448 ) 
4 262 264 (-4096 -3072 -448 ) (-4096 -3072 2232 ) (-5120 -3072 2232 ) (-5120 -3072 -448 ) 
4 262 263 (-5120 -2048 2232 ) (-5120 -2048 -448 ) (-5120 -3072 -448 ) (-5120 -3072 2232 ) 
4 263 285 (-6144 -3072 -448 ) (-6144 -3072 2232 ) (-6144 -2048 2232 ) (-6144 -2048 -448 ) 
4 263 265 (-5120 -3072 -448 ) (-5120 -3072 2232 ) (-6144 -3072 2232 ) (-6144 -3072 -448 ) 
4 264 274 (-4096 -4096 -448 ) (-4096 -4096 2232 ) (-5120 -4096 2232 ) (-5120 -4096 -448 ) 
4 264 265 (-5120 -3072 2232 ) (-5120 -3072 -448 ) (-5120 -4096 -448 ) (-5120 -4096 2232 ) 
4 265 287 (-6144 -4096 -448 ) (-6144 -4096 2232 ) (-6144 -3072 2232 ) (-6144 -3072 -448 ) 
4 265 275 (-5120 -4096 -448 ) (-5120 -4096 2232 ) (-6144 -4096 2232 ) (-6144 -4096 -448 ) 
4 266 268 (-1024 -5120 -448 ) (-1024 -5120 2232 ) (-2048 -5120 2232 ) (-2048 -5120 -448 ) 
4 266 267 (-2048 -5120 -448 ) (-2048 -5120 2232 ) (-2048 -4096 2232 ) (-2048 -4096 -448 ) 
4 267 272 (-3072 -4096 2232 ) (-3072 -4096 -448 ) (-3072 -5120 -448 ) (-3072 -5120 2232 ) 
4 267 269 (-3072 -5120 2232 ) (-3072 -5120 -448 ) (-2048 -5120 -448 ) (-2048 -5120 2232 ) 
4 268 270 (-1024 -6144 -448 ) (-1024 -6144 2232 ) (-2048 -6144 2232 ) (-2048 -6144 -448 ) 
4 268 269 (-2048 -5120 2232 ) (-2048 -5120 -448 ) (-2048 -6144 -448 ) (-2048 -6144 2232 ) 
4 269 273 (-3072 -6144 -448 ) (-3072 -6144 2232 ) (-3072 -5120 2232 ) (-3072 -5120 -448 ) 
4 269 271 (-2048 -6144 -448 ) (-2048 -6144 2232 ) (-3072 -6144 2232 ) (-3072 -6144 -448 ) 
4 270 271 (-2048 -6568 2232 ) (-2048 -6144 2232 ) (-2048 -6144 -448 ) (-2048 -6568 -448 ) 
4 271 278 (-3072 -6568 2232 ) (-3072 -6144 2232 ) (-3072 -6144 -448 ) (-3072 -6568 -448 ) 
4 272 274 (-4096 -4096 2232 ) (-4096 -4096 -448 ) (-4096 -5120 -448 ) (-4096 -5120 2232 ) 
4 272 273 (-3072 -5120 -448 ) (-3072 -5120 2232 ) (-4096 -5120 2232 ) (-4096 -5120 -448 ) 
4 273 278 (-3072 -6144 -448 ) (-3072 -6144 2232 ) (-4096 -6144 2232 ) (-4096 -6144 -448 ) 
4 273 276 (-4096 -6144 -448 ) (-4096 -6144 2232 ) (-4096 -5120 2232 ) (-4096 -5120 -448 ) 
4 274 276 (-4096 -5120 -448 ) (-4096 -5120 2232 ) (-5120 -5120 2232 ) (-5120 -5120 -448 ) 
4 274 275 (-5120 -4096 2232 ) (-5120 -4096 -448 ) (-5120 -5120 -448 ) (-5120 -5120 2232 ) 
4 275 297 (-6144 -5120 -448 ) (-6144 -5120 2232 ) (-6144 -4096 2232 ) (-6144 -4096 -448 ) 
4 275 277 (-5120 -5120 -448 ) (-5120 -5120 2232 ) (-6144 -5120 2232 ) (-6144 -5120 -448 ) 
4 276 279 (-4096 -6144 -448 ) (-4096 -6144 2232 ) (-5120 -6144 2232 ) (-5120 -6144 -448 ) 
4 276 277 (-5120 -5120 2232 ) (-5120 -5120 -448 ) (-5120 -6144 -448 ) (-5120 -6144 2232 ) 
4 277 299 (-6144 -6144 -448 ) (-6144 -6144 2232 ) (-6144 -5120 2232 ) (-6144 -5120 -448 ) 
4 277 280 (-5120 -6144 -448 ) (-5120 -6144 2232 ) (-6144 -6144 2232 ) (-6144 -6144 -448 ) 
4 278 279 (-4096 -6144 2232 ) (-4096 -6144 -448 ) (-4096 -6568 -448 ) (-4096 -6568 2232 ) 
4 279 280 (-5120 -6144 2232 ) (-5120 -6144 -448 ) (-5120 -6568 -448 ) (-5120 -6568 2232 ) 
4 280 301 (-6144 -6568 2232 ) (-6144 -6144 2232 ) (-6144 -6144 -448 ) (-6144 -6568 -448 ) 
4 281 283 (-6144 -1024 -448 ) (-6144 -1024 2232 ) (-7168 -1024 2232 ) (-7168 -1024 -448 ) 
4 281 282 (-7168 -1024 -448 ) (-7168 -1024 2232 ) (-7168 0 2232 ) (-7168 0 -448 ) 
4 282 289 (-8192 0 2232 ) (-8192 0 -448 ) (-8192 -1024 -448 ) (-8192 -1024 2232 ) 
4 282 284 (-8192 -1024 2232 ) (-8192 -1024 -448 ) (-7168 -1024 -448 ) (-7168 -1024 2232 ) 
4 283 285 (-6144 -2048 -448 ) (-6144 -2048 2232 ) (-7168 -2048 2232 ) (-7168 -2048 -448 ) 
4 283 284 (-7168 -1024 2232 ) (-7168 -1024 -448 ) (-7168 -2048 -448 ) (-7168 -2048 2232 ) 
4 284 290 (-8192 -2048 -448 ) (-8192 -2048 2232 ) (-8192 -1024 2232 ) (-8192 -1024 -448 ) 
4 284 286 (-7168 -2048 -448 ) (-7168 -2048 2232 ) (-8192 -2048 2232 ) (-8192 -2048 -448 ) 
4 285 287 (-6144 -3072 -448 ) (-6144 -3072 2232 ) (-7168 -3072 2232 ) (-7168 -3072 -448 ) 
4 285 286 (-7168 -3072 -448 ) (-7168 -3072 2232 ) (-7168 -2048 2232 ) (-7168 -2048 -448 ) 
4 286 293 (-8192 -3072 -448 ) (-8192 -3072 2232 ) (-8192 -2048 2232 ) (-8192 -2048 -448 ) 
4 286 288 (-8192 -3072 2232 ) (-8192 -3072 -448 ) (-7168 -3072 -448 ) (-7168 -3072 2232 ) 
4 287 297 (-6144 -4096 -448 ) (-6144 -4096 2232 ) (-7168 -4096 2232 ) (-7168 -4096 -448 ) 
4 287 288 (-7168 -3072 2232 ) (-7168 -3072 -448 ) (-7168 -4096 -448 ) (-7168 -4096 2232 ) 
4 288 298 (-7168 -4096 -448 ) (-7168 -4096 2232 ) (-8192 -4096 2232 ) (-8192 -4096 -448 ) 
4 288 294 (-8192 -4096 -448 ) (-8192 -4096 2232 ) (-8192 -3072 2232 ) (-8192 -3072 -448 ) 
4 289 291 (-9216 0 2232 ) (-9216 0 -448 ) (-9216 -1024 -448 ) (-9216 -1024 2232 ) 
4 289 290 (-8192 -1024 -448 ) (-8192 -1024 2232 ) (-9216 -1024 2232 ) (-9216 -1024 -448 ) 
4 290 293 (-8192 -2048 -448 ) (-8192 -2048 2232 ) (-9216 -2048 2232 ) (-9216 -2048 -448 ) 
4 290 292 (-9216 -2048 -448 ) (-9216 -2048 2232 ) (-9216 -1024 2232 ) (-9216 -1024 -448 ) 
4 291 292 (-9216 -1024 -448 ) (-9216 -1024 2232 ) (-9296 -1024 2232 ) (-9296 -1024 -448 ) 
4 292 295 (-9216 -2048 -448 ) (-9216 -2048 2232 ) (-9296 -2048 2232 ) (-9296 -2048 -448 ) 
4 293 295 (-9216 -2048 2232 ) (-9216 -2048 -448 ) (-9216 -3072 -448 ) (-9216 -3072 2232 ) 
4 293 294 (-8192 -3072 -448 ) (-8192 -3072 2232 ) (-9216 -3072 2232 ) (-9216 -3072 -448 ) 
4 294 303 (-8192 -4096 -448 ) (-8192 -4096 2232 ) (-9216 -4096 2232 ) (-9216 -4096 -448 ) 
4 294 296 (-9216 -4096 -448 ) (-9216 -4096 2232 ) (-9216 -3072 2232 ) (-9216 -3072 -448 ) 
4 295 296 (-9216 -3072 -448 ) (-9216 -3072 2232 ) (-9296 -3072 2232 ) (-9296 -3072 -448 ) 
4 296 305 (-9216 -4096 -448 ) (-9216 -4096 2232 ) (-9296 -4096 2232 ) (-9296 -4096 -448 ) 
4 297 299 (-6144 -5120 -448 ) (-6144 -5120 2232 ) (-7168 -5120 2232 ) (-7168 -5120 -448 ) 
4 297 298 (-7168 -5120 -448 ) (-7168 -5120 2232 ) (-7168 -4096 2232 ) (-7168 -4096 -448 ) 
4 298 303 (-8192 -4096 2232 ) (-8192 -4096 -448 ) (-8192 -5120 -448 ) (-8192 -5120 2232 ) 
4 298 300 (-8192 -5120 2232 ) (-8192 -5120 -448 ) (-7168 -5120 -448 ) (-7168 -5120 2232 ) 
4 299 301 (-6144 -6144 -448 ) (-6144 -6144 2232 ) (-7168 -6144 2232 ) (-7168 -6144 -448 ) 
4 299 300 (-7168 -5120 2232 ) (-7168 -5120 -448 ) (-7168 -6144 -448 ) (-7168 -6144 2232 ) 
4 300 304 (-8192 -6144 -448 ) (-8192 -6144 2232 ) (-8192 -5120 2232 ) (-8192 -5120 -448 ) 
4 300 302 (-7168 -6144 -448 ) (-7168 -6144 2232 ) (-8192 -6144 2232 ) (-8192 -6144 -448 ) 
4 301 302 (-7168 -6568 2232 ) (-7168 -6144 2232 ) (-7168 -6144 -448 ) (-7168 -6568 -448 ) 
4 302 307 (-8192 -6568 2232 ) (-8192 -6144 2232 ) (-8192 -6144 -448 ) (-8192 -6568 -448 ) 
4 303 305 (-9216 -4096 2232 ) (-9216 -4096 -448 ) (-9216 -5120 -448 ) (-9216 -5120 2232 ) 
4 303 304 (-8192 -5120 -448 ) (-8192 -5120 2232 ) (-9216 -5120 2232 ) (-9216 -5120 -448 ) 
4 304 307 (-8192 -6144 -448 ) (-8192 -6144 2232 ) (-9216 -6144 2232 ) (-9216 -6144 -448 ) 
4 304 306 (-9216 -6144 -448 ) (-9216 -6144 2232 ) (-9216 -5120 2232 ) (-9216 -5120 -448 ) 
4 305 306 (-9216 -5120 -448 ) (-9216 -5120 2232 ) (-9296 -5120 2232 ) (-9296 -5120 -448 ) 
4 306 308 (-9216 -6144 -448 ) (-9216 -6144 2232 ) (-9296 -6144 2232 ) (-9296 -6144 -448 ) 
4 307 308 (-9216 -6144 2232 ) (-9216 -6144 -448 ) (-9216 -6568 -448 ) (-9216 -6568 2232 ) 
