PRT1
323
806
4 0 167 (0 1012 16 ) (0 1012 8 ) (0 536 8 ) (0 536 16 ) 
4 0 132 (0 1012 176 ) (0 1012 16 ) (0 536 16 ) (0 536 176 ) 
4 0 123 (0 1012 192 ) (0 1012 176 ) (0 536 176 ) (0 536 192 ) 
4 0 110 (0 536 428.052002 ) (0 1012 428.052002 ) (0 1012 192 ) (0 536 192 ) 
4 0 7 (0 536 8 ) (0 1012 8 ) (292 1012 8 ) (292 536 8 ) 
4 0 5 (292 1012 8 ) (296 1012 8 ) (296 536 8 ) (292 536 8 ) 
4 0 4 (296 1012 8 ) (544 1012 8 ) (544 536 8 ) (296 536 8 ) 
4 0 2 (296 536 16 ) (296 536 428.052002 ) (0 536 428.052002 ) (0 536 16 ) 
4 0 1 (296 536 8 ) (544 536 8 ) (544 536 428.052002 ) (296 536 428.052002 ) 
4 1 109 (544 0 428.052002 ) (296 0 428.052002 ) (296 0 8 ) (544 0 8 ) 
4 1 4 (544 0 8 ) (296 0 8 ) (296 536 8 ) (544 536 8 ) 
4 1 2 (296 536 428.052002 ) (296 536 16 ) (296 192 16 ) (296 192 428.052002 ) 
4 1 3 (296 192 8 ) (296 0 8 ) (296 0 428.052002 ) (296 192 428.052002 ) 
4 2 132 (0 536 176 ) (0 536 16 ) (0 192 16 ) (0 192 176 ) 
4 2 123 (0 536 192 ) (0 536 176 ) (0 320 176 ) (0 320 192 ) 
4 2 114 (0 192 428.052002 ) (0 504 428.052002 ) (0 504 192 ) (0 192 192 ) 
4 2 110 (0 504 428.052002 ) (0 536 428.052002 ) (0 536 192 ) (0 504 192 ) 
4 2 3 (296 192 16 ) (296 192 428.052002 ) (0 192 428.052002 ) (0 192 16 ) 
4 3 114 (0 0 192 ) (0 0 428.052002 ) (0 192 428.052002 ) (0 192 192 ) 
4 3 109 (296 0 428.052002 ) (0 0 428.052002 ) (0 0 8 ) (296 0 8 ) 
4 3 9 (292 0 8 ) (0 0 8 ) (0 192 8 ) (292 192 8 ) 
4 3 6 (296 0 8 ) (292 0 8 ) (292 192 8 ) (296 192 8 ) 
4 4 109 (544 0 8 ) (296 0 8 ) (296 0 0 ) (544 0 0 ) 
4 4 86 (544 0 0 ) (296 0 0 ) (296 192 0 ) (544 192 0 ) 
4 4 85 (332 224 0 ) (544 224 0 ) (544 192 0 ) (332 192 0 ) 
4 4 77 (332 256 0 ) (544 256 0 ) (544 224 0 ) (332 224 0 ) 
4 4 76 (332 264 0 ) (544 264 0 ) (544 256 0 ) (332 256 0 ) 
4 4 68 (332 296 0 ) (544 296 0 ) (544 264 0 ) (332 264 0 ) 
4 4 67 (332 304 0 ) (544 304 0 ) (544 296 0 ) (332 296 0 ) 
4 4 59 (332 336 0 ) (544 336 0 ) (544 304 0 ) (332 304 0 ) 
4 4 58 (332 344 0 ) (544 344 0 ) (544 336 0 ) (332 336 0 ) 
4 4 50 (332 376 0 ) (544 376 0 ) (544 344 0 ) (332 344 0 ) 
4 4 49 (332 384 0 ) (544 384 0 ) (544 376 0 ) (332 376 0 ) 
4 4 41 (332 416 0 ) (544 416 0 ) (544 384 0 ) (332 384 0 ) 
4 4 40 (332 424 0 ) (544 424 0 ) (544 416 0 ) (332 416 0 ) 
4 4 32 (332 456 0 ) (544 456 0 ) (544 424 0 ) (332 424 0 ) 
4 4 31 (332 464 0 ) (544 464 0 ) (544 456 0 ) (332 456 0 ) 
4 4 23 (332 496 0 ) (544 496 0 ) (544 464 0 ) (332 464 0 ) 
4 4 22 (332 504 0 ) (544 504 0 ) (544 496 0 ) (332 496 0 ) 
4 4 14 (332 536 0 ) (544 536 0 ) (544 504 0 ) (332 504 0 ) 
4 4 13 (296 804 0 ) (296 1012 0 ) (324 1012 0 ) (324 804 0 ) 
4 4 12 (332 804 0 ) (332 640 0 ) (328 640 0 ) (328 804 0 ) 
4 4 11 (324 1012 0 ) (332 1012 0 ) (332 804 0 ) (324 804 0 ) 
4 4 10 (332 1012 0 ) (544 1012 0 ) (544 536 0 ) (332 536 0 ) 
4 4 5 (296 1012 8 ) (296 1012 0 ) (296 536 0 ) (296 536 8 ) 
4 4 6 (296 192 0 ) (296 0 0 ) (296 0 8 ) (296 192 8 ) 
4 5 13 (292 804 0 ) (292 1012 0 ) (296 1012 0 ) (296 804 0 ) 
4 5 7 (292 1012 0 ) (292 536 0 ) (292 536 8 ) (292 1012 8 ) 
4 6 109 (296 0 8 ) (292 0 8 ) (292 0 0 ) (296 0 0 ) 
4 6 86 (296 0 0 ) (292 0 0 ) (292 192 0 ) (296 192 0 ) 
4 6 9 (292 192 0 ) (292 0 0 ) (292 0 8 ) (292 192 8 ) 
4 7 169 (0 536 8 ) (0 1012 8 ) (0 1012 0 ) (0 536 0 ) 
4 7 13 (0 804 0 ) (0 1012 0 ) (292 1012 0 ) (292 804 0 ) 
4 8 170 (0 196 8 ) (0 532 8 ) (0 532 0 ) (0 196 0 ) 
4 8 84 (0 224 0 ) (0 256 0 ) (32 256 0 ) (32 224 0 ) 
4 8 82 (80 256 0 ) (112 256 0 ) (112 224 0 ) (80 224 0 ) 
4 8 83 (40 256 0 ) (72 256 0 ) (72 224 0 ) (40 224 0 ) 
4 8 81 (120 256 0 ) (152 256 0 ) (152 224 0 ) (120 224 0 ) 
4 8 80 (160 256 0 ) (192 256 0 ) (192 224 0 ) (160 224 0 ) 
4 8 79 (200 256 0 ) (232 256 0 ) (232 224 0 ) (200 224 0 ) 
4 8 78 (240 256 0 ) (272 256 0 ) (272 224 0 ) (240 224 0 ) 
4 8 75 (0 264 0 ) (0 296 0 ) (32 296 0 ) (32 264 0 ) 
4 8 73 (80 296 0 ) (112 296 0 ) (112 264 0 ) (80 264 0 ) 
4 8 74 (40 296 0 ) (72 296 0 ) (72 264 0 ) (40 264 0 ) 
4 8 72 (120 296 0 ) (152 296 0 ) (152 264 0 ) (120 264 0 ) 
4 8 71 (160 296 0 ) (192 296 0 ) (192 264 0 ) (160 264 0 ) 
4 8 70 (200 296 0 ) (232 296 0 ) (232 264 0 ) (200 264 0 ) 
4 8 69 (240 296 0 ) (272 296 0 ) (272 264 0 ) (240 264 0 ) 
4 8 66 (0 304 0 ) (0 336 0 ) (32 336 0 ) (32 304 0 ) 
4 8 64 (80 336 0 ) (112 336 0 ) (112 304 0 ) (80 304 0 ) 
4 8 65 (40 336 0 ) (72 336 0 ) (72 304 0 ) (40 304 0 ) 
4 8 63 (120 336 0 ) (152 336 0 ) (152 304 0 ) (120 304 0 ) 
4 8 62 (160 336 0 ) (192 336 0 ) (192 304 0 ) (160 304 0 ) 
4 8 61 (200 336 0 ) (232 336 0 ) (232 304 0 ) (200 304 0 ) 
4 8 60 (240 336 0 ) (272 336 0 ) (272 304 0 ) (240 304 0 ) 
4 8 57 (0 344 0 ) (0 376 0 ) (32 376 0 ) (32 344 0 ) 
4 8 55 (80 376 0 ) (112 376 0 ) (112 344 0 ) (80 344 0 ) 
4 8 56 (40 376 0 ) (72 376 0 ) (72 344 0 ) (40 344 0 ) 
4 8 54 (120 376 0 ) (152 376 0 ) (152 344 0 ) (120 344 0 ) 
4 8 53 (160 376 0 ) (192 376 0 ) (192 344 0 ) (160 344 0 ) 
4 8 52 (200 376 0 ) (232 376 0 ) (232 344 0 ) (200 344 0 ) 
4 8 51 (240 376 0 ) (272 376 0 ) (272 344 0 ) (240 344 0 ) 
4 8 48 (0 384 0 ) (0 416 0 ) (32 416 0 ) (32 384 0 ) 
4 8 46 (80 416 0 ) (112 416 0 ) (112 384 0 ) (80 384 0 ) 
4 8 47 (40 416 0 ) (72 416 0 ) (72 384 0 ) (40 384 0 ) 
4 8 45 (120 416 0 ) (152 416 0 ) (152 384 0 ) (120 384 0 ) 
4 8 44 (160 416 0 ) (192 416 0 ) (192 384 0 ) (160 384 0 ) 
4 8 43 (200 416 0 ) (232 416 0 ) (232 384 0 ) (200 384 0 ) 
4 8 42 (240 416 0 ) (272 416 0 ) (272 384 0 ) (240 384 0 ) 
4 8 38 (40 456 0 ) (72 456 0 ) (72 424 0 ) (40 424 0 ) 
4 8 39 (0 424 0 ) (0 456 0 ) (32 456 0 ) (32 424 0 ) 
4 8 37 (80 456 0 ) (112 456 0 ) (112 424 0 ) (80 424 0 ) 
4 8 35 (160 456 0 ) (192 456 0 ) (192 424 0 ) (160 424 0 ) 
4 8 36 (120 456 0 ) (152 456 0 ) (152 424 0 ) (120 424 0 ) 
4 8 34 (200 456 0 ) (232 456 0 ) (232 424 0 ) (200 424 0 ) 
4 8 33 (240 456 0 ) (272 456 0 ) (272 424 0 ) (240 424 0 ) 
4 8 30 (0 464 0 ) (0 496 0 ) (32 496 0 ) (32 464 0 ) 
4 8 28 (80 496 0 ) (112 496 0 ) (112 464 0 ) (80 464 0 ) 
4 8 29 (40 496 0 ) (72 496 0 ) (72 464 0 ) (40 464 0 ) 
4 8 27 (120 496 0 ) (152 496 0 ) (152 464 0 ) (120 464 0 ) 
4 8 26 (160 496 0 ) (192 496 0 ) (192 464 0 ) (160 464 0 ) 
4 8 25 (200 496 0 ) (232 496 0 ) (232 464 0 ) (200 464 0 ) 
4 8 24 (240 496 0 ) (272 496 0 ) (272 464 0 ) (240 464 0 ) 
4 8 21 (0 504 0 ) (0 532 0 ) (32 532 0 ) (32 504 0 ) 
4 8 19 (80 532 0 ) (112 532 0 ) (112 504 0 ) (80 504 0 ) 
4 8 20 (40 532 0 ) (72 532 0 ) (72 504 0 ) (40 504 0 ) 
4 8 18 (120 532 0 ) (152 532 0 ) (152 504 0 ) (120 504 0 ) 
4 8 17 (160 532 0 ) (192 532 0 ) (192 504 0 ) (160 504 0 ) 
4 8 16 (200 532 0 ) (232 532 0 ) (232 504 0 ) (200 504 0 ) 
4 8 15 (240 532 0 ) (272 532 0 ) (272 504 0 ) (240 504 0 ) 
4 9 109 (292 0 8 ) (0 0 8 ) (0 0 0 ) (292 0 0 ) 
4 9 87 (108 0 0 ) (28 0 0 ) (28 188 0 ) (108 188 0 ) 
4 9 86 (292 0 0 ) (108 0 0 ) (108 192 0 ) (292 192 0 ) 
4 9 88 (28 0 0 ) (0 0 0 ) (0 192 0 ) (28 192 0 ) 
4 10 98 (544 636 -4 ) (544 536 -4 ) (332 536 -4 ) (332 636 -4 ) 
4 10 96 (544 640 -4 ) (544 636 -4 ) (332 636 -4 ) (332 640 -4 ) 
4 10 90 (544 800 -4 ) (544 640 -4 ) (332 640 -4 ) (332 800 -4 ) 
4 10 89 (332 1012 -4 ) (544 1012 -4 ) (544 800 -4 ) (332 800 -4 ) 
4 10 14 (332 536 -4 ) (544 536 -4 ) (544 536 0 ) (332 536 0 ) 
4 10 12 (332 804 -4 ) (332 640 -4 ) (332 640 0 ) (332 804 0 ) 
4 10 11 (332 1012 0 ) (332 1012 -4 ) (332 804 -4 ) (332 804 0 ) 
4 11 89 (324 1012 -4 ) (332 1012 -4 ) (332 804 -4 ) (324 804 -4 ) 
4 11 13 (324 1012 0 ) (324 1012 -4 ) (324 804 -4 ) (324 804 0 ) 
4 11 12 (328 804 -4 ) (332 804 -4 ) (332 804 0 ) (328 804 0 ) 
4 12 90 (332 800 -4 ) (332 640 -4 ) (328 640 -4 ) (328 800 -4 ) 
4 12 89 (332 804 -4 ) (332 800 -4 ) (328 800 -4 ) (328 804 -4 ) 
4 13 187 (0 804 0 ) (0 1012 0 ) (0 1012 -4 ) (0 804 -4 ) 
4 13 89 (0 804 -4 ) (0 1012 -4 ) (324 1012 -4 ) (324 804 -4 ) 
4 14 98 (332 536 -4 ) (544 536 -4 ) (544 504 -4 ) (332 504 -4 ) 
4 14 22 (332 504 -4 ) (544 504 -4 ) (544 504 0 ) (332 504 0 ) 
4 15 99 (240 536 -4 ) (272 536 -4 ) (272 504 -4 ) (240 504 -4 ) 
4 16 99 (200 536 -4 ) (232 536 -4 ) (232 504 -4 ) (200 504 -4 ) 
4 17 99 (160 536 -4 ) (192 536 -4 ) (192 504 -4 ) (160 504 -4 ) 
4 18 99 (120 536 -4 ) (152 536 -4 ) (152 504 -4 ) (120 504 -4 ) 
4 19 99 (80 536 -4 ) (112 536 -4 ) (112 504 -4 ) (80 504 -4 ) 
4 20 99 (40 536 -4 ) (72 536 -4 ) (72 504 -4 ) (40 504 -4 ) 
4 21 99 (0 504 -4 ) (0 536 -4 ) (32 536 -4 ) (32 504 -4 ) 
4 22 98 (332 504 -4 ) (544 504 -4 ) (544 496 -4 ) (332 496 -4 ) 
4 22 23 (332 496 -4 ) (544 496 -4 ) (544 496 0 ) (332 496 0 ) 
4 23 98 (332 496 -4 ) (544 496 -4 ) (544 464 -4 ) (332 464 -4 ) 
4 23 31 (332 464 -4 ) (544 464 -4 ) (544 464 0 ) (332 464 0 ) 
4 24 99 (240 496 -4 ) (272 496 -4 ) (272 464 -4 ) (240 464 -4 ) 
4 25 99 (200 496 -4 ) (232 496 -4 ) (232 464 -4 ) (200 464 -4 ) 
4 26 99 (160 496 -4 ) (192 496 -4 ) (192 464 -4 ) (160 464 -4 ) 
4 27 99 (120 496 -4 ) (152 496 -4 ) (152 464 -4 ) (120 464 -4 ) 
4 28 99 (80 496 -4 ) (112 496 -4 ) (112 464 -4 ) (80 464 -4 ) 
4 29 99 (40 496 -4 ) (72 496 -4 ) (72 464 -4 ) (40 464 -4 ) 
4 30 99 (0 464 -4 ) (0 496 -4 ) (32 496 -4 ) (32 464 -4 ) 
4 31 98 (332 464 -4 ) (544 464 -4 ) (544 456 -4 ) (332 456 -4 ) 
4 31 32 (332 456 -4 ) (544 456 -4 ) (544 456 0 ) (332 456 0 ) 
4 32 98 (332 456 -4 ) (544 456 -4 ) (544 424 -4 ) (332 424 -4 ) 
4 32 40 (332 424 -4 ) (544 424 -4 ) (544 424 0 ) (332 424 0 ) 
4 33 99 (240 456 -4 ) (272 456 -4 ) (272 424 -4 ) (240 424 -4 ) 
4 34 99 (200 456 -4 ) (232 456 -4 ) (232 424 -4 ) (200 424 -4 ) 
4 35 99 (160 456 -4 ) (192 456 -4 ) (192 424 -4 ) (160 424 -4 ) 
4 36 99 (120 456 -4 ) (152 456 -4 ) (152 424 -4 ) (120 424 -4 ) 
4 37 99 (80 456 -4 ) (112 456 -4 ) (112 424 -4 ) (80 424 -4 ) 
4 38 99 (40 456 -4 ) (72 456 -4 ) (72 424 -4 ) (40 424 -4 ) 
4 39 99 (0 424 -4 ) (0 456 -4 ) (32 456 -4 ) (32 424 -4 ) 
4 40 98 (332 424 -4 ) (544 424 -4 ) (544 416 -4 ) (332 416 -4 ) 
4 40 41 (332 416 -4 ) (544 416 -4 ) (544 416 0 ) (332 416 0 ) 
4 41 98 (332 416 -4 ) (544 416 -4 ) (544 384 -4 ) (332 384 -4 ) 
4 41 49 (332 384 -4 ) (544 384 -4 ) (544 384 0 ) (332 384 0 ) 
4 42 99 (240 416 -4 ) (272 416 -4 ) (272 384 -4 ) (240 384 -4 ) 
4 43 99 (200 416 -4 ) (232 416 -4 ) (232 384 -4 ) (200 384 -4 ) 
4 44 99 (160 416 -4 ) (192 416 -4 ) (192 384 -4 ) (160 384 -4 ) 
4 45 99 (120 416 -4 ) (152 416 -4 ) (152 384 -4 ) (120 384 -4 ) 
4 46 99 (80 416 -4 ) (112 416 -4 ) (112 384 -4 ) (80 384 -4 ) 
4 47 99 (40 416 -4 ) (72 416 -4 ) (72 384 -4 ) (40 384 -4 ) 
4 48 99 (0 384 -4 ) (0 416 -4 ) (32 416 -4 ) (32 384 -4 ) 
4 49 98 (332 384 -4 ) (544 384 -4 ) (544 376 -4 ) (332 376 -4 ) 
4 49 50 (332 376 -4 ) (544 376 -4 ) (544 376 0 ) (332 376 0 ) 
4 50 98 (332 376 -4 ) (544 376 -4 ) (544 344 -4 ) (332 344 -4 ) 
4 50 58 (332 344 -4 ) (544 344 -4 ) (544 344 0 ) (332 344 0 ) 
3 51 101 (272 360 -4 ) (272 344 -4 ) (256 344 -4 ) 
5 51 99 (240 376 -4 ) (272 376 -4 ) (272 360 -4 ) (256 344 -4 ) (240 344 -4 ) 
4 52 99 (200 376 -4 ) (232 376 -4 ) (232 344 -4 ) (200 344 -4 ) 
4 53 99 (160 376 -4 ) (192 376 -4 ) (192 344 -4 ) (160 344 -4 ) 
4 54 99 (120 376 -4 ) (152 376 -4 ) (152 344 -4 ) (120 344 -4 ) 
4 55 99 (80 376 -4 ) (112 376 -4 ) (112 344 -4 ) (80 344 -4 ) 
4 56 99 (40 376 -4 ) (72 376 -4 ) (72 344 -4 ) (40 344 -4 ) 
4 57 99 (0 344 -4 ) (0 376 -4 ) (32 376 -4 ) (32 344 -4 ) 
4 58 98 (332 344 -4 ) (544 344 -4 ) (544 336 -4 ) (332 336 -4 ) 
4 58 59 (332 336 -4 ) (544 336 -4 ) (544 336 0 ) (332 336 0 ) 
4 59 98 (332 336 -4 ) (544 336 -4 ) (544 304 -4 ) (332 304 -4 ) 
4 59 67 (332 304 -4 ) (544 304 -4 ) (544 304 0 ) (332 304 0 ) 
5 60 101 (248 336 -4 ) (272 336 -4 ) (272 304 -4 ) (240 304 -4 ) (240 328 -4 ) 
3 60 99 (240 336 -4 ) (248 336 -4 ) (240 328 -4 ) 
3 61 101 (232 320 -4 ) (232 304 -4 ) (216 304 -4 ) 
5 61 99 (200 336 -4 ) (232 336 -4 ) (232 320 -4 ) (216 304 -4 ) (200 304 -4 ) 
4 62 99 (160 336 -4 ) (192 336 -4 ) (192 304 -4 ) (160 304 -4 ) 
4 63 99 (120 336 -4 ) (152 336 -4 ) (152 304 -4 ) (120 304 -4 ) 
4 64 99 (80 336 -4 ) (112 336 -4 ) (112 304 -4 ) (80 304 -4 ) 
4 65 99 (40 336 -4 ) (72 336 -4 ) (72 304 -4 ) (40 304 -4 ) 
4 66 99 (0 304 -4 ) (0 336 -4 ) (32 336 -4 ) (32 304 -4 ) 
4 67 98 (332 304 -4 ) (544 304 -4 ) (544 296 -4 ) (332 296 -4 ) 
4 67 68 (332 296 -4 ) (544 296 -4 ) (544 296 0 ) (332 296 0 ) 
4 68 98 (332 296 -4 ) (544 296 -4 ) (544 264 -4 ) (332 264 -4 ) 
4 68 76 (332 264 -4 ) (544 264 -4 ) (544 264 0 ) (332 264 0 ) 
4 69 101 (240 296 -4 ) (272 296 -4 ) (272 264 -4 ) (240 264 -4 ) 
5 70 101 (208 296 -4 ) (232 296 -4 ) (232 264 -4 ) (200 264 -4 ) (200 288 -4 ) 
3 70 99 (200 296 -4 ) (208 296 -4 ) (200 288 -4 ) 
3 71 101 (192 280 -4 ) (192 264 -4 ) (176 264 -4 ) 
5 71 99 (160 296 -4 ) (192 296 -4 ) (192 280 -4 ) (176 264 -4 ) (160 264 -4 ) 
4 72 99 (120 296 -4 ) (152 296 -4 ) (152 264 -4 ) (120 264 -4 ) 
4 73 99 (80 296 -4 ) (112 296 -4 ) (112 264 -4 ) (80 264 -4 ) 
4 74 99 (40 296 -4 ) (72 296 -4 ) (72 264 -4 ) (40 264 -4 ) 
4 75 99 (0 264 -4 ) (0 296 -4 ) (32 296 -4 ) (32 264 -4 ) 
4 76 98 (332 264 -4 ) (544 264 -4 ) (544 256 -4 ) (332 256 -4 ) 
4 76 77 (332 256 -4 ) (544 256 -4 ) (544 256 0 ) (332 256 0 ) 
4 77 98 (332 256 -4 ) (544 256 -4 ) (544 224 -4 ) (332 224 -4 ) 
4 77 85 (332 224 -4 ) (544 224 -4 ) (544 224 0 ) (332 224 0 ) 
4 78 101 (240 256 -4 ) (272 256 -4 ) (272 224 -4 ) (240 224 -4 ) 
4 79 101 (200 256 -4 ) (232 256 -4 ) (232 224 -4 ) (200 224 -4 ) 
5 80 101 (168 256 -4 ) (192 256 -4 ) (192 224 -4 ) (160 224 -4 ) (160 248 -4 ) 
3 80 99 (160 256 -4 ) (168 256 -4 ) (160 248 -4 ) 
3 81 101 (152 240 -4 ) (152 224 -4 ) (136 224 -4 ) 
5 81 99 (120 256 -4 ) (152 256 -4 ) (152 240 -4 ) (136 224 -4 ) (120 224 -4 ) 
4 82 99 (80 256 -4 ) (112 256 -4 ) (112 224 -4 ) (80 224 -4 ) 
4 83 99 (40 256 -4 ) (72 256 -4 ) (72 224 -4 ) (40 224 -4 ) 
4 84 99 (0 224 -4 ) (0 256 -4 ) (32 256 -4 ) (32 224 -4 ) 
4 85 98 (332 224 -4 ) (544 224 -4 ) (544 192 -4 ) (332 192 -4 ) 
4 85 86 (332 192 -4 ) (544 192 -4 ) (544 192 0 ) (332 192 0 ) 
4 86 109 (544 0 0 ) (108 0 0 ) (108 0 -4 ) (544 0 -4 ) 
4 86 102 (108 192 -4 ) (544 192 -4 ) (544 0 -4 ) (108 0 -4 ) 
4 86 87 (108 188 -4 ) (108 0 -4 ) (108 0 0 ) (108 188 0 ) 
4 87 109 (108 0 0 ) (28 0 0 ) (28 0 -4 ) (108 0 -4 ) 
4 87 103 (108 188 -4 ) (108 0 -4 ) (28 0 -4 ) (28 188 -4 ) 
4 87 88 (28 188 -4 ) (28 0 -4 ) (28 0 0 ) (28 188 0 ) 
4 88 230 (0 0 -4 ) (0 0 0 ) (0 192 0 ) (0 192 -4 ) 
4 88 109 (28 0 0 ) (0 0 0 ) (0 0 -4 ) (28 0 -4 ) 
4 88 104 (0 0 -4 ) (0 192 -4 ) (28 192 -4 ) (28 0 -4 ) 
4 89 232 (0 800 -4 ) (0 1012 -4 ) (0 1012 -128 ) (0 800 -128 ) 
4 89 106 (0 804 -128 ) (0 1012 -128 ) (352 1012 -128 ) (352 804 -128 ) 
4 89 105 (352 1012 -128 ) (544 1012 -128 ) (544 800 -128 ) (352 800 -128 ) 
4 89 95 (0 800 -128 ) (60 800 -128 ) (60 800 -4 ) (0 800 -4 ) 
4 89 90 (164 800 -128 ) (544 800 -128 ) (544 800 -4 ) (164 800 -4 ) 
4 90 105 (352 800 -128 ) (544 800 -128 ) (544 640 -128 ) (352 640 -128 ) 
4 90 96 (332 640 -128 ) (544 640 -128 ) (544 640 -4 ) (332 640 -4 ) 
4 91 92 (144 796 -4 ) (144 796 -20 ) (144 792 -20 ) (144 792 -4 ) 
4 91 93 (144 792 -128 ) (144 640 -128 ) (144 640 -4 ) (144 792 -4 ) 
4 92 93 (80 792 -4 ) (80 792 -20 ) (144 792 -20 ) (144 792 -4 ) 
4 92 94 (80 796 -4 ) (80 796 -20 ) (80 792 -20 ) (80 792 -4 ) 
4 93 97 (80 640 -128 ) (144 640 -128 ) (144 640 -32 ) (80 640 -32 ) 
4 93 94 (80 792 -128 ) (80 640 -128 ) (80 640 -4 ) (80 792 -4 ) 
4 95 232 (0 640 -4 ) (0 800 -4 ) (0 800 -128 ) (0 640 -128 ) 
4 96 105 (352 640 -128 ) (544 640 -128 ) (544 636 -128 ) (352 636 -128 ) 
4 96 98 (332 636 -128 ) (544 636 -128 ) (544 636 -4 ) (332 636 -4 ) 
4 97 99 (80 636 -128 ) (144 636 -128 ) (144 636 -32 ) (80 636 -32 ) 
4 98 105 (352 636 -128 ) (544 636 -128 ) (544 192 -128 ) (352 192 -128 ) 
4 98 102 (332 192 -128 ) (544 192 -128 ) (544 192 -4 ) (332 192 -4 ) 
4 99 313 (0 224 -4 ) (0 384 -4 ) (0 384 -128 ) (0 224 -128 ) 
4 99 273 (0 448 -117 ) (0 448 -128 ) (0 384 -128 ) (0 384 -117 ) 
4 99 266 (0 448 -105 ) (0 448 -117 ) (0 384 -117 ) (0 384 -105 ) 
4 99 259 (0 448 -93 ) (0 448 -105 ) (0 384 -105 ) (0 384 -93 ) 
4 99 241 (0 384 -4 ) (0 448 -4 ) (0 448 -93 ) (0 384 -93 ) 
4 99 233 (0 448 -4 ) (0 636 -4 ) (0 636 -128 ) (0 448 -128 ) 
4 99 101 (108 196 -128 ) (324 412 -128 ) (324 412 -4 ) (108 196 -4 ) 
4 99 100 (0 224 -128 ) (28 196 -128 ) (28 196 -4 ) (0 224 -4 ) 
4 100 313 (0 196 -4 ) (0 224 -4 ) (0 224 -128 ) (0 196 -128 ) 
4 102 109 (544 0 -4 ) (108 0 -4 ) (108 0 -128 ) (544 0 -128 ) 
4 102 108 (352 0 -128 ) (108 0 -128 ) (108 164 -128 ) (352 164 -128 ) 
4 102 105 (544 0 -128 ) (352 0 -128 ) (352 192 -128 ) (544 192 -128 ) 
4 102 103 (108 188 -128 ) (108 0 -128 ) (108 0 -4 ) (108 188 -4 ) 
4 103 109 (108 0 -4 ) (28 0 -4 ) (28 0 -128 ) (108 0 -128 ) 
4 103 108 (108 0 -128 ) (28 0 -128 ) (28 164 -128 ) (108 164 -128 ) 
4 103 104 (28 188 -128 ) (28 0 -128 ) (28 0 -4 ) (28 188 -4 ) 
4 104 314 (0 0 -128 ) (0 0 -4 ) (0 192 -4 ) (0 192 -128 ) 
4 104 109 (28 0 -4 ) (0 0 -4 ) (0 0 -128 ) (28 0 -128 ) 
4 104 108 (28 0 -128 ) (0 0 -128 ) (0 164 -128 ) (28 164 -128 ) 
4 105 109 (544 0 -128 ) (352 0 -128 ) (352 0 -256.052002 ) (544 0 -256.052002 ) 
4 105 107 (352 804 -256.052002 ) (352 164 -256.052002 ) (352 164 -132 ) (352 804 -132 ) 
4 105 106 (352 1012 -128 ) (352 1012 -256.052002 ) (352 804 -256.052002 ) (352 804 -128 ) 
4 105 108 (352 164 -256.052002 ) (352 0 -256.052002 ) (352 0 -128 ) (352 164 -128 ) 
4 106 238 (0 804 -128 ) (0 1012 -128 ) (0 1012 -256.052002 ) (0 804 -256.052002 ) 
4 106 107 (0 804 -256.052002 ) (352 804 -256.052002 ) (352 804 -132 ) (0 804 -132 ) 
4 107 319 (0 384 -256.052002 ) (0 164 -256.052002 ) (0 164 -132 ) (0 384 -132 ) 
4 107 277 (0 448 -256.052002 ) (0 384 -256.052002 ) (0 384 -132 ) (0 448 -132 ) 
4 107 239 (0 804 -132 ) (0 804 -256.052002 ) (0 448 -256.052002 ) (0 448 -132 ) 
4 107 108 (0 164 -256.052002 ) (352 164 -256.052002 ) (352 164 -132 ) (0 164 -132 ) 
4 108 320 (0 0 -256.052002 ) (0 0 -128 ) (0 164 -128 ) (0 164 -256.052002 ) 
4 108 109 (352 0 -128 ) (0 0 -128 ) (0 0 -256.052002 ) (352 0 -256.052002 ) 
4 109 322 (0 -224 428.052002 ) (0 0 428.052002 ) (0 0 -256.052002 ) (0 -224 -256.052002 ) 
4 110 123 (0 1012 192 ) (0 504 192 ) (-192 504 192 ) (-192 1012 192 ) 
4 110 114 (-192 504 192 ) (0 504 192 ) (0 504 428.052002 ) (-192 504 428.052002 ) 
4 110 112 (-192 504 224 ) (-192 504 428.052002 ) (-192 512 428.052002 ) (-192 512 224 ) 
4 110 111 (-192 1012 428.052002 ) (-192 1012 192 ) (-192 512 192 ) (-192 512 428.052002 ) 
4 111 129 (-512 512 192 ) (-512 1012 192 ) (-440 1012 192 ) (-440 512 192 ) 
4 111 125 (-440 1012 192 ) (-264 1012 192 ) (-264 512 192 ) (-440 512 192 ) 
4 111 124 (-264 1012 192 ) (-192 1012 192 ) (-192 512 192 ) (-264 512 192 ) 
4 111 112 (-512 512 428.052002 ) (-512 512 224 ) (-192 512 224 ) (-192 512 428.052002 ) 
4 111 113 (-512 1012 428.052002 ) (-512 1012 192 ) (-512 512 192 ) (-512 512 428.052002 ) 
4 112 120 (-504 504 428.052002 ) (-512 504 428.052002 ) (-512 504 224 ) (-504 504 224 ) 
4 112 117 (-200 504 428.052002 ) (-504 504 428.052002 ) (-504 504 224 ) (-200 504 224 ) 
4 112 115 (-192 504 224 ) (-192 504 428.052002 ) (-200 504 428.052002 ) (-200 504 224 ) 
4 112 113 (-512 504 224 ) (-512 504 428.052002 ) (-512 512 428.052002 ) (-512 512 224 ) 
4 113 130 (-512 504 192 ) (-832 504 192 ) (-832 1012 192 ) (-512 1012 192 ) 
4 113 122 (-832 504 192 ) (-512 504 192 ) (-512 504 428.052002 ) (-832 504 428.052002 ) 
4 114 322 (0 0 192 ) (0 0 428.052002 ) (-192 0 428.052002 ) (-192 0 192 ) 
4 114 123 (-192 504 192 ) (0 504 192 ) (0 320 192 ) (-192 320 192 ) 
4 114 115 (-192 504 428.052002 ) (-192 504 224 ) (-192 312 224 ) (-192 312 428.052002 ) 
4 114 116 (-192 312 192 ) (-192 0 192 ) (-192 0 428.052002 ) (-192 312 428.052002 ) 
4 115 118 (-200 320 224 ) (-200 312 224 ) (-200 312 428.052002 ) (-200 320 428.052002 ) 
4 115 117 (-200 504 428.052002 ) (-200 504 224 ) (-200 320 224 ) (-200 320 428.052002 ) 
4 115 116 (-200 312 428.052002 ) (-200 312 224 ) (-192 312 224 ) (-192 312 428.052002 ) 
4 116 322 (-192 0 428.052002 ) (-200 0 428.052002 ) (-200 0 192 ) (-192 0 192 ) 
4 116 119 (-200 312 192 ) (-200 0 192 ) (-200 0 428.052002 ) (-200 312 428.052002 ) 
4 117 126 (-264 480 192 ) (-264 352 192 ) (-440 352 192 ) (-440 480 192 ) 
4 117 120 (-504 504 428.052002 ) (-504 504 224 ) (-504 320 224 ) (-504 320 428.052002 ) 
4 117 118 (-504 320 428.052002 ) (-504 320 224 ) (-200 320 224 ) (-200 320 428.052002 ) 
4 118 120 (-504 312 224 ) (-504 312 428.052002 ) (-504 320 428.052002 ) (-504 320 224 ) 
4 118 119 (-504 312 428.052002 ) (-504 312 224 ) (-200 312 224 ) (-200 312 428.052002 ) 
4 119 322 (-200 0 428.052002 ) (-504 0 428.052002 ) (-504 0 192 ) (-200 0 192 ) 
4 119 121 (-504 312 192 ) (-504 0 192 ) (-504 0 428.052002 ) (-504 312 428.052002 ) 
4 120 121 (-512 312 428.052002 ) (-512 312 224 ) (-504 312 224 ) (-504 312 428.052002 ) 
4 120 122 (-512 504 428.052002 ) (-512 504 224 ) (-512 312 224 ) (-512 312 428.052002 ) 
4 121 322 (-504 0 428.052002 ) (-512 0 428.052002 ) (-512 0 192 ) (-504 0 192 ) 
4 121 122 (-512 312 192 ) (-512 0 192 ) (-512 0 428.052002 ) (-512 312 428.052002 ) 
4 122 322 (-512 0 428.052002 ) (-832 0 428.052002 ) (-832 0 192 ) (-512 0 192 ) 
4 122 131 (-512 320 192 ) (-512 0 192 ) (-832 0 192 ) (-832 320 192 ) 
4 122 130 (-832 504 192 ) (-512 504 192 ) (-512 320 192 ) (-832 320 192 ) 
4 123 132 (0 1012 176 ) (0 320 176 ) (-192 320 176 ) (-192 1012 176 ) 
4 123 124 (-192 1012 192 ) (-192 1012 176 ) (-192 512 176 ) (-192 512 192 ) 
4 124 151 (-264 512 176 ) (-264 1012 176 ) (-200 1012 176 ) (-200 512 176 ) 
4 124 150 (-200 1012 176 ) (-192 1012 176 ) (-192 512 176 ) (-200 512 176 ) 
4 124 125 (-264 1012 176 ) (-264 512 176 ) (-264 512 192 ) (-264 1012 192 ) 
4 125 158 (-288 512 176 ) (-440 512 176 ) (-440 1012 176 ) (-288 1012 176 ) 
4 125 151 (-264 1012 176 ) (-264 512 176 ) (-288 512 176 ) (-288 1012 176 ) 
4 125 129 (-440 1012 176 ) (-440 512 176 ) (-440 512 192 ) (-440 1012 192 ) 
4 126 127 (-264 352 188 ) (-440 352 188 ) (-440 480 188 ) (-264 480 188 ) 
4 127 128 (-264 352 184 ) (-440 352 184 ) (-440 480 184 ) (-264 480 184 ) 
4 128 159 (-288 352 176 ) (-440 352 176 ) (-440 480 176 ) (-288 480 176 ) 
4 128 152 (-264 480 176 ) (-264 352 176 ) (-288 352 176 ) (-288 480 176 ) 
4 129 158 (-440 1012 176 ) (-440 512 176 ) (-512 512 176 ) (-512 1012 176 ) 
4 129 130 (-512 1012 192 ) (-512 1012 176 ) (-512 512 176 ) (-512 512 192 ) 
4 130 166 (-512 320 176 ) (-832 320 176 ) (-832 1012 176 ) (-512 1012 176 ) 
4 130 131 (-832 320 176 ) (-512 320 176 ) (-512 320 192 ) (-832 320 192 ) 
4 131 322 (-512 0 192 ) (-832 0 192 ) (-832 0 176 ) (-512 0 176 ) 
4 131 166 (-512 0 176 ) (-832 0 176 ) (-832 320 176 ) (-512 320 176 ) 
4 132 167 (0 1012 16 ) (0 536 16 ) (-160 536 16 ) (-160 1012 16 ) 
4 132 168 (-160 192 16 ) (-192 192 16 ) (-192 1012 16 ) (-160 1012 16 ) 
4 132 150 (-192 1012 16 ) (-192 512 16 ) (-192 512 176 ) (-192 1012 176 ) 
4 133 142 (-64 152 48 ) (-8 152 48 ) (-8 152 112 ) (-64 152 112 ) 
4 133 141 (-8 152 112 ) (-8 152 176 ) (-64 152 176 ) (-64 152 112 ) 
4 133 138 (-8 152 48 ) (-64 152 48 ) (-64 154 48 ) (-8 154 48 ) 
4 133 136 (-64 154 48 ) (-64 182 48 ) (-8 182 48 ) (-8 154 48 ) 
4 133 135 (-64 182 48 ) (-64 184 48 ) (-8 184 48 ) (-8 182 48 ) 
4 133 134 (-64 184 176 ) (-64 184 50 ) (-64 152 50 ) (-64 152 176 ) 
4 134 143 (-192 152 112 ) (-192 152 50 ) (-64 152 50 ) (-64 152 112 ) 
4 134 141 (-192 152 176 ) (-192 152 112 ) (-64 152 112 ) (-64 152 176 ) 
4 135 136 (-8 182 48 ) (-64 182 48 ) (-64 182 16 ) (-8 182 16 ) 
4 136 138 (-8 154 48 ) (-64 154 48 ) (-64 154 16 ) (-8 154 16 ) 
4 137 140 (-170 154 18 ) (-138 154 18 ) (-138 154 46 ) (-170 154 46 ) 
4 137 139 (-118 154 18 ) (-86 154 18 ) (-86 154 46 ) (-118 154 46 ) 
4 138 142 (-64 152 16 ) (-8 152 16 ) (-8 152 48 ) (-64 152 48 ) 
4 139 144 (-118 152 18 ) (-86 152 18 ) (-86 152 46 ) (-118 152 46 ) 
4 140 144 (-170 152 18 ) (-138 152 18 ) (-138 152 46 ) (-170 152 46 ) 
4 141 149 (-190 8 112 ) (-192 8 112 ) (-192 64 112 ) (-190 64 112 ) 
4 141 147 (-8 8 112 ) (-190 8 112 ) (-190 126 112 ) (-8 126 112 ) 
4 141 146 (-190 128 112 ) (-64 128 112 ) (-64 126 112 ) (-190 126 112 ) 
4 141 143 (-192 150 112 ) (-192 152 112 ) (-64 152 112 ) (-64 150 112 ) 
4 141 145 (-192 128 112 ) (-192 150 112 ) (-64 150 112 ) (-64 128 112 ) 
4 141 142 (-64 152 112 ) (-8 152 112 ) (-8 126 112 ) (-64 126 112 ) 
4 142 147 (-8 126 112 ) (-64 126 112 ) (-64 126 16 ) (-8 126 16 ) 
4 142 146 (-64 126 16 ) (-64 126 112 ) (-64 128 112 ) (-64 128 16 ) 
4 142 143 (-64 150 112 ) (-64 152 112 ) (-64 152 50 ) (-64 150 50 ) 
4 142 144 (-64 152 48 ) (-64 152 16 ) (-64 150 16 ) (-64 150 48 ) 
4 142 145 (-64 128 112 ) (-64 150 112 ) (-64 150 16 ) (-64 128 16 ) 
4 143 145 (-64 150 50 ) (-64 150 112 ) (-192 150 112 ) (-192 150 50 ) 
4 144 145 (-64 150 16 ) (-64 150 48 ) (-192 150 48 ) (-192 150 16 ) 
4 145 146 (-64 128 16 ) (-64 128 112 ) (-190 128 112 ) (-190 128 16 ) 
4 146 147 (-64 126 112 ) (-190 126 112 ) (-190 126 16 ) (-64 126 16 ) 
4 147 149 (-190 64 16 ) (-190 8 16 ) (-190 8 112 ) (-190 64 112 ) 
4 147 148 (-190 126 110 ) (-190 126 16 ) (-190 66 16 ) (-190 66 110 ) 
4 148 155 (-192 126 16 ) (-192 66 16 ) (-192 66 110 ) (-192 126 110 ) 
4 150 173 (-192 1012 16 ) (-192 512 16 ) (-200 512 16 ) (-200 1012 16 ) 
4 150 151 (-200 1012 16 ) (-200 512 16 ) (-200 512 176 ) (-200 1012 176 ) 
4 151 173 (-200 1012 16 ) (-200 512 16 ) (-288 512 16 ) (-288 1012 16 ) 
4 151 158 (-288 1012 16 ) (-288 512 16 ) (-288 512 176 ) (-288 1012 176 ) 
4 152 175 (-256 384 16 ) (-288 384 16 ) (-288 448 16 ) (-256 448 16 ) 
4 152 160 (-288 320 112 ) (-288 320 176 ) (-288 322 176 ) (-288 322 112 ) 
4 152 159 (-288 504 16 ) (-288 322 16 ) (-288 322 176 ) (-288 504 176 ) 
4 153 165 (-288 310 16 ) (-288 128 16 ) (-288 128 176 ) (-288 310 176 ) 
4 153 161 (-288 310 112 ) (-288 310 176 ) (-288 312 176 ) (-288 312 112 ) 
4 153 156 (-288 128 112 ) (-288 128 16 ) (-202 128 16 ) (-202 128 112 ) 
4 153 154 (-288 128 176 ) (-288 128 112 ) (-200 128 112 ) (-200 128 176 ) 
4 154 165 (-288 64 112 ) (-288 64 176 ) (-288 128 176 ) (-288 128 112 ) 
4 154 157 (-288 64 176 ) (-288 64 112 ) (-200 64 112 ) (-200 64 176 ) 
4 154 156 (-202 64 112 ) (-288 64 112 ) (-288 128 112 ) (-202 128 112 ) 
4 155 156 (-202 126 110 ) (-202 126 16 ) (-202 66 16 ) (-202 66 110 ) 
4 156 165 (-288 128 16 ) (-288 64 16 ) (-288 64 112 ) (-288 128 112 ) 
4 156 157 (-288 64 112 ) (-288 64 16 ) (-202 64 16 ) (-202 64 112 ) 
4 157 165 (-288 64 16 ) (-288 8 16 ) (-288 8 176 ) (-288 64 176 ) 
4 158 173 (-288 1012 16 ) (-288 512 16 ) (-512 512 16 ) (-512 1012 16 ) 
4 158 166 (-512 1012 16 ) (-512 512 16 ) (-512 512 176 ) (-512 1012 176 ) 
4 159 181 (-432 384 16 ) (-448 384 16 ) (-448 448 16 ) (-432 448 16 ) 
4 159 176 (-412 384 16 ) (-428 384 16 ) (-428 448 16 ) (-412 448 16 ) 
4 159 178 (-428 384 16 ) (-432 384 16 ) (-432 448 16 ) (-428 448 16 ) 
4 159 175 (-288 448 16 ) (-288 384 16 ) (-412 384 16 ) (-412 448 16 ) 
4 159 163 (-504 322 16 ) (-352 322 16 ) (-352 322 176 ) (-504 322 176 ) 
4 159 162 (-350 322 16 ) (-290 322 16 ) (-290 322 110 ) (-350 322 110 ) 
4 159 160 (-288 322 112 ) (-288 322 176 ) (-352 322 176 ) (-352 322 112 ) 
4 160 163 (-352 322 176 ) (-352 322 112 ) (-352 320 112 ) (-352 320 176 ) 
4 161 165 (-288 310 112 ) (-288 310 176 ) (-352 310 176 ) (-352 310 112 ) 
4 161 164 (-352 312 112 ) (-352 310 112 ) (-352 310 176 ) (-352 312 176 ) 
4 162 165 (-350 310 16 ) (-290 310 16 ) (-290 310 110 ) (-350 310 110 ) 
4 164 165 (-504 310 176 ) (-504 310 16 ) (-352 310 16 ) (-352 310 176 ) 
4 166 322 (-512 0 176 ) (-832 0 176 ) (-832 0 16 ) (-512 0 16 ) 
4 166 186 (-512 384 16 ) (-512 0 16 ) (-832 0 16 ) (-832 384 16 ) 
4 166 185 (-512 448 16 ) (-512 384 16 ) (-832 384 16 ) (-832 448 16 ) 
4 166 174 (-512 512 16 ) (-512 448 16 ) (-832 448 16 ) (-832 512 16 ) 
4 166 173 (-512 1012 16 ) (-512 512 16 ) (-832 512 16 ) (-832 1012 16 ) 
4 167 171 (-160 536 8 ) (-160 1012 8 ) (-156 1012 8 ) (-156 536 8 ) 
4 167 169 (-156 1012 8 ) (0 1012 8 ) (0 536 8 ) (-156 536 8 ) 
4 167 168 (-160 1012 16 ) (-160 1012 8 ) (-160 536 8 ) (-160 536 16 ) 
4 168 173 (-192 512 16 ) (-192 1012 16 ) (-192 1012 8 ) (-192 512 8 ) 
4 168 172 (-160 192 8 ) (-192 192 8 ) (-192 536 8 ) (-160 536 8 ) 
4 168 171 (-192 536 8 ) (-192 1012 8 ) (-160 1012 8 ) (-160 536 8 ) 
4 169 187 (0 1012 0 ) (0 804 0 ) (-156 804 0 ) (-156 1012 0 ) 
4 169 171 (-156 1012 0 ) (-156 536 0 ) (-156 536 8 ) (-156 1012 8 ) 
4 170 228 (-128 224 0 ) (-156 224 0 ) (-156 256 0 ) (-128 256 0 ) 
4 170 227 (-88 224 0 ) (-120 224 0 ) (-120 256 0 ) (-88 256 0 ) 
4 170 225 (-8 224 0 ) (-40 224 0 ) (-40 256 0 ) (-8 256 0 ) 
4 170 226 (-48 224 0 ) (-80 224 0 ) (-80 256 0 ) (-48 256 0 ) 
4 170 222 (-88 264 0 ) (-120 264 0 ) (-120 296 0 ) (-88 296 0 ) 
4 170 223 (-128 264 0 ) (-156 264 0 ) (-156 296 0 ) (-128 296 0 ) 
4 170 220 (-8 264 0 ) (-40 264 0 ) (-40 296 0 ) (-8 296 0 ) 
4 170 221 (-48 264 0 ) (-80 264 0 ) (-80 296 0 ) (-48 296 0 ) 
4 170 216 (-128 304 0 ) (-156 304 0 ) (-156 336 0 ) (-128 336 0 ) 
4 170 214 (-48 304 0 ) (-80 304 0 ) (-80 336 0 ) (-48 336 0 ) 
4 170 215 (-88 304 0 ) (-120 304 0 ) (-120 336 0 ) (-88 336 0 ) 
4 170 213 (-8 304 0 ) (-40 304 0 ) (-40 336 0 ) (-8 336 0 ) 
4 170 212 (-128 344 0 ) (-156 344 0 ) (-156 376 0 ) (-128 376 0 ) 
4 170 210 (-48 344 0 ) (-80 344 0 ) (-80 376 0 ) (-48 376 0 ) 
4 170 211 (-88 344 0 ) (-120 344 0 ) (-120 376 0 ) (-88 376 0 ) 
4 170 209 (-8 344 0 ) (-40 344 0 ) (-40 376 0 ) (-8 376 0 ) 
4 170 204 (-88 384 0 ) (-120 384 0 ) (-120 416 0 ) (-88 416 0 ) 
4 170 205 (-128 384 0 ) (-156 384 0 ) (-156 416 0 ) (-128 416 0 ) 
4 170 202 (-8 384 0 ) (-40 384 0 ) (-40 416 0 ) (-8 416 0 ) 
4 170 203 (-48 384 0 ) (-80 384 0 ) (-80 416 0 ) (-48 416 0 ) 
4 170 201 (-128 424 0 ) (-156 424 0 ) (-156 456 0 ) (-128 456 0 ) 
4 170 199 (-48 424 0 ) (-80 424 0 ) (-80 456 0 ) (-48 456 0 ) 
4 170 200 (-88 424 0 ) (-120 424 0 ) (-120 456 0 ) (-88 456 0 ) 
4 170 198 (-8 424 0 ) (-40 424 0 ) (-40 456 0 ) (-8 456 0 ) 
4 170 195 (-88 464 0 ) (-120 464 0 ) (-120 496 0 ) (-88 496 0 ) 
4 170 196 (-128 464 0 ) (-156 464 0 ) (-156 496 0 ) (-128 496 0 ) 
4 170 193 (-8 464 0 ) (-40 464 0 ) (-40 496 0 ) (-8 496 0 ) 
4 170 194 (-48 464 0 ) (-80 464 0 ) (-80 496 0 ) (-48 496 0 ) 
4 170 191 (-128 504 0 ) (-156 504 0 ) (-156 532 0 ) (-128 532 0 ) 
4 170 190 (-88 504 0 ) (-120 504 0 ) (-120 532 0 ) (-88 532 0 ) 
4 170 188 (-8 504 0 ) (-40 504 0 ) (-40 532 0 ) (-8 532 0 ) 
4 170 189 (-48 504 0 ) (-80 504 0 ) (-80 532 0 ) (-48 532 0 ) 
4 171 187 (-192 804 0 ) (-192 1012 0 ) (-156 1012 0 ) (-156 804 0 ) 
4 171 173 (-192 1012 0 ) (-192 536 0 ) (-192 536 8 ) (-192 1012 8 ) 
4 171 172 (-160 536 8 ) (-192 536 8 ) (-192 536 0 ) (-160 536 0 ) 
4 172 173 (-192 536 0 ) (-192 512 0 ) (-192 512 8 ) (-192 536 8 ) 
4 173 192 (-192 1012 0 ) (-192 512 0 ) (-832 512 0 ) (-832 1012 0 ) 
4 173 174 (-832 512 16 ) (-832 512 0 ) (-512 512 0 ) (-512 512 16 ) 
4 174 208 (-512 448 0 ) (-832 448 0 ) (-832 456 0 ) (-512 456 0 ) 
4 174 197 (-832 456 0 ) (-832 504 0 ) (-512 504 0 ) (-512 456 0 ) 
4 174 192 (-832 504 0 ) (-832 512 0 ) (-512 512 0 ) (-512 504 0 ) 
4 174 185 (-832 448 0 ) (-512 448 0 ) (-512 448 16 ) (-832 448 16 ) 
4 175 207 (-412 448 0 ) (-256 448 0 ) (-256 384 0 ) (-412 384 0 ) 
4 175 179 (-412 448 3 ) (-412 448 0 ) (-412 384 0 ) (-412 384 3 ) 
4 175 177 (-412 448 4 ) (-412 448 3 ) (-412 384 3 ) (-412 384 4 ) 
4 175 176 (-412 448 16 ) (-412 448 4 ) (-412 384 4 ) (-412 384 16 ) 
4 176 178 (-428 448 16 ) (-428 448 4 ) (-428 384 4 ) (-428 384 16 ) 
4 176 177 (-428 384 4 ) (-428 448 4 ) (-412 448 4 ) (-412 384 4 ) 
4 177 180 (-428 448 3 ) (-413 448 3 ) (-413 384 3 ) (-428 384 3 ) 
4 177 179 (-413 448 3 ) (-412 448 3 ) (-412 384 3 ) (-413 384 3 ) 
4 177 178 (-428 448 4 ) (-428 448 3 ) (-428 384 3 ) (-428 384 4 ) 
4 178 183 (-432 448 12 ) (-432 448 3 ) (-432 384 3 ) (-432 384 12 ) 
4 178 182 (-432 448 15 ) (-432 448 12 ) (-432 384 12 ) (-432 384 15 ) 
4 178 181 (-432 448 16 ) (-432 448 15 ) (-432 384 15 ) (-432 384 16 ) 
4 178 180 (-432 384 3 ) (-432 448 3 ) (-428 448 3 ) (-428 384 3 ) 
4 179 207 (-413 448 0 ) (-412 448 0 ) (-412 384 0 ) (-413 384 0 ) 
4 179 180 (-413 384 0 ) (-413 384 3 ) (-413 448 3 ) (-413 448 0 ) 
4 180 207 (-432 448 0 ) (-413 448 0 ) (-413 384 0 ) (-432 384 0 ) 
4 180 183 (-432 448 3 ) (-432 448 0 ) (-432 384 0 ) (-432 384 3 ) 
4 181 182 (-433 448 15 ) (-432 448 15 ) (-432 384 15 ) (-433 384 15 ) 
4 181 184 (-448 384 15 ) (-448 448 15 ) (-433 448 15 ) (-433 384 15 ) 
4 182 184 (-433 384 12 ) (-433 384 15 ) (-433 448 15 ) (-433 448 12 ) 
4 182 183 (-433 384 12 ) (-433 448 12 ) (-432 448 12 ) (-432 384 12 ) 
4 183 207 (-433 448 0 ) (-432 448 0 ) (-432 384 0 ) (-433 384 0 ) 
4 183 184 (-433 384 0 ) (-433 384 12 ) (-433 448 12 ) (-433 448 0 ) 
4 184 207 (-448 448 0 ) (-433 448 0 ) (-433 384 0 ) (-448 384 0 ) 
4 185 208 (-832 448 0 ) (-512 448 0 ) (-512 384 0 ) (-832 384 0 ) 
4 185 186 (-832 384 0 ) (-512 384 0 ) (-512 384 16 ) (-832 384 16 ) 
4 186 322 (-512 0 16 ) (-832 0 16 ) (-832 0 0 ) (-512 0 0 ) 
4 186 231 (-512 0 0 ) (-832 0 0 ) (-832 224 0 ) (-512 224 0 ) 
4 186 229 (-832 224 0 ) (-832 256 0 ) (-512 256 0 ) (-512 224 0 ) 
4 186 224 (-832 256 0 ) (-832 304 0 ) (-512 304 0 ) (-512 256 0 ) 
4 186 219 (-832 304 0 ) (-832 384 0 ) (-512 384 0 ) (-512 304 0 ) 
4 187 234 (-188 804 -4 ) (-192 804 -4 ) (-192 1012 -4 ) (-188 1012 -4 ) 
4 187 232 (0 1012 -4 ) (0 804 -4 ) (-188 804 -4 ) (-188 1012 -4 ) 
4 187 192 (-192 1012 -4 ) (-192 804 -4 ) (-192 804 0 ) (-192 1012 0 ) 
4 188 233 (-8 504 -4 ) (-40 504 -4 ) (-40 536 -4 ) (-8 536 -4 ) 
4 189 233 (-48 504 -4 ) (-80 504 -4 ) (-80 536 -4 ) (-48 536 -4 ) 
4 190 233 (-88 504 -4 ) (-120 504 -4 ) (-120 536 -4 ) (-88 536 -4 ) 
4 191 233 (-128 504 -4 ) (-160 504 -4 ) (-160 536 -4 ) (-128 536 -4 ) 
4 192 236 (-212 504 -4 ) (-456 504 -4 ) (-456 1012 -4 ) (-212 1012 -4 ) 
4 192 237 (-456 504 -4 ) (-832 504 -4 ) (-832 1012 -4 ) (-456 1012 -4 ) 
4 192 235 (-192 1012 -4 ) (-192 504 -4 ) (-212 504 -4 ) (-212 1012 -4 ) 
4 192 197 (-832 504 -4 ) (-192 504 -4 ) (-192 504 0 ) (-832 504 0 ) 
4 193 233 (-8 464 -4 ) (-40 464 -4 ) (-40 496 -4 ) (-8 496 -4 ) 
4 194 233 (-48 464 -4 ) (-80 464 -4 ) (-80 496 -4 ) (-48 496 -4 ) 
4 195 233 (-88 464 -4 ) (-120 464 -4 ) (-120 496 -4 ) (-88 496 -4 ) 
4 196 233 (-128 464 -4 ) (-160 464 -4 ) (-160 496 -4 ) (-128 496 -4 ) 
4 197 236 (-456 504 -4 ) (-212 504 -4 ) (-212 456 -4 ) (-456 456 -4 ) 
4 197 237 (-832 504 -4 ) (-456 504 -4 ) (-456 456 -4 ) (-832 456 -4 ) 
4 197 235 (-212 504 -4 ) (-192 504 -4 ) (-192 456 -4 ) (-212 456 -4 ) 
4 197 208 (-832 456 -4 ) (-456 456 -4 ) (-456 456 0 ) (-832 456 0 ) 
4 197 206 (-212 456 -4 ) (-192 456 -4 ) (-192 456 0 ) (-212 456 0 ) 
4 198 241 (-8 448 -4 ) (-8 424 -4 ) (-40 424 -4 ) (-40 448 -4 ) 
4 198 233 (-40 456 -4 ) (-8 456 -4 ) (-8 448 -4 ) (-40 448 -4 ) 
4 199 241 (-48 448 -4 ) (-48 424 -4 ) (-80 424 -4 ) (-80 448 -4 ) 
4 199 233 (-80 456 -4 ) (-48 456 -4 ) (-48 448 -4 ) (-80 448 -4 ) 
4 200 241 (-88 448 -4 ) (-88 424 -4 ) (-120 424 -4 ) (-120 448 -4 ) 
4 200 233 (-120 456 -4 ) (-88 456 -4 ) (-88 448 -4 ) (-120 448 -4 ) 
4 201 241 (-128 448 -4 ) (-128 424 -4 ) (-160 424 -4 ) (-160 448 -4 ) 
4 201 233 (-160 456 -4 ) (-128 456 -4 ) (-128 448 -4 ) (-160 448 -4 ) 
4 202 241 (-8 384 -4 ) (-40 384 -4 ) (-40 416 -4 ) (-8 416 -4 ) 
4 203 241 (-48 384 -4 ) (-80 384 -4 ) (-80 416 -4 ) (-48 416 -4 ) 
4 204 241 (-88 384 -4 ) (-120 384 -4 ) (-120 416 -4 ) (-88 416 -4 ) 
4 205 241 (-128 384 -4 ) (-160 384 -4 ) (-160 416 -4 ) (-128 416 -4 ) 
4 206 235 (-212 456 -4 ) (-192 456 -4 ) (-192 452 -4 ) (-212 452 -4 ) 
4 207 304 (-392 384 -4 ) (-408 384 -4 ) (-408 448 -4 ) (-392 448 -4 ) 
4 207 306 (-408 384 -4 ) (-448 384 -4 ) (-448 448 -4 ) (-408 448 -4 ) 
4 207 298 (-372 384 -4 ) (-388 384 -4 ) (-388 448 -4 ) (-372 448 -4 ) 
4 207 300 (-388 384 -4 ) (-392 384 -4 ) (-392 448 -4 ) (-388 448 -4 ) 
4 207 282 (-352 384 -4 ) (-368 384 -4 ) (-368 448 -4 ) (-352 448 -4 ) 
4 207 284 (-368 384 -4 ) (-372 384 -4 ) (-372 448 -4 ) (-368 448 -4 ) 
4 207 279 (-332 384 -4 ) (-348 384 -4 ) (-348 448 -4 ) (-332 448 -4 ) 
4 207 278 (-312 384 -4 ) (-332 384 -4 ) (-332 448 -4 ) (-312 448 -4 ) 
4 207 281 (-348 384 -4 ) (-352 384 -4 ) (-352 448 -4 ) (-348 448 -4 ) 
4 207 253 (-292 384 -4 ) (-308 384 -4 ) (-308 448 -4 ) (-292 448 -4 ) 
4 207 255 (-308 384 -4 ) (-312 384 -4 ) (-312 448 -4 ) (-308 448 -4 ) 
4 207 247 (-272 384 -4 ) (-288 384 -4 ) (-288 448 -4 ) (-272 448 -4 ) 
4 207 249 (-288 384 -4 ) (-292 384 -4 ) (-292 448 -4 ) (-288 448 -4 ) 
4 207 244 (-252 384 -4 ) (-268 384 -4 ) (-268 448 -4 ) (-252 448 -4 ) 
4 207 246 (-268 384 -4 ) (-272 384 -4 ) (-272 448 -4 ) (-268 448 -4 ) 
4 207 243 (-212 448 -4 ) (-212 384 -4 ) (-252 384 -4 ) (-252 448 -4 ) 
4 208 310 (-456 448 -4 ) (-456 384 -4 ) (-832 384 -4 ) (-832 448 -4 ) 
4 208 237 (-832 456 -4 ) (-456 456 -4 ) (-456 448 -4 ) (-832 448 -4 ) 
4 208 219 (-832 384 -4 ) (-456 384 -4 ) (-456 384 0 ) (-832 384 0 ) 
4 209 313 (-8 344 -4 ) (-40 344 -4 ) (-40 376 -4 ) (-8 376 -4 ) 
4 210 313 (-48 344 -4 ) (-80 344 -4 ) (-80 376 -4 ) (-48 376 -4 ) 
4 211 313 (-88 344 -4 ) (-120 344 -4 ) (-120 376 -4 ) (-88 376 -4 ) 
4 212 313 (-128 344 -4 ) (-160 344 -4 ) (-160 376 -4 ) (-128 376 -4 ) 
4 213 313 (-8 304 -4 ) (-40 304 -4 ) (-40 336 -4 ) (-8 336 -4 ) 
4 214 313 (-48 304 -4 ) (-80 304 -4 ) (-80 336 -4 ) (-48 336 -4 ) 
4 215 313 (-88 304 -4 ) (-120 304 -4 ) (-120 336 -4 ) (-88 336 -4 ) 
4 216 313 (-128 304 -4 ) (-160 304 -4 ) (-160 336 -4 ) (-128 336 -4 ) 
4 217 316 (-192 380 -4 ) (-192 304 -4 ) (-212 304 -4 ) (-212 380 -4 ) 
4 217 224 (-212 304 -4 ) (-192 304 -4 ) (-192 304 0 ) (-212 304 0 ) 
4 217 218 (-212 376 -4 ) (-212 304 -4 ) (-212 304 0 ) (-212 376 0 ) 
4 218 317 (-212 376 -4 ) (-212 304 -4 ) (-456 304 -4 ) (-456 376 -4 ) 
4 218 224 (-456 304 -4 ) (-212 304 -4 ) (-212 304 0 ) (-456 304 0 ) 
4 218 219 (-456 376 -4 ) (-456 304 -4 ) (-456 304 0 ) (-456 376 0 ) 
4 219 318 (-832 384 -4 ) (-456 384 -4 ) (-456 304 -4 ) (-832 304 -4 ) 
4 219 224 (-832 304 -4 ) (-456 304 -4 ) (-456 304 0 ) (-832 304 0 ) 
4 220 313 (-8 264 -4 ) (-40 264 -4 ) (-40 296 -4 ) (-8 296 -4 ) 
4 221 313 (-48 264 -4 ) (-80 264 -4 ) (-80 296 -4 ) (-48 296 -4 ) 
4 222 313 (-88 264 -4 ) (-120 264 -4 ) (-120 296 -4 ) (-88 296 -4 ) 
4 223 313 (-128 264 -4 ) (-160 264 -4 ) (-160 296 -4 ) (-128 296 -4 ) 
4 224 317 (-456 304 -4 ) (-212 304 -4 ) (-212 256 -4 ) (-456 256 -4 ) 
4 224 318 (-832 304 -4 ) (-456 304 -4 ) (-456 256 -4 ) (-832 256 -4 ) 
4 224 316 (-212 304 -4 ) (-192 304 -4 ) (-192 256 -4 ) (-212 256 -4 ) 
4 224 229 (-832 256 -4 ) (-192 256 -4 ) (-192 256 0 ) (-832 256 0 ) 
4 225 313 (-40 256 -4 ) (-8 256 -4 ) (-8 224 -4 ) (-40 224 -4 ) 
4 226 313 (-80 256 -4 ) (-48 256 -4 ) (-48 224 -4 ) (-80 224 -4 ) 
4 227 313 (-120 256 -4 ) (-88 256 -4 ) (-88 224 -4 ) (-120 224 -4 ) 
4 228 313 (-160 256 -4 ) (-128 256 -4 ) (-128 224 -4 ) (-160 224 -4 ) 
4 229 317 (-456 256 -4 ) (-212 256 -4 ) (-212 224 -4 ) (-456 224 -4 ) 
4 229 318 (-832 256 -4 ) (-456 256 -4 ) (-456 224 -4 ) (-832 224 -4 ) 
4 229 316 (-212 256 -4 ) (-192 256 -4 ) (-192 224 -4 ) (-212 224 -4 ) 
4 229 231 (-832 224 -4 ) (-192 224 -4 ) (-192 224 0 ) (-832 224 0 ) 
4 230 322 (0 0 -4 ) (0 0 0 ) (-192 0 0 ) (-192 0 -4 ) 
4 230 315 (-188 0 -4 ) (-192 0 -4 ) (-192 192 -4 ) (-188 192 -4 ) 
4 230 314 (0 192 -4 ) (0 0 -4 ) (-188 0 -4 ) (-188 192 -4 ) 
4 230 231 (-192 192 -4 ) (-192 0 -4 ) (-192 0 0 ) (-192 192 0 ) 
4 231 322 (-192 0 0 ) (-832 0 0 ) (-832 0 -4 ) (-192 0 -4 ) 
4 231 317 (-456 224 -4 ) (-212 224 -4 ) (-212 0 -4 ) (-456 0 -4 ) 
4 231 318 (-832 224 -4 ) (-456 224 -4 ) (-456 0 -4 ) (-832 0 -4 ) 
4 231 316 (-212 224 -4 ) (-192 224 -4 ) (-192 0 -4 ) (-212 0 -4 ) 
4 232 238 (-188 804 -128 ) (-188 1012 -128 ) (0 1012 -128 ) (0 804 -128 ) 
4 232 234 (-188 1012 -128 ) (-188 640 -128 ) (-188 640 -4 ) (-188 1012 -4 ) 
4 233 273 (0 448 -128 ) (0 448 -117 ) (-188 448 -117 ) (-188 448 -128 ) 
4 233 266 (0 448 -117 ) (0 448 -105 ) (-188 448 -105 ) (-188 448 -117 ) 
4 233 259 (0 448 -105 ) (0 448 -93 ) (-188 448 -93 ) (-188 448 -105 ) 
4 233 241 (0 448 -93 ) (0 448 -4 ) (-188 448 -4 ) (-188 448 -93 ) 
4 234 238 (-192 804 -128 ) (-192 1012 -128 ) (-188 1012 -128 ) (-188 804 -128 ) 
4 234 235 (-192 1012 -128 ) (-192 640 -128 ) (-192 640 -4 ) (-192 1012 -4 ) 
4 235 238 (-212 804 -128 ) (-212 1012 -128 ) (-192 1012 -128 ) (-192 804 -128 ) 
4 235 236 (-212 1012 -128 ) (-212 456 -128 ) (-212 456 -4 ) (-212 1012 -4 ) 
4 236 238 (-456 804 -128 ) (-456 1012 -128 ) (-212 1012 -128 ) (-212 804 -128 ) 
4 236 237 (-456 1012 -4 ) (-456 1012 -128 ) (-456 456 -128 ) (-456 456 -4 ) 
4 237 310 (-456 448 -4 ) (-832 448 -4 ) (-832 448 -128 ) (-456 448 -128 ) 
4 237 240 (-512 448 -128 ) (-832 448 -128 ) (-832 804 -128 ) (-512 804 -128 ) 
4 237 238 (-832 804 -128 ) (-832 1012 -128 ) (-456 1012 -128 ) (-456 804 -128 ) 
4 238 239 (-512 804 -256.052002 ) (0 804 -256.052002 ) (0 804 -132 ) (-512 804 -132 ) 
4 238 240 (-832 804 -128 ) (-832 804 -256.052002 ) (-512 804 -256.052002 ) (-512 804 -128 ) 
4 239 311 (-372 448 -132 ) (-512 448 -132 ) (-512 448 -256.052002 ) (-372 448 -256.052002 ) 
4 239 297 (-312 448 -132 ) (-372 448 -132 ) (-372 448 -256.052002 ) (-312 448 -256.052002 ) 
4 239 277 (0 448 -256.052002 ) (0 448 -132 ) (-312 448 -132 ) (-312 448 -256.052002 ) 
4 239 240 (-512 804 -132 ) (-512 804 -256.052002 ) (-512 448 -256.052002 ) (-512 448 -132 ) 
4 240 312 (-512 448 -128 ) (-832 448 -128 ) (-832 448 -256.052002 ) (-512 448 -256.052002 ) 
4 241 313 (0 384 -4 ) (-188 384 -4 ) (-188 384 -93 ) (0 384 -93 ) 
4 241 259 (0 384 -93 ) (-188 384 -93 ) (-188 448 -93 ) (0 448 -93 ) 
4 241 242 (-188 448 -8 ) (-188 448 -93 ) (-188 384 -93 ) (-188 384 -8 ) 
4 242 259 (-188 384 -93 ) (-212 384 -93 ) (-212 448 -93 ) (-188 448 -93 ) 
4 242 243 (-212 448 -8 ) (-212 448 -93 ) (-212 384 -93 ) (-212 384 -8 ) 
4 243 260 (-232 384 -93 ) (-248 384 -93 ) (-248 448 -93 ) (-232 448 -93 ) 
4 243 259 (-212 384 -93 ) (-232 384 -93 ) (-232 448 -93 ) (-212 448 -93 ) 
4 243 262 (-248 384 -93 ) (-252 384 -93 ) (-252 448 -93 ) (-248 448 -93 ) 
4 243 245 (-252 448 -92 ) (-252 448 -93 ) (-252 384 -93 ) (-252 384 -92 ) 
4 243 244 (-252 448 -4 ) (-252 448 -92 ) (-252 384 -92 ) (-252 384 -4 ) 
4 244 246 (-268 448 -4 ) (-268 448 -92 ) (-268 384 -92 ) (-268 384 -4 ) 
4 244 245 (-268 384 -92 ) (-268 448 -92 ) (-252 448 -92 ) (-252 384 -92 ) 
4 245 263 (-252 384 -93 ) (-253 384 -93 ) (-253 448 -93 ) (-252 448 -93 ) 
4 245 265 (-253 384 -93 ) (-268 384 -93 ) (-268 448 -93 ) (-253 448 -93 ) 
4 245 246 (-268 448 -92 ) (-268 448 -93 ) (-268 384 -93 ) (-268 384 -92 ) 
4 246 265 (-268 384 -93 ) (-272 384 -93 ) (-272 448 -93 ) (-268 448 -93 ) 
4 246 251 (-272 448 -84 ) (-272 448 -93 ) (-272 384 -93 ) (-272 384 -84 ) 
4 246 250 (-272 448 -81 ) (-272 448 -84 ) (-272 384 -84 ) (-272 384 -81 ) 
4 246 248 (-272 448 -80 ) (-272 448 -81 ) (-272 384 -81 ) (-272 384 -80 ) 
4 246 247 (-272 448 -4 ) (-272 448 -80 ) (-272 384 -80 ) (-272 384 -4 ) 
4 247 249 (-288 448 -4 ) (-288 448 -80 ) (-288 384 -80 ) (-288 384 -4 ) 
4 247 248 (-288 384 -80 ) (-288 448 -80 ) (-272 448 -80 ) (-272 384 -80 ) 
4 248 250 (-273 448 -81 ) (-272 448 -81 ) (-272 384 -81 ) (-273 384 -81 ) 
4 248 252 (-288 448 -81 ) (-273 448 -81 ) (-273 384 -81 ) (-288 384 -81 ) 
4 248 249 (-288 448 -80 ) (-288 448 -81 ) (-288 384 -81 ) (-288 384 -80 ) 
4 249 257 (-292 448 -72 ) (-292 448 -81 ) (-292 384 -81 ) (-292 384 -72 ) 
4 249 256 (-292 448 -69 ) (-292 448 -72 ) (-292 384 -72 ) (-292 384 -69 ) 
4 249 254 (-292 448 -68 ) (-292 448 -69 ) (-292 384 -69 ) (-292 384 -68 ) 
4 249 253 (-292 448 -4 ) (-292 448 -68 ) (-292 384 -68 ) (-292 384 -4 ) 
4 249 252 (-292 384 -81 ) (-292 448 -81 ) (-288 448 -81 ) (-288 384 -81 ) 
4 250 252 (-273 384 -84 ) (-273 384 -81 ) (-273 448 -81 ) (-273 448 -84 ) 
4 250 251 (-273 384 -84 ) (-273 448 -84 ) (-272 448 -84 ) (-272 384 -84 ) 
4 251 265 (-272 384 -93 ) (-273 384 -93 ) (-273 448 -93 ) (-272 448 -93 ) 
4 251 252 (-273 448 -93 ) (-273 384 -93 ) (-273 384 -84 ) (-273 448 -84 ) 
4 252 265 (-273 384 -93 ) (-292 384 -93 ) (-292 448 -93 ) (-273 448 -93 ) 
4 252 257 (-292 448 -81 ) (-292 448 -93 ) (-292 384 -93 ) (-292 384 -81 ) 
4 253 255 (-308 448 -4 ) (-308 448 -68 ) (-308 384 -68 ) (-308 384 -4 ) 
4 253 254 (-308 384 -68 ) (-308 448 -68 ) (-292 448 -68 ) (-292 384 -68 ) 
4 254 256 (-293 448 -69 ) (-292 448 -69 ) (-292 384 -69 ) (-293 384 -69 ) 
4 254 258 (-308 448 -69 ) (-293 448 -69 ) (-293 384 -69 ) (-308 384 -69 ) 
4 254 255 (-308 448 -68 ) (-308 448 -69 ) (-308 384 -69 ) (-308 384 -68 ) 
4 255 296 (-312 448 -60 ) (-312 448 -69 ) (-312 384 -69 ) (-312 384 -60 ) 
4 255 294 (-312 448 -57 ) (-312 448 -60 ) (-312 384 -60 ) (-312 384 -57 ) 
4 255 289 (-312 448 -56 ) (-312 448 -57 ) (-312 384 -57 ) (-312 384 -56 ) 
4 255 288 (-312 448 -45 ) (-312 448 -56 ) (-312 384 -56 ) (-312 384 -45 ) 
4 255 278 (-312 448 -4 ) (-312 448 -45 ) (-312 384 -45 ) (-312 384 -4 ) 
4 255 258 (-312 384 -69 ) (-312 448 -69 ) (-308 448 -69 ) (-308 384 -69 ) 
4 256 258 (-293 384 -72 ) (-293 384 -69 ) (-293 448 -69 ) (-293 448 -72 ) 
4 256 257 (-293 384 -72 ) (-293 448 -72 ) (-292 448 -72 ) (-292 384 -72 ) 
4 257 265 (-292 384 -93 ) (-293 384 -93 ) (-293 448 -93 ) (-292 448 -93 ) 
4 257 258 (-293 448 -93 ) (-293 384 -93 ) (-293 384 -72 ) (-293 448 -72 ) 
4 258 296 (-312 448 -69 ) (-312 448 -93 ) (-312 384 -93 ) (-312 384 -69 ) 
4 258 265 (-293 384 -93 ) (-312 384 -93 ) (-312 448 -93 ) (-293 448 -93 ) 
4 259 313 (-188 384 -105 ) (0 384 -105 ) (0 384 -93 ) (-188 384 -93 ) 
4 259 267 (-212 384 -105 ) (-228 384 -105 ) (-228 448 -105 ) (-212 448 -105 ) 
4 259 266 (0 384 -105 ) (-212 384 -105 ) (-212 448 -105 ) (0 448 -105 ) 
4 259 269 (-228 384 -105 ) (-232 384 -105 ) (-232 448 -105 ) (-228 448 -105 ) 
4 259 261 (-232 448 -105 ) (-232 384 -105 ) (-232 384 -104 ) (-232 448 -104 ) 
4 259 260 (-232 384 -104 ) (-232 384 -93 ) (-232 448 -93 ) (-232 448 -104 ) 
4 260 262 (-248 384 -104 ) (-248 384 -93 ) (-248 448 -93 ) (-248 448 -104 ) 
4 260 261 (-248 384 -104 ) (-248 448 -104 ) (-232 448 -104 ) (-232 384 -104 ) 
4 261 270 (-232 384 -105 ) (-233 384 -105 ) (-233 448 -105 ) (-232 448 -105 ) 
4 261 272 (-233 384 -105 ) (-248 384 -105 ) (-248 448 -105 ) (-233 448 -105 ) 
4 261 262 (-248 448 -105 ) (-248 384 -105 ) (-248 384 -104 ) (-248 448 -104 ) 
4 262 272 (-248 384 -105 ) (-252 384 -105 ) (-252 448 -105 ) (-248 448 -105 ) 
4 262 264 (-252 448 -105 ) (-252 384 -105 ) (-252 384 -96 ) (-252 448 -96 ) 
4 262 263 (-252 384 -96 ) (-252 384 -93 ) (-252 448 -93 ) (-252 448 -96 ) 
4 263 265 (-253 384 -96 ) (-253 384 -93 ) (-253 448 -93 ) (-253 448 -96 ) 
4 263 264 (-253 384 -96 ) (-253 448 -96 ) (-252 448 -96 ) (-252 384 -96 ) 
4 264 272 (-252 384 -105 ) (-253 384 -105 ) (-253 448 -105 ) (-252 448 -105 ) 
4 264 265 (-253 448 -105 ) (-253 384 -105 ) (-253 384 -96 ) (-253 448 -96 ) 
4 265 296 (-312 448 -93 ) (-312 448 -105 ) (-312 384 -105 ) (-312 384 -93 ) 
4 265 272 (-253 384 -105 ) (-312 384 -105 ) (-312 448 -105 ) (-253 448 -105 ) 
4 266 313 (-188 384 -117 ) (0 384 -117 ) (0 384 -105 ) (-188 384 -105 ) 
4 266 273 (0 384 -117 ) (-212 384 -117 ) (-212 448 -117 ) (0 448 -117 ) 
4 266 268 (-212 448 -117 ) (-212 384 -117 ) (-212 384 -116 ) (-212 448 -116 ) 
4 266 267 (-212 384 -116 ) (-212 384 -105 ) (-212 448 -105 ) (-212 448 -116 ) 
4 267 269 (-228 384 -116 ) (-228 384 -105 ) (-228 448 -105 ) (-228 448 -116 ) 
4 267 268 (-228 384 -116 ) (-228 448 -116 ) (-212 448 -116 ) (-212 384 -116 ) 
4 268 274 (-212 384 -117 ) (-213 384 -117 ) (-213 448 -117 ) (-212 448 -117 ) 
4 268 276 (-213 384 -117 ) (-228 384 -117 ) (-228 448 -117 ) (-213 448 -117 ) 
4 268 269 (-228 448 -117 ) (-228 384 -117 ) (-228 384 -116 ) (-228 448 -116 ) 
4 269 276 (-228 384 -117 ) (-232 384 -117 ) (-232 448 -117 ) (-228 448 -117 ) 
4 269 271 (-232 448 -117 ) (-232 384 -117 ) (-232 384 -108 ) (-232 448 -108 ) 
4 269 270 (-232 384 -108 ) (-232 384 -105 ) (-232 448 -105 ) (-232 448 -108 ) 
4 270 272 (-233 384 -108 ) (-233 384 -105 ) (-233 448 -105 ) (-233 448 -108 ) 
4 270 271 (-233 384 -108 ) (-233 448 -108 ) (-232 448 -108 ) (-232 384 -108 ) 
4 271 276 (-232 384 -117 ) (-233 384 -117 ) (-233 448 -117 ) (-232 448 -117 ) 
4 271 272 (-233 448 -117 ) (-233 384 -117 ) (-233 384 -108 ) (-233 448 -108 ) 
4 272 296 (-312 448 -105 ) (-312 448 -117 ) (-312 384 -117 ) (-312 384 -105 ) 
4 272 276 (-233 384 -117 ) (-312 384 -117 ) (-312 448 -117 ) (-233 448 -117 ) 
4 273 313 (-188 384 -128 ) (0 384 -128 ) (0 384 -117 ) (-188 384 -117 ) 
4 273 275 (-212 448 -128 ) (-212 384 -128 ) (-212 384 -120 ) (-212 448 -120 ) 
4 273 274 (-212 384 -120 ) (-212 384 -117 ) (-212 448 -117 ) (-212 448 -120 ) 
4 274 276 (-213 384 -120 ) (-213 384 -117 ) (-213 448 -117 ) (-213 448 -120 ) 
4 274 275 (-213 384 -120 ) (-213 448 -120 ) (-212 448 -120 ) (-212 384 -120 ) 
4 275 276 (-213 448 -128 ) (-213 384 -128 ) (-213 384 -120 ) (-213 448 -120 ) 
4 276 296 (-312 448 -117 ) (-312 448 -128 ) (-312 384 -128 ) (-312 384 -117 ) 
4 277 319 (-312 384 -132 ) (-312 384 -256.052002 ) (0 384 -256.052002 ) (0 384 -132 ) 
4 277 297 (-312 448 -132 ) (-312 448 -256.052002 ) (-312 384 -256.052002 ) (-312 384 -132 ) 
4 278 290 (-332 448 -45 ) (-328 448 -45 ) (-328 384 -45 ) (-332 384 -45 ) 
4 278 288 (-328 448 -45 ) (-312 448 -45 ) (-312 384 -45 ) (-328 384 -45 ) 
4 278 280 (-332 448 -44 ) (-332 448 -45 ) (-332 384 -45 ) (-332 384 -44 ) 
4 278 279 (-332 448 -4 ) (-332 448 -44 ) (-332 384 -44 ) (-332 384 -4 ) 
4 279 281 (-348 448 -4 ) (-348 448 -44 ) (-348 384 -44 ) (-348 384 -4 ) 
4 279 280 (-348 384 -44 ) (-348 448 -44 ) (-332 448 -44 ) (-332 384 -44 ) 
4 280 291 (-333 448 -45 ) (-332 448 -45 ) (-332 384 -45 ) (-333 384 -45 ) 
4 280 293 (-348 448 -45 ) (-333 448 -45 ) (-333 384 -45 ) (-348 384 -45 ) 
4 280 281 (-348 448 -44 ) (-348 448 -45 ) (-348 384 -45 ) (-348 384 -44 ) 
4 281 293 (-352 448 -45 ) (-348 448 -45 ) (-348 384 -45 ) (-352 384 -45 ) 
4 281 286 (-352 448 -36 ) (-352 448 -45 ) (-352 384 -45 ) (-352 384 -36 ) 
4 281 285 (-352 448 -33 ) (-352 448 -36 ) (-352 384 -36 ) (-352 384 -33 ) 
4 281 283 (-352 448 -32 ) (-352 448 -33 ) (-352 384 -33 ) (-352 384 -32 ) 
4 281 282 (-352 448 -4 ) (-352 448 -32 ) (-352 384 -32 ) (-352 384 -4 ) 
4 282 284 (-368 448 -4 ) (-368 448 -32 ) (-368 384 -32 ) (-368 384 -4 ) 
4 282 283 (-368 384 -32 ) (-368 448 -32 ) (-352 448 -32 ) (-352 384 -32 ) 
4 283 285 (-353 448 -33 ) (-352 448 -33 ) (-352 384 -33 ) (-353 384 -33 ) 
4 283 287 (-368 448 -33 ) (-353 448 -33 ) (-353 384 -33 ) (-368 384 -33 ) 
4 283 284 (-368 448 -32 ) (-368 448 -33 ) (-368 384 -33 ) (-368 384 -32 ) 
4 284 302 (-372 448 -24 ) (-372 448 -33 ) (-372 384 -33 ) (-372 384 -24 ) 
4 284 301 (-372 448 -21 ) (-372 448 -24 ) (-372 384 -24 ) (-372 384 -21 ) 
4 284 299 (-372 448 -20 ) (-372 448 -21 ) (-372 384 -21 ) (-372 384 -20 ) 
4 284 298 (-372 448 -4 ) (-372 448 -20 ) (-372 384 -20 ) (-372 384 -4 ) 
4 284 287 (-372 384 -33 ) (-372 448 -33 ) (-368 448 -33 ) (-368 384 -33 ) 
4 285 287 (-353 384 -36 ) (-353 384 -33 ) (-353 448 -33 ) (-353 448 -36 ) 
4 285 286 (-353 384 -36 ) (-353 448 -36 ) (-352 448 -36 ) (-352 384 -36 ) 
4 286 293 (-353 448 -45 ) (-352 448 -45 ) (-352 384 -45 ) (-353 384 -45 ) 
4 286 287 (-353 448 -45 ) (-353 384 -45 ) (-353 384 -36 ) (-353 448 -36 ) 
4 287 302 (-372 448 -33 ) (-372 448 -45 ) (-372 384 -45 ) (-372 384 -33 ) 
4 287 293 (-372 384 -45 ) (-372 448 -45 ) (-353 448 -45 ) (-353 384 -45 ) 
4 288 290 (-328 384 -56 ) (-328 384 -45 ) (-328 448 -45 ) (-328 448 -56 ) 
4 288 289 (-328 384 -56 ) (-328 448 -56 ) (-312 448 -56 ) (-312 384 -56 ) 
4 289 295 (-328 448 -57 ) (-313 448 -57 ) (-313 384 -57 ) (-328 384 -57 ) 
4 289 294 (-313 448 -57 ) (-312 448 -57 ) (-312 384 -57 ) (-313 384 -57 ) 
4 289 290 (-328 448 -57 ) (-328 384 -57 ) (-328 384 -56 ) (-328 448 -56 ) 
4 290 295 (-332 448 -57 ) (-328 448 -57 ) (-328 384 -57 ) (-332 384 -57 ) 
4 290 292 (-332 448 -57 ) (-332 384 -57 ) (-332 384 -48 ) (-332 448 -48 ) 
4 290 291 (-332 384 -48 ) (-332 384 -45 ) (-332 448 -45 ) (-332 448 -48 ) 
4 291 293 (-333 384 -48 ) (-333 384 -45 ) (-333 448 -45 ) (-333 448 -48 ) 
4 291 292 (-333 384 -48 ) (-333 448 -48 ) (-332 448 -48 ) (-332 384 -48 ) 
4 292 295 (-333 448 -57 ) (-332 448 -57 ) (-332 384 -57 ) (-333 384 -57 ) 
4 292 293 (-333 448 -57 ) (-333 384 -57 ) (-333 384 -48 ) (-333 448 -48 ) 
4 293 302 (-372 448 -45 ) (-372 448 -57 ) (-372 384 -57 ) (-372 384 -45 ) 
4 293 295 (-372 384 -57 ) (-372 448 -57 ) (-333 448 -57 ) (-333 384 -57 ) 
4 294 296 (-313 448 -60 ) (-312 448 -60 ) (-312 384 -60 ) (-313 384 -60 ) 
4 294 295 (-313 448 -60 ) (-313 384 -60 ) (-313 384 -57 ) (-313 448 -57 ) 
4 295 302 (-372 448 -57 ) (-372 448 -60 ) (-372 384 -60 ) (-372 384 -57 ) 
4 295 296 (-372 384 -60 ) (-372 448 -60 ) (-313 448 -60 ) (-313 384 -60 ) 
4 296 302 (-372 448 -60 ) (-372 448 -128 ) (-372 384 -128 ) (-372 384 -60 ) 
4 297 319 (-372 384 -132 ) (-372 384 -256.052002 ) (-312 384 -256.052002 ) (-312 384 -132 ) 
4 297 311 (-372 448 -132 ) (-372 448 -256.052002 ) (-372 384 -256.052002 ) (-372 384 -132 ) 
4 298 300 (-388 448 -4 ) (-388 448 -20 ) (-388 384 -20 ) (-388 384 -4 ) 
4 298 299 (-388 384 -20 ) (-388 448 -20 ) (-372 448 -20 ) (-372 384 -20 ) 
4 299 301 (-373 448 -21 ) (-372 448 -21 ) (-372 384 -21 ) (-373 384 -21 ) 
4 299 303 (-388 448 -21 ) (-373 448 -21 ) (-373 384 -21 ) (-388 384 -21 ) 
4 299 300 (-388 448 -20 ) (-388 448 -21 ) (-388 384 -21 ) (-388 384 -20 ) 
4 300 308 (-392 448 -12 ) (-392 448 -21 ) (-392 384 -21 ) (-392 384 -12 ) 
4 300 307 (-392 448 -9 ) (-392 448 -12 ) (-392 384 -12 ) (-392 384 -9 ) 
4 300 305 (-392 448 -8 ) (-392 448 -9 ) (-392 384 -9 ) (-392 384 -8 ) 
4 300 304 (-392 448 -4 ) (-392 448 -8 ) (-392 384 -8 ) (-392 384 -4 ) 
4 300 303 (-392 384 -21 ) (-392 448 -21 ) (-388 448 -21 ) (-388 384 -21 ) 
4 301 303 (-373 384 -24 ) (-373 384 -21 ) (-373 448 -21 ) (-373 448 -24 ) 
4 301 302 (-373 384 -24 ) (-373 448 -24 ) (-372 448 -24 ) (-372 384 -24 ) 
4 302 303 (-373 448 -128 ) (-373 384 -128 ) (-373 384 -24 ) (-373 448 -24 ) 
4 303 308 (-392 448 -21 ) (-392 448 -128 ) (-392 384 -128 ) (-392 384 -21 ) 
4 304 306 (-408 448 -4 ) (-408 448 -8 ) (-408 384 -8 ) (-408 384 -4 ) 
4 304 305 (-408 384 -8 ) (-408 448 -8 ) (-392 448 -8 ) (-392 384 -8 ) 
4 305 307 (-393 448 -9 ) (-392 448 -9 ) (-392 384 -9 ) (-393 384 -9 ) 
4 305 309 (-408 448 -9 ) (-393 448 -9 ) (-393 384 -9 ) (-408 384 -9 ) 
4 305 306 (-408 448 -8 ) (-408 448 -9 ) (-408 384 -9 ) (-408 384 -8 ) 
4 306 309 (-448 384 -9 ) (-448 448 -9 ) (-408 448 -9 ) (-408 384 -9 ) 
4 307 309 (-393 384 -12 ) (-393 384 -9 ) (-393 448 -9 ) (-393 448 -12 ) 
4 307 308 (-393 384 -12 ) (-393 448 -12 ) (-392 448 -12 ) (-392 384 -12 ) 
4 308 309 (-393 448 -128 ) (-393 384 -128 ) (-393 384 -12 ) (-393 448 -12 ) 
4 310 318 (-456 384 -4 ) (-832 384 -4 ) (-832 384 -128 ) (-456 384 -128 ) 
4 310 312 (-832 448 -128 ) (-512 448 -128 ) (-512 384 -128 ) (-832 384 -128 ) 
4 311 319 (-512 384 -256.052002 ) (-372 384 -256.052002 ) (-372 384 -132 ) (-512 384 -132 ) 
4 311 312 (-512 448 -256.052002 ) (-512 384 -256.052002 ) (-512 384 -132 ) (-512 448 -132 ) 
4 312 321 (-832 384 -256.052002 ) (-512 384 -256.052002 ) (-512 384 -128 ) (-832 384 -128 ) 
4 314 322 (0 0 -128 ) (0 0 -4 ) (-188 0 -4 ) (-188 0 -128 ) 
4 314 320 (0 0 -128 ) (-188 0 -128 ) (-188 164 -128 ) (0 164 -128 ) 
4 314 315 (-188 192 -128 ) (-188 0 -128 ) (-188 0 -4 ) (-188 192 -4 ) 
4 315 322 (-188 0 -4 ) (-192 0 -4 ) (-192 0 -128 ) (-188 0 -128 ) 
4 315 320 (-188 0 -128 ) (-192 0 -128 ) (-192 164 -128 ) (-188 164 -128 ) 
4 315 316 (-192 192 -128 ) (-192 0 -128 ) (-192 0 -4 ) (-192 192 -4 ) 
4 316 322 (-192 0 -4 ) (-212 0 -4 ) (-212 0 -128 ) (-192 0 -128 ) 
4 316 320 (-192 0 -128 ) (-212 0 -128 ) (-212 164 -128 ) (-192 164 -128 ) 
4 316 317 (-212 376 -128 ) (-212 0 -128 ) (-212 0 -4 ) (-212 376 -4 ) 
4 317 322 (-212 0 -4 ) (-456 0 -4 ) (-456 0 -128 ) (-212 0 -128 ) 
4 317 320 (-212 0 -128 ) (-456 0 -128 ) (-456 164 -128 ) (-212 164 -128 ) 
4 317 318 (-456 376 -128 ) (-456 0 -128 ) (-456 0 -4 ) (-456 376 -4 ) 
4 318 322 (-456 0 -4 ) (-832 0 -4 ) (-832 0 -128 ) (-456 0 -128 ) 
4 318 321 (-512 0 -128 ) (-832 0 -128 ) (-832 384 -128 ) (-512 384 -128 ) 
4 318 320 (-456 0 -128 ) (-512 0 -128 ) (-512 164 -128 ) (-456 164 -128 ) 
4 319 321 (-512 384 -256.052002 ) (-512 164 -256.052002 ) (-512 164 -132 ) (-512 384 -132 ) 
4 319 320 (-512 164 -132 ) (-512 164 -256.052002 ) (0 164 -256.052002 ) (0 164 -132 ) 
4 320 322 (0 0 -256.052002 ) (0 0 -128 ) (-512 0 -128 ) (-512 0 -256.052002 ) 
4 320 321 (-512 164 -256.052002 ) (-512 0 -256.052002 ) (-512 0 -128 ) (-512 164 -128 ) 
4 321 322 (-512 0 -128 ) (-832 0 -128 ) (-832 0 -256.052002 ) (-512 0 -256.052002 ) 
